[2024-04-03 14:59:50,127][main_training_parallel.py][line:157][INFO] start training!
[2024-04-03 15:00:27,188][main_training_parallel.py][line:161][INFO] Epoch:[0/300]	 loss=1718.26423	 acc=15.928
[2024-04-03 15:00:33,518][main_training_parallel.py][line:164][INFO] Epoch:[0/300]	 Test acc=25.180
[2024-04-03 15:00:33,827][main_training_parallel.py][line:170][INFO] Best Test acc=25.180
[2024-04-03 15:01:10,129][main_training_parallel.py][line:161][INFO] Epoch:[1/300]	 loss=1511.34920	 acc=26.384
[2024-04-03 15:01:15,676][main_training_parallel.py][line:164][INFO] Epoch:[1/300]	 Test acc=35.370
[2024-04-03 15:01:15,867][main_training_parallel.py][line:170][INFO] Best Test acc=35.370
[2024-04-03 15:01:51,398][main_training_parallel.py][line:161][INFO] Epoch:[2/300]	 loss=1406.50609	 acc=32.338
[2024-04-03 15:01:57,372][main_training_parallel.py][line:164][INFO] Epoch:[2/300]	 Test acc=42.130
[2024-04-03 15:01:57,613][main_training_parallel.py][line:170][INFO] Best Test acc=42.130
[2024-04-03 15:02:34,864][main_training_parallel.py][line:161][INFO] Epoch:[3/300]	 loss=1283.75060	 acc=39.514
[2024-04-03 15:02:40,820][main_training_parallel.py][line:164][INFO] Epoch:[3/300]	 Test acc=51.950
[2024-04-03 15:02:41,114][main_training_parallel.py][line:170][INFO] Best Test acc=51.950
[2024-04-03 15:03:18,006][main_training_parallel.py][line:161][INFO] Epoch:[4/300]	 loss=1181.15342	 acc=44.998
[2024-04-03 15:03:24,727][main_training_parallel.py][line:164][INFO] Epoch:[4/300]	 Test acc=53.750
[2024-04-03 15:03:25,015][main_training_parallel.py][line:170][INFO] Best Test acc=53.750
[2024-04-03 15:04:01,653][main_training_parallel.py][line:161][INFO] Epoch:[5/300]	 loss=1105.09100	 acc=48.964
[2024-04-03 15:04:08,552][main_training_parallel.py][line:164][INFO] Epoch:[5/300]	 Test acc=61.030
[2024-04-03 15:04:08,855][main_training_parallel.py][line:170][INFO] Best Test acc=61.030
[2024-04-03 15:04:46,207][main_training_parallel.py][line:161][INFO] Epoch:[6/300]	 loss=1045.79070	 acc=51.872
[2024-04-03 15:04:53,002][main_training_parallel.py][line:164][INFO] Epoch:[6/300]	 Test acc=62.100
[2024-04-03 15:04:53,286][main_training_parallel.py][line:170][INFO] Best Test acc=62.100
[2024-04-03 15:05:30,509][main_training_parallel.py][line:161][INFO] Epoch:[7/300]	 loss=1005.76676	 acc=54.280
[2024-04-03 15:05:37,161][main_training_parallel.py][line:164][INFO] Epoch:[7/300]	 Test acc=68.480
[2024-04-03 15:05:37,450][main_training_parallel.py][line:170][INFO] Best Test acc=68.480
[2024-04-03 15:06:14,283][main_training_parallel.py][line:161][INFO] Epoch:[8/300]	 loss=959.78598	 acc=56.074
[2024-04-03 15:06:21,127][main_training_parallel.py][line:164][INFO] Epoch:[8/300]	 Test acc=67.950
[2024-04-03 15:06:21,127][main_training_parallel.py][line:170][INFO] Best Test acc=68.480
[2024-04-03 15:06:58,281][main_training_parallel.py][line:161][INFO] Epoch:[9/300]	 loss=919.58386	 acc=58.196
[2024-04-03 15:07:04,392][main_training_parallel.py][line:164][INFO] Epoch:[9/300]	 Test acc=71.250
[2024-04-03 15:07:04,678][main_training_parallel.py][line:170][INFO] Best Test acc=71.250
[2024-04-03 15:07:42,069][main_training_parallel.py][line:161][INFO] Epoch:[10/300]	 loss=879.47190	 acc=60.156
[2024-04-03 15:07:48,949][main_training_parallel.py][line:164][INFO] Epoch:[10/300]	 Test acc=65.570
[2024-04-03 15:07:48,949][main_training_parallel.py][line:170][INFO] Best Test acc=71.250
[2024-04-03 15:08:25,979][main_training_parallel.py][line:161][INFO] Epoch:[11/300]	 loss=851.77677	 acc=61.634
[2024-04-03 15:08:32,758][main_training_parallel.py][line:164][INFO] Epoch:[11/300]	 Test acc=74.410
[2024-04-03 15:08:33,052][main_training_parallel.py][line:170][INFO] Best Test acc=74.410
[2024-04-03 15:09:09,910][main_training_parallel.py][line:161][INFO] Epoch:[12/300]	 loss=833.16955	 acc=62.404
[2024-04-03 15:09:16,724][main_training_parallel.py][line:164][INFO] Epoch:[12/300]	 Test acc=76.620
[2024-04-03 15:09:17,011][main_training_parallel.py][line:170][INFO] Best Test acc=76.620
[2024-04-03 15:09:53,760][main_training_parallel.py][line:161][INFO] Epoch:[13/300]	 loss=810.99536	 acc=63.772
[2024-04-03 15:09:59,399][main_training_parallel.py][line:164][INFO] Epoch:[13/300]	 Test acc=75.440
[2024-04-03 15:09:59,399][main_training_parallel.py][line:170][INFO] Best Test acc=76.620
[2024-04-03 15:10:35,165][main_training_parallel.py][line:161][INFO] Epoch:[14/300]	 loss=796.48866	 acc=64.134
[2024-04-03 15:10:41,951][main_training_parallel.py][line:164][INFO] Epoch:[14/300]	 Test acc=73.040
[2024-04-03 15:10:41,952][main_training_parallel.py][line:170][INFO] Best Test acc=76.620
[2024-04-03 15:11:18,873][main_training_parallel.py][line:161][INFO] Epoch:[15/300]	 loss=774.22769	 acc=65.214
[2024-04-03 15:11:25,652][main_training_parallel.py][line:164][INFO] Epoch:[15/300]	 Test acc=76.440
[2024-04-03 15:11:25,652][main_training_parallel.py][line:170][INFO] Best Test acc=76.620
[2024-04-03 15:12:02,458][main_training_parallel.py][line:161][INFO] Epoch:[16/300]	 loss=765.61266	 acc=65.710
[2024-04-03 15:12:09,531][main_training_parallel.py][line:164][INFO] Epoch:[16/300]	 Test acc=77.930
[2024-04-03 15:12:09,815][main_training_parallel.py][line:170][INFO] Best Test acc=77.930
[2024-04-03 15:12:46,895][main_training_parallel.py][line:161][INFO] Epoch:[17/300]	 loss=746.74794	 acc=66.374
[2024-04-03 15:12:53,686][main_training_parallel.py][line:164][INFO] Epoch:[17/300]	 Test acc=78.050
[2024-04-03 15:12:53,976][main_training_parallel.py][line:170][INFO] Best Test acc=78.050
[2024-04-03 15:13:31,344][main_training_parallel.py][line:161][INFO] Epoch:[18/300]	 loss=733.83116	 acc=67.038
[2024-04-03 15:13:37,738][main_training_parallel.py][line:164][INFO] Epoch:[18/300]	 Test acc=78.280
[2024-04-03 15:13:37,939][main_training_parallel.py][line:170][INFO] Best Test acc=78.280
[2024-04-03 15:14:14,738][main_training_parallel.py][line:161][INFO] Epoch:[19/300]	 loss=737.45858	 acc=66.992
[2024-04-03 15:14:21,668][main_training_parallel.py][line:164][INFO] Epoch:[19/300]	 Test acc=79.400
[2024-04-03 15:14:21,964][main_training_parallel.py][line:170][INFO] Best Test acc=79.400
[2024-04-03 15:14:59,246][main_training_parallel.py][line:161][INFO] Epoch:[20/300]	 loss=721.77024	 acc=67.740
[2024-04-03 15:15:05,961][main_training_parallel.py][line:164][INFO] Epoch:[20/300]	 Test acc=77.750
[2024-04-03 15:15:05,962][main_training_parallel.py][line:170][INFO] Best Test acc=79.400
[2024-04-03 15:15:43,442][main_training_parallel.py][line:161][INFO] Epoch:[21/300]	 loss=719.91479	 acc=67.878
[2024-04-03 15:15:50,242][main_training_parallel.py][line:164][INFO] Epoch:[21/300]	 Test acc=79.940
[2024-04-03 15:15:50,442][main_training_parallel.py][line:170][INFO] Best Test acc=79.940
[2024-04-03 15:16:27,511][main_training_parallel.py][line:161][INFO] Epoch:[22/300]	 loss=704.67241	 acc=68.542
[2024-04-03 15:16:34,183][main_training_parallel.py][line:164][INFO] Epoch:[22/300]	 Test acc=81.250
[2024-04-03 15:16:34,377][main_training_parallel.py][line:170][INFO] Best Test acc=81.250
[2024-04-03 15:17:11,414][main_training_parallel.py][line:161][INFO] Epoch:[23/300]	 loss=706.54155	 acc=68.516
[2024-04-03 15:17:18,286][main_training_parallel.py][line:164][INFO] Epoch:[23/300]	 Test acc=82.240
[2024-04-03 15:17:18,575][main_training_parallel.py][line:170][INFO] Best Test acc=82.240
[2024-04-03 15:17:56,005][main_training_parallel.py][line:161][INFO] Epoch:[24/300]	 loss=690.82189	 acc=69.030
[2024-04-03 15:18:03,090][main_training_parallel.py][line:164][INFO] Epoch:[24/300]	 Test acc=81.560
[2024-04-03 15:18:03,090][main_training_parallel.py][line:170][INFO] Best Test acc=82.240
[2024-04-03 15:18:40,074][main_training_parallel.py][line:161][INFO] Epoch:[25/300]	 loss=689.83893	 acc=68.960
[2024-04-03 15:18:47,057][main_training_parallel.py][line:164][INFO] Epoch:[25/300]	 Test acc=82.210
[2024-04-03 15:18:47,058][main_training_parallel.py][line:170][INFO] Best Test acc=82.240
[2024-04-03 15:19:23,780][main_training_parallel.py][line:161][INFO] Epoch:[26/300]	 loss=677.92493	 acc=69.624
[2024-04-03 15:19:30,351][main_training_parallel.py][line:164][INFO] Epoch:[26/300]	 Test acc=78.740
[2024-04-03 15:19:30,351][main_training_parallel.py][line:170][INFO] Best Test acc=82.240
[2024-04-03 15:20:07,202][main_training_parallel.py][line:161][INFO] Epoch:[27/300]	 loss=680.70595	 acc=69.484
[2024-04-03 15:20:13,955][main_training_parallel.py][line:164][INFO] Epoch:[27/300]	 Test acc=80.350
[2024-04-03 15:20:13,956][main_training_parallel.py][line:170][INFO] Best Test acc=82.240
[2024-04-03 15:20:50,698][main_training_parallel.py][line:161][INFO] Epoch:[28/300]	 loss=670.30953	 acc=70.110
[2024-04-03 15:20:57,497][main_training_parallel.py][line:164][INFO] Epoch:[28/300]	 Test acc=82.590
[2024-04-03 15:20:57,784][main_training_parallel.py][line:170][INFO] Best Test acc=82.590
[2024-04-03 15:21:35,212][main_training_parallel.py][line:161][INFO] Epoch:[29/300]	 loss=664.50203	 acc=70.246
[2024-04-03 15:21:41,901][main_training_parallel.py][line:164][INFO] Epoch:[29/300]	 Test acc=82.390
[2024-04-03 15:21:41,902][main_training_parallel.py][line:170][INFO] Best Test acc=82.590
[2024-04-03 15:22:18,600][main_training_parallel.py][line:161][INFO] Epoch:[30/300]	 loss=660.49896	 acc=70.652
[2024-04-03 15:22:25,516][main_training_parallel.py][line:164][INFO] Epoch:[30/300]	 Test acc=82.880
[2024-04-03 15:22:25,805][main_training_parallel.py][line:170][INFO] Best Test acc=82.880
[2024-04-03 15:23:02,578][main_training_parallel.py][line:161][INFO] Epoch:[31/300]	 loss=651.02407	 acc=70.788
[2024-04-03 15:23:09,318][main_training_parallel.py][line:164][INFO] Epoch:[31/300]	 Test acc=81.860
[2024-04-03 15:23:09,319][main_training_parallel.py][line:170][INFO] Best Test acc=82.880
[2024-04-03 15:23:46,560][main_training_parallel.py][line:161][INFO] Epoch:[32/300]	 loss=650.72778	 acc=70.870
[2024-04-03 15:23:53,243][main_training_parallel.py][line:164][INFO] Epoch:[32/300]	 Test acc=82.850
[2024-04-03 15:23:53,243][main_training_parallel.py][line:170][INFO] Best Test acc=82.880
[2024-04-03 15:24:30,351][main_training_parallel.py][line:161][INFO] Epoch:[33/300]	 loss=649.72859	 acc=70.906
[2024-04-03 15:24:37,203][main_training_parallel.py][line:164][INFO] Epoch:[33/300]	 Test acc=79.240
[2024-04-03 15:24:37,203][main_training_parallel.py][line:170][INFO] Best Test acc=82.880
[2024-04-03 15:25:14,302][main_training_parallel.py][line:161][INFO] Epoch:[34/300]	 loss=644.12357	 acc=71.360
[2024-04-03 15:25:20,937][main_training_parallel.py][line:164][INFO] Epoch:[34/300]	 Test acc=83.100
[2024-04-03 15:25:21,141][main_training_parallel.py][line:170][INFO] Best Test acc=83.100
[2024-04-03 15:25:58,043][main_training_parallel.py][line:161][INFO] Epoch:[35/300]	 loss=645.93526	 acc=71.166
[2024-04-03 15:26:04,748][main_training_parallel.py][line:164][INFO] Epoch:[35/300]	 Test acc=83.430
[2024-04-03 15:26:05,027][main_training_parallel.py][line:170][INFO] Best Test acc=83.430
[2024-04-03 15:26:42,081][main_training_parallel.py][line:161][INFO] Epoch:[36/300]	 loss=640.02339	 acc=71.386
[2024-04-03 15:26:48,961][main_training_parallel.py][line:164][INFO] Epoch:[36/300]	 Test acc=82.810
[2024-04-03 15:26:48,961][main_training_parallel.py][line:170][INFO] Best Test acc=83.430
[2024-04-03 15:27:26,114][main_training_parallel.py][line:161][INFO] Epoch:[37/300]	 loss=635.16320	 acc=71.660
[2024-04-03 15:27:32,857][main_training_parallel.py][line:164][INFO] Epoch:[37/300]	 Test acc=82.960
[2024-04-03 15:27:32,858][main_training_parallel.py][line:170][INFO] Best Test acc=83.430
[2024-04-03 15:28:08,567][main_training_parallel.py][line:161][INFO] Epoch:[38/300]	 loss=628.04928	 acc=72.034
[2024-04-03 15:28:15,315][main_training_parallel.py][line:164][INFO] Epoch:[38/300]	 Test acc=82.160
[2024-04-03 15:28:15,315][main_training_parallel.py][line:170][INFO] Best Test acc=83.430
[2024-04-03 15:28:52,767][main_training_parallel.py][line:161][INFO] Epoch:[39/300]	 loss=627.50231	 acc=71.924
[2024-04-03 15:28:59,163][main_training_parallel.py][line:164][INFO] Epoch:[39/300]	 Test acc=83.510
[2024-04-03 15:28:59,368][main_training_parallel.py][line:170][INFO] Best Test acc=83.510
[2024-04-03 15:29:36,104][main_training_parallel.py][line:161][INFO] Epoch:[40/300]	 loss=624.96437	 acc=71.990
[2024-04-03 15:29:42,824][main_training_parallel.py][line:164][INFO] Epoch:[40/300]	 Test acc=84.160
[2024-04-03 15:29:43,101][main_training_parallel.py][line:170][INFO] Best Test acc=84.160
[2024-04-03 15:30:20,363][main_training_parallel.py][line:161][INFO] Epoch:[41/300]	 loss=623.10414	 acc=72.380
[2024-04-03 15:30:26,206][main_training_parallel.py][line:164][INFO] Epoch:[41/300]	 Test acc=84.040
[2024-04-03 15:30:26,206][main_training_parallel.py][line:170][INFO] Best Test acc=84.160
[2024-04-03 15:31:03,604][main_training_parallel.py][line:161][INFO] Epoch:[42/300]	 loss=617.54063	 acc=72.568
[2024-04-03 15:31:10,320][main_training_parallel.py][line:164][INFO] Epoch:[42/300]	 Test acc=83.460
[2024-04-03 15:31:10,321][main_training_parallel.py][line:170][INFO] Best Test acc=84.160
[2024-04-03 15:31:46,538][main_training_parallel.py][line:161][INFO] Epoch:[43/300]	 loss=618.23016	 acc=72.440
[2024-04-03 15:31:53,278][main_training_parallel.py][line:164][INFO] Epoch:[43/300]	 Test acc=84.550
[2024-04-03 15:31:53,562][main_training_parallel.py][line:170][INFO] Best Test acc=84.550
[2024-04-03 15:32:30,229][main_training_parallel.py][line:161][INFO] Epoch:[44/300]	 loss=613.35236	 acc=72.580
[2024-04-03 15:32:36,177][main_training_parallel.py][line:164][INFO] Epoch:[44/300]	 Test acc=83.860
[2024-04-03 15:32:36,177][main_training_parallel.py][line:170][INFO] Best Test acc=84.550
[2024-04-03 15:33:11,221][main_training_parallel.py][line:161][INFO] Epoch:[45/300]	 loss=613.55745	 acc=72.604
[2024-04-03 15:33:17,341][main_training_parallel.py][line:164][INFO] Epoch:[45/300]	 Test acc=84.860
[2024-04-03 15:33:17,638][main_training_parallel.py][line:170][INFO] Best Test acc=84.860
[2024-04-03 15:33:53,760][main_training_parallel.py][line:161][INFO] Epoch:[46/300]	 loss=614.68149	 acc=72.396
[2024-04-03 15:33:58,864][main_training_parallel.py][line:164][INFO] Epoch:[46/300]	 Test acc=83.300
[2024-04-03 15:33:58,865][main_training_parallel.py][line:170][INFO] Best Test acc=84.860
[2024-04-03 15:34:34,992][main_training_parallel.py][line:161][INFO] Epoch:[47/300]	 loss=606.52874	 acc=72.886
[2024-04-03 15:34:39,641][main_training_parallel.py][line:164][INFO] Epoch:[47/300]	 Test acc=85.020
[2024-04-03 15:34:39,819][main_training_parallel.py][line:170][INFO] Best Test acc=85.020
[2024-04-03 15:35:15,241][main_training_parallel.py][line:161][INFO] Epoch:[48/300]	 loss=606.74594	 acc=72.768
[2024-04-03 15:35:21,013][main_training_parallel.py][line:164][INFO] Epoch:[48/300]	 Test acc=84.330
[2024-04-03 15:35:21,013][main_training_parallel.py][line:170][INFO] Best Test acc=85.020
[2024-04-03 15:35:56,992][main_training_parallel.py][line:161][INFO] Epoch:[49/300]	 loss=598.17469	 acc=73.316
[2024-04-03 15:36:02,687][main_training_parallel.py][line:164][INFO] Epoch:[49/300]	 Test acc=84.640
[2024-04-03 15:36:02,688][main_training_parallel.py][line:170][INFO] Best Test acc=85.020
[2024-04-03 15:36:38,147][main_training_parallel.py][line:161][INFO] Epoch:[50/300]	 loss=601.64988	 acc=73.260
[2024-04-03 15:36:43,464][main_training_parallel.py][line:164][INFO] Epoch:[50/300]	 Test acc=85.120
[2024-04-03 15:36:43,662][main_training_parallel.py][line:170][INFO] Best Test acc=85.120
[2024-04-03 15:37:18,998][main_training_parallel.py][line:161][INFO] Epoch:[51/300]	 loss=597.32392	 acc=73.120
[2024-04-03 15:37:24,646][main_training_parallel.py][line:164][INFO] Epoch:[51/300]	 Test acc=84.330
[2024-04-03 15:37:24,647][main_training_parallel.py][line:170][INFO] Best Test acc=85.120
[2024-04-03 15:38:00,099][main_training_parallel.py][line:161][INFO] Epoch:[52/300]	 loss=603.38905	 acc=73.012
[2024-04-03 15:38:04,896][main_training_parallel.py][line:164][INFO] Epoch:[52/300]	 Test acc=85.110
[2024-04-03 15:38:04,897][main_training_parallel.py][line:170][INFO] Best Test acc=85.120
[2024-04-03 15:38:41,149][main_training_parallel.py][line:161][INFO] Epoch:[53/300]	 loss=601.24668	 acc=73.218
[2024-04-03 15:38:47,071][main_training_parallel.py][line:164][INFO] Epoch:[53/300]	 Test acc=84.980
[2024-04-03 15:38:47,072][main_training_parallel.py][line:170][INFO] Best Test acc=85.120
[2024-04-03 15:39:23,277][main_training_parallel.py][line:161][INFO] Epoch:[54/300]	 loss=591.72281	 acc=73.682
[2024-04-03 15:39:28,923][main_training_parallel.py][line:164][INFO] Epoch:[54/300]	 Test acc=85.290
[2024-04-03 15:39:29,211][main_training_parallel.py][line:170][INFO] Best Test acc=85.290
[2024-04-03 15:40:04,845][main_training_parallel.py][line:161][INFO] Epoch:[55/300]	 loss=584.94259	 acc=74.032
[2024-04-03 15:40:10,717][main_training_parallel.py][line:164][INFO] Epoch:[55/300]	 Test acc=85.580
[2024-04-03 15:40:11,005][main_training_parallel.py][line:170][INFO] Best Test acc=85.580
[2024-04-03 15:40:46,555][main_training_parallel.py][line:161][INFO] Epoch:[56/300]	 loss=592.85194	 acc=73.416
[2024-04-03 15:40:52,101][main_training_parallel.py][line:164][INFO] Epoch:[56/300]	 Test acc=85.280
[2024-04-03 15:40:52,101][main_training_parallel.py][line:170][INFO] Best Test acc=85.580
[2024-04-03 15:41:27,594][main_training_parallel.py][line:161][INFO] Epoch:[57/300]	 loss=585.34180	 acc=74.022
[2024-04-03 15:41:33,473][main_training_parallel.py][line:164][INFO] Epoch:[57/300]	 Test acc=85.390
[2024-04-03 15:41:33,474][main_training_parallel.py][line:170][INFO] Best Test acc=85.580
[2024-04-03 15:42:09,250][main_training_parallel.py][line:161][INFO] Epoch:[58/300]	 loss=581.70217	 acc=74.008
[2024-04-03 15:42:13,830][main_training_parallel.py][line:164][INFO] Epoch:[58/300]	 Test acc=84.930
[2024-04-03 15:42:13,831][main_training_parallel.py][line:170][INFO] Best Test acc=85.580
[2024-04-03 15:42:48,994][main_training_parallel.py][line:161][INFO] Epoch:[59/300]	 loss=585.95758	 acc=73.906
[2024-04-03 15:42:54,771][main_training_parallel.py][line:164][INFO] Epoch:[59/300]	 Test acc=85.470
[2024-04-03 15:42:54,772][main_training_parallel.py][line:170][INFO] Best Test acc=85.580
[2024-04-03 15:43:30,168][main_training_parallel.py][line:161][INFO] Epoch:[60/300]	 loss=582.88398	 acc=73.902
[2024-04-03 15:43:35,118][main_training_parallel.py][line:164][INFO] Epoch:[60/300]	 Test acc=86.300
[2024-04-03 15:43:35,310][main_training_parallel.py][line:170][INFO] Best Test acc=86.300
[2024-04-03 15:44:10,922][main_training_parallel.py][line:161][INFO] Epoch:[61/300]	 loss=574.78861	 acc=74.246
[2024-04-03 15:44:16,755][main_training_parallel.py][line:164][INFO] Epoch:[61/300]	 Test acc=85.840
[2024-04-03 15:44:16,755][main_training_parallel.py][line:170][INFO] Best Test acc=86.300
[2024-04-03 15:44:51,958][main_training_parallel.py][line:161][INFO] Epoch:[62/300]	 loss=579.62003	 acc=74.066
[2024-04-03 15:44:57,522][main_training_parallel.py][line:164][INFO] Epoch:[62/300]	 Test acc=85.930
[2024-04-03 15:44:57,523][main_training_parallel.py][line:170][INFO] Best Test acc=86.300
[2024-04-03 15:45:33,320][main_training_parallel.py][line:161][INFO] Epoch:[63/300]	 loss=575.90402	 acc=74.290
[2024-04-03 15:45:38,932][main_training_parallel.py][line:164][INFO] Epoch:[63/300]	 Test acc=85.830
[2024-04-03 15:45:38,932][main_training_parallel.py][line:170][INFO] Best Test acc=86.300
[2024-04-03 15:46:14,862][main_training_parallel.py][line:161][INFO] Epoch:[64/300]	 loss=574.41994	 acc=74.374
[2024-04-03 15:46:20,299][main_training_parallel.py][line:164][INFO] Epoch:[64/300]	 Test acc=85.690
[2024-04-03 15:46:20,299][main_training_parallel.py][line:170][INFO] Best Test acc=86.300
[2024-04-03 15:46:55,646][main_training_parallel.py][line:161][INFO] Epoch:[65/300]	 loss=567.86225	 acc=74.534
[2024-04-03 15:47:01,165][main_training_parallel.py][line:164][INFO] Epoch:[65/300]	 Test acc=85.450
[2024-04-03 15:47:01,166][main_training_parallel.py][line:170][INFO] Best Test acc=86.300
[2024-04-03 15:47:36,915][main_training_parallel.py][line:161][INFO] Epoch:[66/300]	 loss=573.76252	 acc=74.274
[2024-04-03 15:47:42,820][main_training_parallel.py][line:164][INFO] Epoch:[66/300]	 Test acc=84.610
[2024-04-03 15:47:42,820][main_training_parallel.py][line:170][INFO] Best Test acc=86.300
[2024-04-03 15:48:18,115][main_training_parallel.py][line:161][INFO] Epoch:[67/300]	 loss=567.39106	 acc=74.640
[2024-04-03 15:48:22,937][main_training_parallel.py][line:164][INFO] Epoch:[67/300]	 Test acc=85.940
[2024-04-03 15:48:22,937][main_training_parallel.py][line:170][INFO] Best Test acc=86.300
[2024-04-03 15:48:58,394][main_training_parallel.py][line:161][INFO] Epoch:[68/300]	 loss=569.56755	 acc=74.438
[2024-04-03 15:49:04,157][main_training_parallel.py][line:164][INFO] Epoch:[68/300]	 Test acc=86.210
[2024-04-03 15:49:04,158][main_training_parallel.py][line:170][INFO] Best Test acc=86.300
[2024-04-03 15:49:39,844][main_training_parallel.py][line:161][INFO] Epoch:[69/300]	 loss=561.82535	 acc=74.896
[2024-04-03 15:49:45,807][main_training_parallel.py][line:164][INFO] Epoch:[69/300]	 Test acc=85.330
[2024-04-03 15:49:45,807][main_training_parallel.py][line:170][INFO] Best Test acc=86.300
[2024-04-03 15:50:21,093][main_training_parallel.py][line:161][INFO] Epoch:[70/300]	 loss=563.87129	 acc=75.030
[2024-04-03 15:50:25,773][main_training_parallel.py][line:164][INFO] Epoch:[70/300]	 Test acc=86.150
[2024-04-03 15:50:25,774][main_training_parallel.py][line:170][INFO] Best Test acc=86.300
[2024-04-03 15:51:01,367][main_training_parallel.py][line:161][INFO] Epoch:[71/300]	 loss=560.24990	 acc=74.928
[2024-04-03 15:51:06,882][main_training_parallel.py][line:164][INFO] Epoch:[71/300]	 Test acc=86.050
[2024-04-03 15:51:06,883][main_training_parallel.py][line:170][INFO] Best Test acc=86.300
[2024-04-03 15:51:42,602][main_training_parallel.py][line:161][INFO] Epoch:[72/300]	 loss=566.94715	 acc=74.732
[2024-04-03 15:51:47,757][main_training_parallel.py][line:164][INFO] Epoch:[72/300]	 Test acc=86.090
[2024-04-03 15:51:47,758][main_training_parallel.py][line:170][INFO] Best Test acc=86.300
[2024-04-03 15:52:23,358][main_training_parallel.py][line:161][INFO] Epoch:[73/300]	 loss=559.10047	 acc=75.056
[2024-04-03 15:52:28,899][main_training_parallel.py][line:164][INFO] Epoch:[73/300]	 Test acc=85.890
[2024-04-03 15:52:28,900][main_training_parallel.py][line:170][INFO] Best Test acc=86.300
[2024-04-03 15:53:05,198][main_training_parallel.py][line:161][INFO] Epoch:[74/300]	 loss=564.99358	 acc=74.682
[2024-04-03 15:53:10,969][main_training_parallel.py][line:164][INFO] Epoch:[74/300]	 Test acc=85.290
[2024-04-03 15:53:10,969][main_training_parallel.py][line:170][INFO] Best Test acc=86.300
[2024-04-03 15:53:46,751][main_training_parallel.py][line:161][INFO] Epoch:[75/300]	 loss=560.10953	 acc=75.166
[2024-04-03 15:53:52,386][main_training_parallel.py][line:164][INFO] Epoch:[75/300]	 Test acc=86.860
[2024-04-03 15:53:52,677][main_training_parallel.py][line:170][INFO] Best Test acc=86.860
[2024-04-03 15:54:29,271][main_training_parallel.py][line:161][INFO] Epoch:[76/300]	 loss=554.92866	 acc=75.330
[2024-04-03 15:54:35,116][main_training_parallel.py][line:164][INFO] Epoch:[76/300]	 Test acc=85.800
[2024-04-03 15:54:35,120][main_training_parallel.py][line:170][INFO] Best Test acc=86.860
[2024-04-03 15:55:11,098][main_training_parallel.py][line:161][INFO] Epoch:[77/300]	 loss=559.21637	 acc=75.068
[2024-04-03 15:55:16,824][main_training_parallel.py][line:164][INFO] Epoch:[77/300]	 Test acc=86.550
[2024-04-03 15:55:16,825][main_training_parallel.py][line:170][INFO] Best Test acc=86.860
[2024-04-03 15:55:52,636][main_training_parallel.py][line:161][INFO] Epoch:[78/300]	 loss=558.17613	 acc=75.214
[2024-04-03 15:55:57,253][main_training_parallel.py][line:164][INFO] Epoch:[78/300]	 Test acc=86.390
[2024-04-03 15:55:57,253][main_training_parallel.py][line:170][INFO] Best Test acc=86.860
[2024-04-03 15:56:33,168][main_training_parallel.py][line:161][INFO] Epoch:[79/300]	 loss=552.86974	 acc=75.360
[2024-04-03 15:56:38,815][main_training_parallel.py][line:164][INFO] Epoch:[79/300]	 Test acc=85.780
[2024-04-03 15:56:38,816][main_training_parallel.py][line:170][INFO] Best Test acc=86.860
[2024-04-03 15:57:14,245][main_training_parallel.py][line:161][INFO] Epoch:[80/300]	 loss=559.23147	 acc=74.968
[2024-04-03 15:57:21,235][main_training_parallel.py][line:164][INFO] Epoch:[80/300]	 Test acc=85.900
[2024-04-03 15:57:21,236][main_training_parallel.py][line:170][INFO] Best Test acc=86.860
[2024-04-03 15:57:57,968][main_training_parallel.py][line:161][INFO] Epoch:[81/300]	 loss=558.97001	 acc=75.022
[2024-04-03 15:58:04,584][main_training_parallel.py][line:164][INFO] Epoch:[81/300]	 Test acc=86.530
[2024-04-03 15:58:04,585][main_training_parallel.py][line:170][INFO] Best Test acc=86.860
[2024-04-03 15:58:40,964][main_training_parallel.py][line:161][INFO] Epoch:[82/300]	 loss=550.83248	 acc=75.258
[2024-04-03 15:58:47,745][main_training_parallel.py][line:164][INFO] Epoch:[82/300]	 Test acc=86.210
[2024-04-03 15:58:47,745][main_training_parallel.py][line:170][INFO] Best Test acc=86.860
[2024-04-03 15:59:24,699][main_training_parallel.py][line:161][INFO] Epoch:[83/300]	 loss=553.66014	 acc=75.388
[2024-04-03 15:59:31,820][main_training_parallel.py][line:164][INFO] Epoch:[83/300]	 Test acc=86.750
[2024-04-03 15:59:31,820][main_training_parallel.py][line:170][INFO] Best Test acc=86.860
[2024-04-03 16:00:08,410][main_training_parallel.py][line:161][INFO] Epoch:[84/300]	 loss=551.14741	 acc=75.598
[2024-04-03 16:00:15,576][main_training_parallel.py][line:164][INFO] Epoch:[84/300]	 Test acc=86.400
[2024-04-03 16:00:15,577][main_training_parallel.py][line:170][INFO] Best Test acc=86.860
[2024-04-03 16:00:52,820][main_training_parallel.py][line:161][INFO] Epoch:[85/300]	 loss=553.20187	 acc=75.310
[2024-04-03 16:00:59,622][main_training_parallel.py][line:164][INFO] Epoch:[85/300]	 Test acc=85.310
[2024-04-03 16:00:59,622][main_training_parallel.py][line:170][INFO] Best Test acc=86.860
[2024-04-03 16:01:36,425][main_training_parallel.py][line:161][INFO] Epoch:[86/300]	 loss=560.75795	 acc=74.902
[2024-04-03 16:01:43,190][main_training_parallel.py][line:164][INFO] Epoch:[86/300]	 Test acc=86.180
[2024-04-03 16:01:43,190][main_training_parallel.py][line:170][INFO] Best Test acc=86.860
[2024-04-03 16:02:20,926][main_training_parallel.py][line:161][INFO] Epoch:[87/300]	 loss=548.57339	 acc=75.390
[2024-04-03 16:02:26,764][main_training_parallel.py][line:164][INFO] Epoch:[87/300]	 Test acc=86.070
[2024-04-03 16:02:26,765][main_training_parallel.py][line:170][INFO] Best Test acc=86.860
[2024-04-03 16:03:03,518][main_training_parallel.py][line:161][INFO] Epoch:[88/300]	 loss=548.84264	 acc=75.438
[2024-04-03 16:03:09,571][main_training_parallel.py][line:164][INFO] Epoch:[88/300]	 Test acc=86.410
[2024-04-03 16:03:09,571][main_training_parallel.py][line:170][INFO] Best Test acc=86.860
[2024-04-03 16:03:45,651][main_training_parallel.py][line:161][INFO] Epoch:[89/300]	 loss=549.21319	 acc=75.612
[2024-04-03 16:03:51,245][main_training_parallel.py][line:164][INFO] Epoch:[89/300]	 Test acc=86.810
[2024-04-03 16:03:51,245][main_training_parallel.py][line:170][INFO] Best Test acc=86.860
[2024-04-03 16:04:26,795][main_training_parallel.py][line:161][INFO] Epoch:[90/300]	 loss=547.25926	 acc=75.774
[2024-04-03 16:04:32,684][main_training_parallel.py][line:164][INFO] Epoch:[90/300]	 Test acc=85.740
[2024-04-03 16:04:32,684][main_training_parallel.py][line:170][INFO] Best Test acc=86.860
[2024-04-03 16:05:08,793][main_training_parallel.py][line:161][INFO] Epoch:[91/300]	 loss=544.90660	 acc=75.672
[2024-04-03 16:05:14,676][main_training_parallel.py][line:164][INFO] Epoch:[91/300]	 Test acc=86.630
[2024-04-03 16:05:14,677][main_training_parallel.py][line:170][INFO] Best Test acc=86.860
[2024-04-03 16:05:50,041][main_training_parallel.py][line:161][INFO] Epoch:[92/300]	 loss=545.60908	 acc=75.728
[2024-04-03 16:05:55,984][main_training_parallel.py][line:164][INFO] Epoch:[92/300]	 Test acc=86.470
[2024-04-03 16:05:55,985][main_training_parallel.py][line:170][INFO] Best Test acc=86.860
[2024-04-03 16:06:31,844][main_training_parallel.py][line:161][INFO] Epoch:[93/300]	 loss=548.89072	 acc=75.600
[2024-04-03 16:06:37,728][main_training_parallel.py][line:164][INFO] Epoch:[93/300]	 Test acc=86.720
[2024-04-03 16:06:37,729][main_training_parallel.py][line:170][INFO] Best Test acc=86.860
[2024-04-03 16:07:13,479][main_training_parallel.py][line:161][INFO] Epoch:[94/300]	 loss=538.00281	 acc=76.014
[2024-04-03 16:07:18,119][main_training_parallel.py][line:164][INFO] Epoch:[94/300]	 Test acc=86.360
[2024-04-03 16:07:18,120][main_training_parallel.py][line:170][INFO] Best Test acc=86.860
[2024-04-03 16:07:54,268][main_training_parallel.py][line:161][INFO] Epoch:[95/300]	 loss=545.86896	 acc=75.548
[2024-04-03 16:07:59,971][main_training_parallel.py][line:164][INFO] Epoch:[95/300]	 Test acc=86.910
[2024-04-03 16:08:00,271][main_training_parallel.py][line:170][INFO] Best Test acc=86.910
[2024-04-03 16:08:35,590][main_training_parallel.py][line:161][INFO] Epoch:[96/300]	 loss=552.88893	 acc=75.114
[2024-04-03 16:08:41,201][main_training_parallel.py][line:164][INFO] Epoch:[96/300]	 Test acc=86.030
[2024-04-03 16:08:41,202][main_training_parallel.py][line:170][INFO] Best Test acc=86.910
[2024-04-03 16:09:16,914][main_training_parallel.py][line:161][INFO] Epoch:[97/300]	 loss=546.39522	 acc=75.572
[2024-04-03 16:09:21,834][main_training_parallel.py][line:164][INFO] Epoch:[97/300]	 Test acc=86.870
[2024-04-03 16:09:21,834][main_training_parallel.py][line:170][INFO] Best Test acc=86.910
[2024-04-03 16:09:58,182][main_training_parallel.py][line:161][INFO] Epoch:[98/300]	 loss=538.01756	 acc=76.078
[2024-04-03 16:10:03,776][main_training_parallel.py][line:164][INFO] Epoch:[98/300]	 Test acc=86.340
[2024-04-03 16:10:03,777][main_training_parallel.py][line:170][INFO] Best Test acc=86.910
[2024-04-03 16:10:40,389][main_training_parallel.py][line:161][INFO] Epoch:[99/300]	 loss=538.88078	 acc=75.994
[2024-04-03 16:10:47,227][main_training_parallel.py][line:164][INFO] Epoch:[99/300]	 Test acc=87.500
[2024-04-03 16:10:47,516][main_training_parallel.py][line:170][INFO] Best Test acc=87.500
[2024-04-03 16:11:24,519][main_training_parallel.py][line:161][INFO] Epoch:[100/300]	 loss=538.75052	 acc=75.870
[2024-04-03 16:11:31,145][main_training_parallel.py][line:164][INFO] Epoch:[100/300]	 Test acc=86.470
[2024-04-03 16:11:31,145][main_training_parallel.py][line:170][INFO] Best Test acc=87.500
[2024-04-03 16:12:08,153][main_training_parallel.py][line:161][INFO] Epoch:[101/300]	 loss=535.80887	 acc=76.006
[2024-04-03 16:12:15,000][main_training_parallel.py][line:164][INFO] Epoch:[101/300]	 Test acc=86.660
[2024-04-03 16:12:15,000][main_training_parallel.py][line:170][INFO] Best Test acc=87.500
[2024-04-03 16:12:51,744][main_training_parallel.py][line:161][INFO] Epoch:[102/300]	 loss=547.18764	 acc=75.426
[2024-04-03 16:12:58,418][main_training_parallel.py][line:164][INFO] Epoch:[102/300]	 Test acc=86.990
[2024-04-03 16:12:58,420][main_training_parallel.py][line:170][INFO] Best Test acc=87.500
[2024-04-03 16:13:34,758][main_training_parallel.py][line:161][INFO] Epoch:[103/300]	 loss=535.86658	 acc=76.008
[2024-04-03 16:13:41,647][main_training_parallel.py][line:164][INFO] Epoch:[103/300]	 Test acc=86.850
[2024-04-03 16:13:41,647][main_training_parallel.py][line:170][INFO] Best Test acc=87.500
[2024-04-03 16:14:17,976][main_training_parallel.py][line:161][INFO] Epoch:[104/300]	 loss=537.26930	 acc=76.030
[2024-04-03 16:14:24,986][main_training_parallel.py][line:164][INFO] Epoch:[104/300]	 Test acc=87.220
[2024-04-03 16:14:24,987][main_training_parallel.py][line:170][INFO] Best Test acc=87.500
[2024-04-03 16:15:01,648][main_training_parallel.py][line:161][INFO] Epoch:[105/300]	 loss=539.42109	 acc=75.990
[2024-04-03 16:15:08,799][main_training_parallel.py][line:164][INFO] Epoch:[105/300]	 Test acc=87.120
[2024-04-03 16:15:08,800][main_training_parallel.py][line:170][INFO] Best Test acc=87.500
[2024-04-03 16:15:45,441][main_training_parallel.py][line:161][INFO] Epoch:[106/300]	 loss=538.11559	 acc=76.074
[2024-04-03 16:15:51,903][main_training_parallel.py][line:164][INFO] Epoch:[106/300]	 Test acc=87.470
[2024-04-03 16:15:51,904][main_training_parallel.py][line:170][INFO] Best Test acc=87.500
[2024-04-03 16:16:28,537][main_training_parallel.py][line:161][INFO] Epoch:[107/300]	 loss=527.87368	 acc=76.358
[2024-04-03 16:16:35,739][main_training_parallel.py][line:164][INFO] Epoch:[107/300]	 Test acc=87.270
[2024-04-03 16:16:35,740][main_training_parallel.py][line:170][INFO] Best Test acc=87.500
[2024-04-03 16:17:12,343][main_training_parallel.py][line:161][INFO] Epoch:[108/300]	 loss=535.16725	 acc=76.106
[2024-04-03 16:17:19,062][main_training_parallel.py][line:164][INFO] Epoch:[108/300]	 Test acc=87.010
[2024-04-03 16:17:19,062][main_training_parallel.py][line:170][INFO] Best Test acc=87.500
[2024-04-03 16:17:55,385][main_training_parallel.py][line:161][INFO] Epoch:[109/300]	 loss=529.22463	 acc=76.162
[2024-04-03 16:18:02,398][main_training_parallel.py][line:164][INFO] Epoch:[109/300]	 Test acc=87.220
[2024-04-03 16:18:02,399][main_training_parallel.py][line:170][INFO] Best Test acc=87.500
[2024-04-03 16:18:39,450][main_training_parallel.py][line:161][INFO] Epoch:[110/300]	 loss=535.21282	 acc=75.834
[2024-04-03 16:18:46,108][main_training_parallel.py][line:164][INFO] Epoch:[110/300]	 Test acc=87.030
[2024-04-03 16:18:46,109][main_training_parallel.py][line:170][INFO] Best Test acc=87.500
[2024-04-03 16:19:22,983][main_training_parallel.py][line:161][INFO] Epoch:[111/300]	 loss=533.76289	 acc=76.226
[2024-04-03 16:19:29,993][main_training_parallel.py][line:164][INFO] Epoch:[111/300]	 Test acc=87.220
[2024-04-03 16:19:29,994][main_training_parallel.py][line:170][INFO] Best Test acc=87.500
[2024-04-03 16:20:06,534][main_training_parallel.py][line:161][INFO] Epoch:[112/300]	 loss=526.59359	 acc=76.440
[2024-04-03 16:20:12,629][main_training_parallel.py][line:164][INFO] Epoch:[112/300]	 Test acc=87.780
[2024-04-03 16:20:12,817][main_training_parallel.py][line:170][INFO] Best Test acc=87.780
[2024-04-03 16:20:49,366][main_training_parallel.py][line:161][INFO] Epoch:[113/300]	 loss=531.45694	 acc=76.222
[2024-04-03 16:20:56,167][main_training_parallel.py][line:164][INFO] Epoch:[113/300]	 Test acc=86.770
[2024-04-03 16:20:56,167][main_training_parallel.py][line:170][INFO] Best Test acc=87.780
[2024-04-03 16:21:32,742][main_training_parallel.py][line:161][INFO] Epoch:[114/300]	 loss=527.76237	 acc=76.272
[2024-04-03 16:21:39,665][main_training_parallel.py][line:164][INFO] Epoch:[114/300]	 Test acc=86.890
[2024-04-03 16:21:39,665][main_training_parallel.py][line:170][INFO] Best Test acc=87.780
[2024-04-03 16:22:16,161][main_training_parallel.py][line:161][INFO] Epoch:[115/300]	 loss=531.00726	 acc=76.230
[2024-04-03 16:22:22,985][main_training_parallel.py][line:164][INFO] Epoch:[115/300]	 Test acc=87.140
[2024-04-03 16:22:22,985][main_training_parallel.py][line:170][INFO] Best Test acc=87.780
[2024-04-03 16:22:59,748][main_training_parallel.py][line:161][INFO] Epoch:[116/300]	 loss=527.45157	 acc=76.474
[2024-04-03 16:23:06,679][main_training_parallel.py][line:164][INFO] Epoch:[116/300]	 Test acc=87.430
[2024-04-03 16:23:06,680][main_training_parallel.py][line:170][INFO] Best Test acc=87.780
[2024-04-03 16:23:44,356][main_training_parallel.py][line:161][INFO] Epoch:[117/300]	 loss=526.96278	 acc=76.358
[2024-04-03 16:23:51,496][main_training_parallel.py][line:164][INFO] Epoch:[117/300]	 Test acc=87.600
[2024-04-03 16:23:51,497][main_training_parallel.py][line:170][INFO] Best Test acc=87.780
[2024-04-03 16:24:28,150][main_training_parallel.py][line:161][INFO] Epoch:[118/300]	 loss=524.62951	 acc=76.440
[2024-04-03 16:24:35,168][main_training_parallel.py][line:164][INFO] Epoch:[118/300]	 Test acc=86.920
[2024-04-03 16:24:35,168][main_training_parallel.py][line:170][INFO] Best Test acc=87.780
[2024-04-03 16:25:12,812][main_training_parallel.py][line:161][INFO] Epoch:[119/300]	 loss=526.95131	 acc=76.564
[2024-04-03 16:25:19,965][main_training_parallel.py][line:164][INFO] Epoch:[119/300]	 Test acc=87.050
[2024-04-03 16:25:19,965][main_training_parallel.py][line:170][INFO] Best Test acc=87.780
[2024-04-03 16:25:56,537][main_training_parallel.py][line:161][INFO] Epoch:[120/300]	 loss=525.38504	 acc=76.580
[2024-04-03 16:26:03,586][main_training_parallel.py][line:164][INFO] Epoch:[120/300]	 Test acc=87.420
[2024-04-03 16:26:03,587][main_training_parallel.py][line:170][INFO] Best Test acc=87.780
[2024-04-03 16:26:40,362][main_training_parallel.py][line:161][INFO] Epoch:[121/300]	 loss=522.60425	 acc=76.744
[2024-04-03 16:26:46,955][main_training_parallel.py][line:164][INFO] Epoch:[121/300]	 Test acc=87.420
[2024-04-03 16:26:46,955][main_training_parallel.py][line:170][INFO] Best Test acc=87.780
[2024-04-03 16:27:23,941][main_training_parallel.py][line:161][INFO] Epoch:[122/300]	 loss=528.80227	 acc=76.464
[2024-04-03 16:27:30,900][main_training_parallel.py][line:164][INFO] Epoch:[122/300]	 Test acc=87.520
[2024-04-03 16:27:30,900][main_training_parallel.py][line:170][INFO] Best Test acc=87.780
[2024-04-03 16:28:07,582][main_training_parallel.py][line:161][INFO] Epoch:[123/300]	 loss=524.62925	 acc=76.622
[2024-04-03 16:28:14,596][main_training_parallel.py][line:164][INFO] Epoch:[123/300]	 Test acc=87.140
[2024-04-03 16:28:14,597][main_training_parallel.py][line:170][INFO] Best Test acc=87.780
[2024-04-03 16:28:52,607][main_training_parallel.py][line:161][INFO] Epoch:[124/300]	 loss=528.46640	 acc=76.302
[2024-04-03 16:28:59,376][main_training_parallel.py][line:164][INFO] Epoch:[124/300]	 Test acc=87.940
[2024-04-03 16:28:59,584][main_training_parallel.py][line:170][INFO] Best Test acc=87.940
[2024-04-03 16:29:36,358][main_training_parallel.py][line:161][INFO] Epoch:[125/300]	 loss=525.05136	 acc=76.628
[2024-04-03 16:29:42,832][main_training_parallel.py][line:164][INFO] Epoch:[125/300]	 Test acc=88.210
[2024-04-03 16:29:43,034][main_training_parallel.py][line:170][INFO] Best Test acc=88.210
[2024-04-03 16:30:19,898][main_training_parallel.py][line:161][INFO] Epoch:[126/300]	 loss=522.24361	 acc=76.570
[2024-04-03 16:30:26,713][main_training_parallel.py][line:164][INFO] Epoch:[126/300]	 Test acc=87.380
[2024-04-03 16:30:26,713][main_training_parallel.py][line:170][INFO] Best Test acc=88.210
[2024-04-03 16:31:04,315][main_training_parallel.py][line:161][INFO] Epoch:[127/300]	 loss=525.70435	 acc=76.520
[2024-04-03 16:31:12,947][main_training_parallel.py][line:164][INFO] Epoch:[127/300]	 Test acc=87.180
[2024-04-03 16:31:12,947][main_training_parallel.py][line:170][INFO] Best Test acc=88.210
[2024-04-03 16:31:50,024][main_training_parallel.py][line:161][INFO] Epoch:[128/300]	 loss=520.54554	 acc=76.788
[2024-04-03 16:31:57,756][main_training_parallel.py][line:164][INFO] Epoch:[128/300]	 Test acc=87.410
[2024-04-03 16:31:57,756][main_training_parallel.py][line:170][INFO] Best Test acc=88.210
[2024-04-03 16:32:34,307][main_training_parallel.py][line:161][INFO] Epoch:[129/300]	 loss=520.84504	 acc=76.696
[2024-04-03 16:32:41,175][main_training_parallel.py][line:164][INFO] Epoch:[129/300]	 Test acc=87.730
[2024-04-03 16:32:41,175][main_training_parallel.py][line:170][INFO] Best Test acc=88.210
[2024-04-03 16:33:18,357][main_training_parallel.py][line:161][INFO] Epoch:[130/300]	 loss=516.15753	 acc=76.892
[2024-04-03 16:33:26,879][main_training_parallel.py][line:164][INFO] Epoch:[130/300]	 Test acc=87.900
[2024-04-03 16:33:26,880][main_training_parallel.py][line:170][INFO] Best Test acc=88.210
[2024-04-03 16:34:03,453][main_training_parallel.py][line:161][INFO] Epoch:[131/300]	 loss=517.99112	 acc=76.892
[2024-04-03 16:34:10,274][main_training_parallel.py][line:164][INFO] Epoch:[131/300]	 Test acc=86.780
[2024-04-03 16:34:10,274][main_training_parallel.py][line:170][INFO] Best Test acc=88.210
[2024-04-03 16:34:46,681][main_training_parallel.py][line:161][INFO] Epoch:[132/300]	 loss=513.92146	 acc=76.868
[2024-04-03 16:34:53,737][main_training_parallel.py][line:164][INFO] Epoch:[132/300]	 Test acc=87.750
[2024-04-03 16:34:53,738][main_training_parallel.py][line:170][INFO] Best Test acc=88.210
[2024-04-03 16:35:29,955][main_training_parallel.py][line:161][INFO] Epoch:[133/300]	 loss=524.70994	 acc=76.448
[2024-04-03 16:35:36,921][main_training_parallel.py][line:164][INFO] Epoch:[133/300]	 Test acc=87.980
[2024-04-03 16:35:36,922][main_training_parallel.py][line:170][INFO] Best Test acc=88.210
[2024-04-03 16:36:13,455][main_training_parallel.py][line:161][INFO] Epoch:[134/300]	 loss=520.68585	 acc=76.702
[2024-04-03 16:36:20,314][main_training_parallel.py][line:164][INFO] Epoch:[134/300]	 Test acc=87.120
[2024-04-03 16:36:20,315][main_training_parallel.py][line:170][INFO] Best Test acc=88.210
[2024-04-03 16:36:57,256][main_training_parallel.py][line:161][INFO] Epoch:[135/300]	 loss=511.92563	 acc=77.258
[2024-04-03 16:37:04,185][main_training_parallel.py][line:164][INFO] Epoch:[135/300]	 Test acc=88.260
[2024-04-03 16:37:04,444][main_training_parallel.py][line:170][INFO] Best Test acc=88.260
[2024-04-03 16:37:41,061][main_training_parallel.py][line:161][INFO] Epoch:[136/300]	 loss=523.08129	 acc=76.628
[2024-04-03 16:37:47,720][main_training_parallel.py][line:164][INFO] Epoch:[136/300]	 Test acc=87.930
[2024-04-03 16:37:47,720][main_training_parallel.py][line:170][INFO] Best Test acc=88.260
[2024-04-03 16:38:24,479][main_training_parallel.py][line:161][INFO] Epoch:[137/300]	 loss=515.44893	 acc=76.838
[2024-04-03 16:38:30,785][main_training_parallel.py][line:164][INFO] Epoch:[137/300]	 Test acc=87.680
[2024-04-03 16:38:30,786][main_training_parallel.py][line:170][INFO] Best Test acc=88.260
[2024-04-03 16:39:07,331][main_training_parallel.py][line:161][INFO] Epoch:[138/300]	 loss=516.13919	 acc=77.004
[2024-04-03 16:39:14,531][main_training_parallel.py][line:164][INFO] Epoch:[138/300]	 Test acc=87.740
[2024-04-03 16:39:14,532][main_training_parallel.py][line:170][INFO] Best Test acc=88.260
[2024-04-03 16:39:51,160][main_training_parallel.py][line:161][INFO] Epoch:[139/300]	 loss=515.26344	 acc=76.890
[2024-04-03 16:39:58,152][main_training_parallel.py][line:164][INFO] Epoch:[139/300]	 Test acc=87.670
[2024-04-03 16:39:58,153][main_training_parallel.py][line:170][INFO] Best Test acc=88.260
[2024-04-03 16:40:34,391][main_training_parallel.py][line:161][INFO] Epoch:[140/300]	 loss=516.72712	 acc=76.872
[2024-04-03 16:40:40,172][main_training_parallel.py][line:164][INFO] Epoch:[140/300]	 Test acc=87.430
[2024-04-03 16:40:40,172][main_training_parallel.py][line:170][INFO] Best Test acc=88.260
[2024-04-03 16:41:17,057][main_training_parallel.py][line:161][INFO] Epoch:[141/300]	 loss=519.87948	 acc=76.664
[2024-04-03 16:41:23,772][main_training_parallel.py][line:164][INFO] Epoch:[141/300]	 Test acc=87.620
[2024-04-03 16:41:23,772][main_training_parallel.py][line:170][INFO] Best Test acc=88.260
[2024-04-03 16:42:00,907][main_training_parallel.py][line:161][INFO] Epoch:[142/300]	 loss=511.72328	 acc=77.144
[2024-04-03 16:42:07,868][main_training_parallel.py][line:164][INFO] Epoch:[142/300]	 Test acc=87.720
[2024-04-03 16:42:07,868][main_training_parallel.py][line:170][INFO] Best Test acc=88.260
[2024-04-03 16:42:44,157][main_training_parallel.py][line:161][INFO] Epoch:[143/300]	 loss=510.28002	 acc=77.260
[2024-04-03 16:42:50,990][main_training_parallel.py][line:164][INFO] Epoch:[143/300]	 Test acc=87.330
[2024-04-03 16:42:50,991][main_training_parallel.py][line:170][INFO] Best Test acc=88.260
[2024-04-03 16:43:27,320][main_training_parallel.py][line:161][INFO] Epoch:[144/300]	 loss=511.12368	 acc=77.214
[2024-04-03 16:43:34,355][main_training_parallel.py][line:164][INFO] Epoch:[144/300]	 Test acc=87.700
[2024-04-03 16:43:34,356][main_training_parallel.py][line:170][INFO] Best Test acc=88.260
[2024-04-03 16:44:10,824][main_training_parallel.py][line:161][INFO] Epoch:[145/300]	 loss=511.82129	 acc=77.034
[2024-04-03 16:44:17,683][main_training_parallel.py][line:164][INFO] Epoch:[145/300]	 Test acc=88.070
[2024-04-03 16:44:17,684][main_training_parallel.py][line:170][INFO] Best Test acc=88.260
[2024-04-03 16:44:53,972][main_training_parallel.py][line:161][INFO] Epoch:[146/300]	 loss=512.95505	 acc=77.104
[2024-04-03 16:45:00,920][main_training_parallel.py][line:164][INFO] Epoch:[146/300]	 Test acc=88.020
[2024-04-03 16:45:00,921][main_training_parallel.py][line:170][INFO] Best Test acc=88.260
[2024-04-03 16:45:37,519][main_training_parallel.py][line:161][INFO] Epoch:[147/300]	 loss=517.12363	 acc=77.044
[2024-04-03 16:45:44,275][main_training_parallel.py][line:164][INFO] Epoch:[147/300]	 Test acc=88.400
[2024-04-03 16:45:44,558][main_training_parallel.py][line:170][INFO] Best Test acc=88.400
[2024-04-03 16:46:21,377][main_training_parallel.py][line:161][INFO] Epoch:[148/300]	 loss=515.77974	 acc=77.004
[2024-04-03 16:46:28,074][main_training_parallel.py][line:164][INFO] Epoch:[148/300]	 Test acc=87.150
[2024-04-03 16:46:28,075][main_training_parallel.py][line:170][INFO] Best Test acc=88.400
[2024-04-03 16:47:05,032][main_training_parallel.py][line:161][INFO] Epoch:[149/300]	 loss=517.87316	 acc=77.090
[2024-04-03 16:47:11,805][main_training_parallel.py][line:164][INFO] Epoch:[149/300]	 Test acc=87.610
[2024-04-03 16:47:11,805][main_training_parallel.py][line:170][INFO] Best Test acc=88.400
[2024-04-03 16:47:49,443][main_training_parallel.py][line:161][INFO] Epoch:[150/300]	 loss=519.03489	 acc=76.856
[2024-04-03 16:47:56,227][main_training_parallel.py][line:164][INFO] Epoch:[150/300]	 Test acc=87.600
[2024-04-03 16:47:56,228][main_training_parallel.py][line:170][INFO] Best Test acc=88.400
[2024-04-03 16:48:32,670][main_training_parallel.py][line:161][INFO] Epoch:[151/300]	 loss=507.58885	 acc=77.380
[2024-04-03 16:48:39,520][main_training_parallel.py][line:164][INFO] Epoch:[151/300]	 Test acc=87.650
[2024-04-03 16:48:39,521][main_training_parallel.py][line:170][INFO] Best Test acc=88.400
[2024-04-03 16:49:15,837][main_training_parallel.py][line:161][INFO] Epoch:[152/300]	 loss=509.73249	 acc=77.304
[2024-04-03 16:49:22,588][main_training_parallel.py][line:164][INFO] Epoch:[152/300]	 Test acc=87.730
[2024-04-03 16:49:22,588][main_training_parallel.py][line:170][INFO] Best Test acc=88.400
[2024-04-03 16:49:59,522][main_training_parallel.py][line:161][INFO] Epoch:[153/300]	 loss=513.29307	 acc=76.994
[2024-04-03 16:50:06,577][main_training_parallel.py][line:164][INFO] Epoch:[153/300]	 Test acc=87.400
[2024-04-03 16:50:06,577][main_training_parallel.py][line:170][INFO] Best Test acc=88.400
[2024-04-03 16:50:42,567][main_training_parallel.py][line:161][INFO] Epoch:[154/300]	 loss=516.96328	 acc=76.868
[2024-04-03 16:50:49,797][main_training_parallel.py][line:164][INFO] Epoch:[154/300]	 Test acc=87.690
[2024-04-03 16:50:49,798][main_training_parallel.py][line:170][INFO] Best Test acc=88.400
[2024-04-03 16:51:26,516][main_training_parallel.py][line:161][INFO] Epoch:[155/300]	 loss=520.87399	 acc=76.824
[2024-04-03 16:51:32,494][main_training_parallel.py][line:164][INFO] Epoch:[155/300]	 Test acc=88.000
[2024-04-03 16:51:32,494][main_training_parallel.py][line:170][INFO] Best Test acc=88.400
[2024-04-03 16:52:09,541][main_training_parallel.py][line:161][INFO] Epoch:[156/300]	 loss=507.17620	 acc=77.348
[2024-04-03 16:52:17,354][main_training_parallel.py][line:164][INFO] Epoch:[156/300]	 Test acc=87.890
[2024-04-03 16:52:17,354][main_training_parallel.py][line:170][INFO] Best Test acc=88.400
[2024-04-03 16:52:54,413][main_training_parallel.py][line:161][INFO] Epoch:[157/300]	 loss=511.81067	 acc=77.118
[2024-04-03 16:53:01,392][main_training_parallel.py][line:164][INFO] Epoch:[157/300]	 Test acc=87.710
[2024-04-03 16:53:01,393][main_training_parallel.py][line:170][INFO] Best Test acc=88.400
[2024-04-03 16:53:37,920][main_training_parallel.py][line:161][INFO] Epoch:[158/300]	 loss=508.46589	 acc=77.138
[2024-04-03 16:53:44,768][main_training_parallel.py][line:164][INFO] Epoch:[158/300]	 Test acc=88.120
[2024-04-03 16:53:44,769][main_training_parallel.py][line:170][INFO] Best Test acc=88.400
[2024-04-03 16:54:22,056][main_training_parallel.py][line:161][INFO] Epoch:[159/300]	 loss=515.03655	 acc=76.900
[2024-04-03 16:54:28,272][main_training_parallel.py][line:164][INFO] Epoch:[159/300]	 Test acc=87.890
[2024-04-03 16:54:28,272][main_training_parallel.py][line:170][INFO] Best Test acc=88.400
[2024-04-03 16:55:04,148][main_training_parallel.py][line:161][INFO] Epoch:[160/300]	 loss=513.48281	 acc=77.076
[2024-04-03 16:55:10,425][main_training_parallel.py][line:164][INFO] Epoch:[160/300]	 Test acc=87.230
[2024-04-03 16:55:10,425][main_training_parallel.py][line:170][INFO] Best Test acc=88.400
[2024-04-03 16:55:47,557][main_training_parallel.py][line:161][INFO] Epoch:[161/300]	 loss=511.29519	 acc=77.352
[2024-04-03 16:55:54,340][main_training_parallel.py][line:164][INFO] Epoch:[161/300]	 Test acc=88.280
[2024-04-03 16:55:54,340][main_training_parallel.py][line:170][INFO] Best Test acc=88.400
[2024-04-03 16:56:31,492][main_training_parallel.py][line:161][INFO] Epoch:[162/300]	 loss=507.32571	 acc=77.472
[2024-04-03 16:56:38,295][main_training_parallel.py][line:164][INFO] Epoch:[162/300]	 Test acc=88.000
[2024-04-03 16:56:38,295][main_training_parallel.py][line:170][INFO] Best Test acc=88.400
[2024-04-03 16:57:14,790][main_training_parallel.py][line:161][INFO] Epoch:[163/300]	 loss=501.40842	 acc=77.440
[2024-04-03 16:57:22,034][main_training_parallel.py][line:164][INFO] Epoch:[163/300]	 Test acc=88.130
[2024-04-03 16:57:22,034][main_training_parallel.py][line:170][INFO] Best Test acc=88.400
[2024-04-03 16:58:00,059][main_training_parallel.py][line:161][INFO] Epoch:[164/300]	 loss=506.56622	 acc=77.200
[2024-04-03 16:58:07,062][main_training_parallel.py][line:164][INFO] Epoch:[164/300]	 Test acc=87.850
[2024-04-03 16:58:07,063][main_training_parallel.py][line:170][INFO] Best Test acc=88.400
[2024-04-03 16:58:43,281][main_training_parallel.py][line:161][INFO] Epoch:[165/300]	 loss=506.44626	 acc=77.258
[2024-04-03 16:58:50,128][main_training_parallel.py][line:164][INFO] Epoch:[165/300]	 Test acc=87.240
[2024-04-03 16:58:50,128][main_training_parallel.py][line:170][INFO] Best Test acc=88.400
[2024-04-03 16:59:26,949][main_training_parallel.py][line:161][INFO] Epoch:[166/300]	 loss=500.19195	 acc=77.638
[2024-04-03 16:59:33,958][main_training_parallel.py][line:164][INFO] Epoch:[166/300]	 Test acc=88.020
[2024-04-03 16:59:33,958][main_training_parallel.py][line:170][INFO] Best Test acc=88.400
[2024-04-03 17:00:10,868][main_training_parallel.py][line:161][INFO] Epoch:[167/300]	 loss=503.33037	 acc=77.566
[2024-04-03 17:00:18,047][main_training_parallel.py][line:164][INFO] Epoch:[167/300]	 Test acc=87.940
[2024-04-03 17:00:18,048][main_training_parallel.py][line:170][INFO] Best Test acc=88.400
[2024-04-03 17:00:55,632][main_training_parallel.py][line:161][INFO] Epoch:[168/300]	 loss=504.48961	 acc=77.372
[2024-04-03 17:01:02,569][main_training_parallel.py][line:164][INFO] Epoch:[168/300]	 Test acc=87.740
[2024-04-03 17:01:02,569][main_training_parallel.py][line:170][INFO] Best Test acc=88.400
[2024-04-03 17:01:39,556][main_training_parallel.py][line:161][INFO] Epoch:[169/300]	 loss=514.52239	 acc=76.926
[2024-04-03 17:01:46,419][main_training_parallel.py][line:164][INFO] Epoch:[169/300]	 Test acc=87.560
[2024-04-03 17:01:46,420][main_training_parallel.py][line:170][INFO] Best Test acc=88.400
[2024-04-03 17:02:22,901][main_training_parallel.py][line:161][INFO] Epoch:[170/300]	 loss=504.80515	 acc=77.442
[2024-04-03 17:02:29,185][main_training_parallel.py][line:164][INFO] Epoch:[170/300]	 Test acc=87.630
[2024-04-03 17:02:29,185][main_training_parallel.py][line:170][INFO] Best Test acc=88.400
[2024-04-03 17:03:05,929][main_training_parallel.py][line:161][INFO] Epoch:[171/300]	 loss=503.59516	 acc=77.674
[2024-04-03 17:03:12,732][main_training_parallel.py][line:164][INFO] Epoch:[171/300]	 Test acc=87.420
[2024-04-03 17:03:12,733][main_training_parallel.py][line:170][INFO] Best Test acc=88.400
[2024-04-03 17:03:49,677][main_training_parallel.py][line:161][INFO] Epoch:[172/300]	 loss=505.88307	 acc=77.262
[2024-04-03 17:03:56,830][main_training_parallel.py][line:164][INFO] Epoch:[172/300]	 Test acc=86.580
[2024-04-03 17:03:56,831][main_training_parallel.py][line:170][INFO] Best Test acc=88.400
[2024-04-03 17:04:33,888][main_training_parallel.py][line:161][INFO] Epoch:[173/300]	 loss=499.93549	 acc=77.688
[2024-04-03 17:04:40,588][main_training_parallel.py][line:164][INFO] Epoch:[173/300]	 Test acc=88.000
[2024-04-03 17:04:40,588][main_training_parallel.py][line:170][INFO] Best Test acc=88.400
[2024-04-03 17:05:17,508][main_training_parallel.py][line:161][INFO] Epoch:[174/300]	 loss=508.17014	 acc=77.120
[2024-04-03 17:05:23,845][main_training_parallel.py][line:164][INFO] Epoch:[174/300]	 Test acc=87.790
[2024-04-03 17:05:23,846][main_training_parallel.py][line:170][INFO] Best Test acc=88.400
[2024-04-03 17:06:00,097][main_training_parallel.py][line:161][INFO] Epoch:[175/300]	 loss=501.23306	 acc=77.508
[2024-04-03 17:06:07,234][main_training_parallel.py][line:164][INFO] Epoch:[175/300]	 Test acc=87.970
[2024-04-03 17:06:07,235][main_training_parallel.py][line:170][INFO] Best Test acc=88.400
[2024-04-03 17:06:44,157][main_training_parallel.py][line:161][INFO] Epoch:[176/300]	 loss=504.33632	 acc=77.422
[2024-04-03 17:06:50,985][main_training_parallel.py][line:164][INFO] Epoch:[176/300]	 Test acc=87.180
[2024-04-03 17:06:50,986][main_training_parallel.py][line:170][INFO] Best Test acc=88.400
[2024-04-03 17:07:26,959][main_training_parallel.py][line:161][INFO] Epoch:[177/300]	 loss=499.91753	 acc=77.596
[2024-04-03 17:07:33,743][main_training_parallel.py][line:164][INFO] Epoch:[177/300]	 Test acc=88.130
[2024-04-03 17:07:33,744][main_training_parallel.py][line:170][INFO] Best Test acc=88.400
[2024-04-03 17:08:10,377][main_training_parallel.py][line:161][INFO] Epoch:[178/300]	 loss=500.74863	 acc=77.578
[2024-04-03 17:08:17,037][main_training_parallel.py][line:164][INFO] Epoch:[178/300]	 Test acc=87.560
[2024-04-03 17:08:17,038][main_training_parallel.py][line:170][INFO] Best Test acc=88.400
[2024-04-03 17:08:53,314][main_training_parallel.py][line:161][INFO] Epoch:[179/300]	 loss=505.65795	 acc=77.180
[2024-04-03 17:09:00,032][main_training_parallel.py][line:164][INFO] Epoch:[179/300]	 Test acc=88.490
[2024-04-03 17:09:00,329][main_training_parallel.py][line:170][INFO] Best Test acc=88.490
[2024-04-03 17:09:36,665][main_training_parallel.py][line:161][INFO] Epoch:[180/300]	 loss=499.10931	 acc=77.606
[2024-04-03 17:09:43,224][main_training_parallel.py][line:164][INFO] Epoch:[180/300]	 Test acc=87.780
[2024-04-03 17:09:43,224][main_training_parallel.py][line:170][INFO] Best Test acc=88.490
[2024-04-03 17:10:20,766][main_training_parallel.py][line:161][INFO] Epoch:[181/300]	 loss=505.83075	 acc=77.268
[2024-04-03 17:10:27,258][main_training_parallel.py][line:164][INFO] Epoch:[181/300]	 Test acc=87.510
[2024-04-03 17:10:27,258][main_training_parallel.py][line:170][INFO] Best Test acc=88.490
[2024-04-03 17:11:03,912][main_training_parallel.py][line:161][INFO] Epoch:[182/300]	 loss=506.18996	 acc=77.326
[2024-04-03 17:11:10,712][main_training_parallel.py][line:164][INFO] Epoch:[182/300]	 Test acc=87.590
[2024-04-03 17:11:10,712][main_training_parallel.py][line:170][INFO] Best Test acc=88.490
[2024-04-03 17:11:47,356][main_training_parallel.py][line:161][INFO] Epoch:[183/300]	 loss=495.17844	 acc=77.722
[2024-04-03 17:11:53,967][main_training_parallel.py][line:164][INFO] Epoch:[183/300]	 Test acc=88.380
[2024-04-03 17:11:53,967][main_training_parallel.py][line:170][INFO] Best Test acc=88.490
[2024-04-03 17:12:30,682][main_training_parallel.py][line:161][INFO] Epoch:[184/300]	 loss=500.98554	 acc=77.570
[2024-04-03 17:12:38,435][main_training_parallel.py][line:164][INFO] Epoch:[184/300]	 Test acc=88.670
[2024-04-03 17:12:38,720][main_training_parallel.py][line:170][INFO] Best Test acc=88.670
[2024-04-03 17:13:15,490][main_training_parallel.py][line:161][INFO] Epoch:[185/300]	 loss=496.25695	 acc=77.690
[2024-04-03 17:13:22,686][main_training_parallel.py][line:164][INFO] Epoch:[185/300]	 Test acc=87.950
[2024-04-03 17:13:22,687][main_training_parallel.py][line:170][INFO] Best Test acc=88.670
[2024-04-03 17:13:59,314][main_training_parallel.py][line:161][INFO] Epoch:[186/300]	 loss=508.60837	 acc=77.032
[2024-04-03 17:14:05,925][main_training_parallel.py][line:164][INFO] Epoch:[186/300]	 Test acc=87.640
[2024-04-03 17:14:05,925][main_training_parallel.py][line:170][INFO] Best Test acc=88.670
[2024-04-03 17:14:42,326][main_training_parallel.py][line:161][INFO] Epoch:[187/300]	 loss=498.39849	 acc=77.808
[2024-04-03 17:14:48,185][main_training_parallel.py][line:164][INFO] Epoch:[187/300]	 Test acc=88.190
[2024-04-03 17:14:48,185][main_training_parallel.py][line:170][INFO] Best Test acc=88.670
[2024-04-03 17:15:24,644][main_training_parallel.py][line:161][INFO] Epoch:[188/300]	 loss=509.50208	 acc=77.226
[2024-04-03 17:15:31,463][main_training_parallel.py][line:164][INFO] Epoch:[188/300]	 Test acc=88.320
[2024-04-03 17:15:31,463][main_training_parallel.py][line:170][INFO] Best Test acc=88.670
[2024-04-03 17:16:08,731][main_training_parallel.py][line:161][INFO] Epoch:[189/300]	 loss=498.84092	 acc=77.714
[2024-04-03 17:16:15,552][main_training_parallel.py][line:164][INFO] Epoch:[189/300]	 Test acc=88.610
[2024-04-03 17:16:15,552][main_training_parallel.py][line:170][INFO] Best Test acc=88.670
[2024-04-03 17:16:51,924][main_training_parallel.py][line:161][INFO] Epoch:[190/300]	 loss=493.32452	 acc=77.984
[2024-04-03 17:16:58,678][main_training_parallel.py][line:164][INFO] Epoch:[190/300]	 Test acc=88.340
[2024-04-03 17:16:58,679][main_training_parallel.py][line:170][INFO] Best Test acc=88.670
[2024-04-03 17:17:35,089][main_training_parallel.py][line:161][INFO] Epoch:[191/300]	 loss=498.55437	 acc=77.642
[2024-04-03 17:17:40,857][main_training_parallel.py][line:164][INFO] Epoch:[191/300]	 Test acc=87.990
[2024-04-03 17:17:40,858][main_training_parallel.py][line:170][INFO] Best Test acc=88.670
[2024-04-03 17:18:15,836][main_training_parallel.py][line:161][INFO] Epoch:[192/300]	 loss=499.49236	 acc=77.632
[2024-04-03 17:18:21,476][main_training_parallel.py][line:164][INFO] Epoch:[192/300]	 Test acc=87.800
[2024-04-03 17:18:21,478][main_training_parallel.py][line:170][INFO] Best Test acc=88.670
[2024-04-03 17:18:56,531][main_training_parallel.py][line:161][INFO] Epoch:[193/300]	 loss=499.50252	 acc=77.718
[2024-04-03 17:19:02,561][main_training_parallel.py][line:164][INFO] Epoch:[193/300]	 Test acc=88.250
[2024-04-03 17:19:02,561][main_training_parallel.py][line:170][INFO] Best Test acc=88.670
[2024-04-03 17:19:38,198][main_training_parallel.py][line:161][INFO] Epoch:[194/300]	 loss=495.97075	 acc=77.726
[2024-04-03 17:19:44,371][main_training_parallel.py][line:164][INFO] Epoch:[194/300]	 Test acc=88.430
[2024-04-03 17:19:44,372][main_training_parallel.py][line:170][INFO] Best Test acc=88.670
[2024-04-03 17:20:19,731][main_training_parallel.py][line:161][INFO] Epoch:[195/300]	 loss=500.46764	 acc=77.684
[2024-04-03 17:20:25,284][main_training_parallel.py][line:164][INFO] Epoch:[195/300]	 Test acc=88.240
[2024-04-03 17:20:25,284][main_training_parallel.py][line:170][INFO] Best Test acc=88.670
[2024-04-03 17:21:00,787][main_training_parallel.py][line:161][INFO] Epoch:[196/300]	 loss=495.87651	 acc=77.978
[2024-04-03 17:21:06,817][main_training_parallel.py][line:164][INFO] Epoch:[196/300]	 Test acc=88.400
[2024-04-03 17:21:06,818][main_training_parallel.py][line:170][INFO] Best Test acc=88.670
[2024-04-03 17:21:42,548][main_training_parallel.py][line:161][INFO] Epoch:[197/300]	 loss=493.65334	 acc=77.942
[2024-04-03 17:21:47,602][main_training_parallel.py][line:164][INFO] Epoch:[197/300]	 Test acc=88.560
[2024-04-03 17:21:47,602][main_training_parallel.py][line:170][INFO] Best Test acc=88.670
[2024-04-03 17:22:23,071][main_training_parallel.py][line:161][INFO] Epoch:[198/300]	 loss=499.00750	 acc=77.672
[2024-04-03 17:22:29,054][main_training_parallel.py][line:164][INFO] Epoch:[198/300]	 Test acc=88.090
[2024-04-03 17:22:29,054][main_training_parallel.py][line:170][INFO] Best Test acc=88.670
[2024-04-03 17:23:05,208][main_training_parallel.py][line:161][INFO] Epoch:[199/300]	 loss=498.76246	 acc=77.664
[2024-04-03 17:23:10,948][main_training_parallel.py][line:164][INFO] Epoch:[199/300]	 Test acc=87.950
[2024-04-03 17:23:10,950][main_training_parallel.py][line:170][INFO] Best Test acc=88.670
[2024-04-03 17:23:46,998][main_training_parallel.py][line:161][INFO] Epoch:[200/300]	 loss=490.47132	 acc=78.090
[2024-04-03 17:23:52,832][main_training_parallel.py][line:164][INFO] Epoch:[200/300]	 Test acc=87.660
[2024-04-03 17:23:52,832][main_training_parallel.py][line:170][INFO] Best Test acc=88.670
[2024-04-03 17:24:28,241][main_training_parallel.py][line:161][INFO] Epoch:[201/300]	 loss=498.79796	 acc=77.766
[2024-04-03 17:24:34,197][main_training_parallel.py][line:164][INFO] Epoch:[201/300]	 Test acc=88.040
[2024-04-03 17:24:34,198][main_training_parallel.py][line:170][INFO] Best Test acc=88.670
[2024-04-03 17:25:09,968][main_training_parallel.py][line:161][INFO] Epoch:[202/300]	 loss=496.75762	 acc=77.720
[2024-04-03 17:25:15,864][main_training_parallel.py][line:164][INFO] Epoch:[202/300]	 Test acc=88.540
[2024-04-03 17:25:15,865][main_training_parallel.py][line:170][INFO] Best Test acc=88.670
[2024-04-03 17:25:51,016][main_training_parallel.py][line:161][INFO] Epoch:[203/300]	 loss=496.26601	 acc=77.692
[2024-04-03 17:25:56,863][main_training_parallel.py][line:164][INFO] Epoch:[203/300]	 Test acc=88.490
[2024-04-03 17:25:56,864][main_training_parallel.py][line:170][INFO] Best Test acc=88.670
[2024-04-03 17:26:32,537][main_training_parallel.py][line:161][INFO] Epoch:[204/300]	 loss=497.13817	 acc=77.894
[2024-04-03 17:26:38,227][main_training_parallel.py][line:164][INFO] Epoch:[204/300]	 Test acc=88.570
[2024-04-03 17:26:38,228][main_training_parallel.py][line:170][INFO] Best Test acc=88.670
[2024-04-03 17:27:13,525][main_training_parallel.py][line:161][INFO] Epoch:[205/300]	 loss=497.90272	 acc=77.876
[2024-04-03 17:27:19,544][main_training_parallel.py][line:164][INFO] Epoch:[205/300]	 Test acc=88.570
[2024-04-03 17:27:19,544][main_training_parallel.py][line:170][INFO] Best Test acc=88.670
[2024-04-03 17:27:56,167][main_training_parallel.py][line:161][INFO] Epoch:[206/300]	 loss=496.58460	 acc=77.710
[2024-04-03 17:28:01,732][main_training_parallel.py][line:164][INFO] Epoch:[206/300]	 Test acc=88.110
[2024-04-03 17:28:01,733][main_training_parallel.py][line:170][INFO] Best Test acc=88.670
[2024-04-03 17:28:37,624][main_training_parallel.py][line:161][INFO] Epoch:[207/300]	 loss=494.84248	 acc=77.904
[2024-04-03 17:28:42,942][main_training_parallel.py][line:164][INFO] Epoch:[207/300]	 Test acc=87.950
[2024-04-03 17:28:42,942][main_training_parallel.py][line:170][INFO] Best Test acc=88.670
[2024-04-03 17:29:18,756][main_training_parallel.py][line:161][INFO] Epoch:[208/300]	 loss=489.91710	 acc=78.180
[2024-04-03 17:29:24,539][main_training_parallel.py][line:164][INFO] Epoch:[208/300]	 Test acc=88.190
[2024-04-03 17:29:24,540][main_training_parallel.py][line:170][INFO] Best Test acc=88.670
[2024-04-03 17:30:01,024][main_training_parallel.py][line:161][INFO] Epoch:[209/300]	 loss=500.80721	 acc=77.562
[2024-04-03 17:30:05,774][main_training_parallel.py][line:164][INFO] Epoch:[209/300]	 Test acc=88.460
[2024-04-03 17:30:05,775][main_training_parallel.py][line:170][INFO] Best Test acc=88.670
[2024-04-03 17:30:41,772][main_training_parallel.py][line:161][INFO] Epoch:[210/300]	 loss=500.97140	 acc=77.624
[2024-04-03 17:30:47,258][main_training_parallel.py][line:164][INFO] Epoch:[210/300]	 Test acc=87.610
[2024-04-03 17:30:47,259][main_training_parallel.py][line:170][INFO] Best Test acc=88.670
[2024-04-03 17:31:23,609][main_training_parallel.py][line:161][INFO] Epoch:[211/300]	 loss=492.43000	 acc=78.026
[2024-04-03 17:31:29,495][main_training_parallel.py][line:164][INFO] Epoch:[211/300]	 Test acc=88.060
[2024-04-03 17:31:29,495][main_training_parallel.py][line:170][INFO] Best Test acc=88.670
[2024-04-03 17:32:05,615][main_training_parallel.py][line:161][INFO] Epoch:[212/300]	 loss=496.08130	 acc=77.610
[2024-04-03 17:32:11,366][main_training_parallel.py][line:164][INFO] Epoch:[212/300]	 Test acc=88.570
[2024-04-03 17:32:11,366][main_training_parallel.py][line:170][INFO] Best Test acc=88.670
[2024-04-03 17:32:47,513][main_training_parallel.py][line:161][INFO] Epoch:[213/300]	 loss=489.81688	 acc=78.050
[2024-04-03 17:32:53,125][main_training_parallel.py][line:164][INFO] Epoch:[213/300]	 Test acc=88.330
[2024-04-03 17:32:53,126][main_training_parallel.py][line:170][INFO] Best Test acc=88.670
[2024-04-03 17:33:29,061][main_training_parallel.py][line:161][INFO] Epoch:[214/300]	 loss=493.14752	 acc=78.024
[2024-04-03 17:33:34,695][main_training_parallel.py][line:164][INFO] Epoch:[214/300]	 Test acc=88.010
[2024-04-03 17:33:34,697][main_training_parallel.py][line:170][INFO] Best Test acc=88.670
[2024-04-03 17:34:10,364][main_training_parallel.py][line:161][INFO] Epoch:[215/300]	 loss=490.64168	 acc=78.114
[2024-04-03 17:34:16,206][main_training_parallel.py][line:164][INFO] Epoch:[215/300]	 Test acc=88.730
[2024-04-03 17:34:16,493][main_training_parallel.py][line:170][INFO] Best Test acc=88.730
[2024-04-03 17:34:52,271][main_training_parallel.py][line:161][INFO] Epoch:[216/300]	 loss=493.72411	 acc=77.826
[2024-04-03 17:34:57,948][main_training_parallel.py][line:164][INFO] Epoch:[216/300]	 Test acc=88.470
[2024-04-03 17:34:57,948][main_training_parallel.py][line:170][INFO] Best Test acc=88.730
[2024-04-03 17:35:33,412][main_training_parallel.py][line:161][INFO] Epoch:[217/300]	 loss=491.37136	 acc=78.014
[2024-04-03 17:35:39,347][main_training_parallel.py][line:164][INFO] Epoch:[217/300]	 Test acc=87.750
[2024-04-03 17:35:39,348][main_training_parallel.py][line:170][INFO] Best Test acc=88.730
[2024-04-03 17:36:15,341][main_training_parallel.py][line:161][INFO] Epoch:[218/300]	 loss=492.92343	 acc=78.016
[2024-04-03 17:36:20,234][main_training_parallel.py][line:164][INFO] Epoch:[218/300]	 Test acc=87.780
[2024-04-03 17:36:20,235][main_training_parallel.py][line:170][INFO] Best Test acc=88.730
[2024-04-03 17:36:56,009][main_training_parallel.py][line:161][INFO] Epoch:[219/300]	 loss=486.44202	 acc=78.104
[2024-04-03 17:37:01,751][main_training_parallel.py][line:164][INFO] Epoch:[219/300]	 Test acc=88.250
[2024-04-03 17:37:01,752][main_training_parallel.py][line:170][INFO] Best Test acc=88.730
[2024-04-03 17:37:37,677][main_training_parallel.py][line:161][INFO] Epoch:[220/300]	 loss=493.25092	 acc=77.988
[2024-04-03 17:37:43,651][main_training_parallel.py][line:164][INFO] Epoch:[220/300]	 Test acc=87.920
[2024-04-03 17:37:43,652][main_training_parallel.py][line:170][INFO] Best Test acc=88.730
[2024-04-03 17:38:19,506][main_training_parallel.py][line:161][INFO] Epoch:[221/300]	 loss=485.95205	 acc=78.232
[2024-04-03 17:38:24,317][main_training_parallel.py][line:164][INFO] Epoch:[221/300]	 Test acc=88.520
[2024-04-03 17:38:24,318][main_training_parallel.py][line:170][INFO] Best Test acc=88.730
[2024-04-03 17:39:00,286][main_training_parallel.py][line:161][INFO] Epoch:[222/300]	 loss=488.40716	 acc=78.240
[2024-04-03 17:39:06,093][main_training_parallel.py][line:164][INFO] Epoch:[222/300]	 Test acc=88.150
[2024-04-03 17:39:06,094][main_training_parallel.py][line:170][INFO] Best Test acc=88.730
[2024-04-03 17:39:42,060][main_training_parallel.py][line:161][INFO] Epoch:[223/300]	 loss=488.49848	 acc=78.196
[2024-04-03 17:39:48,005][main_training_parallel.py][line:164][INFO] Epoch:[223/300]	 Test acc=88.210
[2024-04-03 17:39:48,005][main_training_parallel.py][line:170][INFO] Best Test acc=88.730
[2024-04-03 17:40:23,524][main_training_parallel.py][line:161][INFO] Epoch:[224/300]	 loss=489.74209	 acc=77.922
[2024-04-03 17:40:29,592][main_training_parallel.py][line:164][INFO] Epoch:[224/300]	 Test acc=88.420
[2024-04-03 17:40:29,593][main_training_parallel.py][line:170][INFO] Best Test acc=88.730
[2024-04-03 17:41:05,806][main_training_parallel.py][line:161][INFO] Epoch:[225/300]	 loss=488.75925	 acc=77.908
[2024-04-03 17:41:11,528][main_training_parallel.py][line:164][INFO] Epoch:[225/300]	 Test acc=88.340
[2024-04-03 17:41:11,529][main_training_parallel.py][line:170][INFO] Best Test acc=88.730
[2024-04-03 17:41:47,192][main_training_parallel.py][line:161][INFO] Epoch:[226/300]	 loss=495.91578	 acc=77.724
[2024-04-03 17:41:52,890][main_training_parallel.py][line:164][INFO] Epoch:[226/300]	 Test acc=88.440
[2024-04-03 17:41:52,890][main_training_parallel.py][line:170][INFO] Best Test acc=88.730
[2024-04-03 17:42:28,449][main_training_parallel.py][line:161][INFO] Epoch:[227/300]	 loss=490.35152	 acc=78.030
[2024-04-03 17:42:34,251][main_training_parallel.py][line:164][INFO] Epoch:[227/300]	 Test acc=87.780
[2024-04-03 17:42:34,252][main_training_parallel.py][line:170][INFO] Best Test acc=88.730
[2024-04-03 17:43:09,912][main_training_parallel.py][line:161][INFO] Epoch:[228/300]	 loss=491.88182	 acc=78.074
[2024-04-03 17:43:14,799][main_training_parallel.py][line:164][INFO] Epoch:[228/300]	 Test acc=88.500
[2024-04-03 17:43:14,800][main_training_parallel.py][line:170][INFO] Best Test acc=88.730
[2024-04-03 17:43:50,804][main_training_parallel.py][line:161][INFO] Epoch:[229/300]	 loss=493.99105	 acc=77.842
[2024-04-03 17:43:56,832][main_training_parallel.py][line:164][INFO] Epoch:[229/300]	 Test acc=88.510
[2024-04-03 17:43:56,834][main_training_parallel.py][line:170][INFO] Best Test acc=88.730
[2024-04-03 17:44:32,557][main_training_parallel.py][line:161][INFO] Epoch:[230/300]	 loss=491.03505	 acc=77.996
[2024-04-03 17:44:38,437][main_training_parallel.py][line:164][INFO] Epoch:[230/300]	 Test acc=88.760
[2024-04-03 17:44:38,704][main_training_parallel.py][line:170][INFO] Best Test acc=88.760
[2024-04-03 17:45:14,635][main_training_parallel.py][line:161][INFO] Epoch:[231/300]	 loss=481.77553	 acc=78.588
[2024-04-03 17:45:20,546][main_training_parallel.py][line:164][INFO] Epoch:[231/300]	 Test acc=88.270
[2024-04-03 17:45:20,547][main_training_parallel.py][line:170][INFO] Best Test acc=88.760
[2024-04-03 17:45:56,328][main_training_parallel.py][line:161][INFO] Epoch:[232/300]	 loss=499.01486	 acc=77.766
[2024-04-03 17:46:01,206][main_training_parallel.py][line:164][INFO] Epoch:[232/300]	 Test acc=88.540
[2024-04-03 17:46:01,206][main_training_parallel.py][line:170][INFO] Best Test acc=88.760
[2024-04-03 17:46:37,064][main_training_parallel.py][line:161][INFO] Epoch:[233/300]	 loss=486.85713	 acc=78.354
[2024-04-03 17:46:43,014][main_training_parallel.py][line:164][INFO] Epoch:[233/300]	 Test acc=88.290
[2024-04-03 17:46:43,014][main_training_parallel.py][line:170][INFO] Best Test acc=88.760
[2024-04-03 17:47:18,611][main_training_parallel.py][line:161][INFO] Epoch:[234/300]	 loss=485.81095	 acc=78.230
[2024-04-03 17:47:24,524][main_training_parallel.py][line:164][INFO] Epoch:[234/300]	 Test acc=88.680
[2024-04-03 17:47:24,525][main_training_parallel.py][line:170][INFO] Best Test acc=88.760
[2024-04-03 17:48:00,338][main_training_parallel.py][line:161][INFO] Epoch:[235/300]	 loss=485.76849	 acc=78.254
[2024-04-03 17:48:04,975][main_training_parallel.py][line:164][INFO] Epoch:[235/300]	 Test acc=88.160
[2024-04-03 17:48:04,976][main_training_parallel.py][line:170][INFO] Best Test acc=88.760
[2024-04-03 17:48:40,520][main_training_parallel.py][line:161][INFO] Epoch:[236/300]	 loss=489.80457	 acc=78.232
[2024-04-03 17:48:45,384][main_training_parallel.py][line:164][INFO] Epoch:[236/300]	 Test acc=87.790
[2024-04-03 17:48:45,386][main_training_parallel.py][line:170][INFO] Best Test acc=88.760
[2024-04-03 17:49:21,281][main_training_parallel.py][line:161][INFO] Epoch:[237/300]	 loss=493.51491	 acc=78.080
[2024-04-03 17:49:27,145][main_training_parallel.py][line:164][INFO] Epoch:[237/300]	 Test acc=88.380
[2024-04-03 17:49:27,146][main_training_parallel.py][line:170][INFO] Best Test acc=88.760
[2024-04-03 17:50:03,202][main_training_parallel.py][line:161][INFO] Epoch:[238/300]	 loss=484.62050	 acc=78.162
[2024-04-03 17:50:08,736][main_training_parallel.py][line:164][INFO] Epoch:[238/300]	 Test acc=88.690
[2024-04-03 17:50:08,736][main_training_parallel.py][line:170][INFO] Best Test acc=88.760
[2024-04-03 17:50:44,790][main_training_parallel.py][line:161][INFO] Epoch:[239/300]	 loss=485.05380	 acc=78.548
[2024-04-03 17:50:50,616][main_training_parallel.py][line:164][INFO] Epoch:[239/300]	 Test acc=88.310
[2024-04-03 17:50:50,617][main_training_parallel.py][line:170][INFO] Best Test acc=88.760
[2024-04-03 17:51:26,653][main_training_parallel.py][line:161][INFO] Epoch:[240/300]	 loss=483.29441	 acc=78.338
[2024-04-03 17:51:32,386][main_training_parallel.py][line:164][INFO] Epoch:[240/300]	 Test acc=87.920
[2024-04-03 17:51:32,386][main_training_parallel.py][line:170][INFO] Best Test acc=88.760
[2024-04-03 17:52:08,419][main_training_parallel.py][line:161][INFO] Epoch:[241/300]	 loss=492.70490	 acc=77.854
[2024-04-03 17:52:14,393][main_training_parallel.py][line:164][INFO] Epoch:[241/300]	 Test acc=87.920
[2024-04-03 17:52:14,393][main_training_parallel.py][line:170][INFO] Best Test acc=88.760
[2024-04-03 17:52:50,270][main_training_parallel.py][line:161][INFO] Epoch:[242/300]	 loss=489.87641	 acc=78.048
[2024-04-03 17:52:56,117][main_training_parallel.py][line:164][INFO] Epoch:[242/300]	 Test acc=88.570
[2024-04-03 17:52:56,117][main_training_parallel.py][line:170][INFO] Best Test acc=88.760
[2024-04-03 17:53:32,072][main_training_parallel.py][line:161][INFO] Epoch:[243/300]	 loss=480.41360	 acc=78.312
[2024-04-03 17:53:37,709][main_training_parallel.py][line:164][INFO] Epoch:[243/300]	 Test acc=88.380
[2024-04-03 17:53:37,710][main_training_parallel.py][line:170][INFO] Best Test acc=88.760
[2024-04-03 17:54:14,280][main_training_parallel.py][line:161][INFO] Epoch:[244/300]	 loss=484.19164	 acc=78.260
[2024-04-03 17:54:20,049][main_training_parallel.py][line:164][INFO] Epoch:[244/300]	 Test acc=88.290
[2024-04-03 17:54:20,050][main_training_parallel.py][line:170][INFO] Best Test acc=88.760
[2024-04-03 17:54:56,193][main_training_parallel.py][line:161][INFO] Epoch:[245/300]	 loss=493.43457	 acc=77.954
[2024-04-03 17:55:01,939][main_training_parallel.py][line:164][INFO] Epoch:[245/300]	 Test acc=88.690
[2024-04-03 17:55:01,940][main_training_parallel.py][line:170][INFO] Best Test acc=88.760
[2024-04-03 17:55:37,793][main_training_parallel.py][line:161][INFO] Epoch:[246/300]	 loss=479.83705	 acc=78.564
[2024-04-03 17:55:43,381][main_training_parallel.py][line:164][INFO] Epoch:[246/300]	 Test acc=88.800
[2024-04-03 17:55:43,568][main_training_parallel.py][line:170][INFO] Best Test acc=88.800
[2024-04-03 17:56:19,615][main_training_parallel.py][line:161][INFO] Epoch:[247/300]	 loss=481.39990	 acc=78.534
[2024-04-03 17:56:25,544][main_training_parallel.py][line:164][INFO] Epoch:[247/300]	 Test acc=88.000
[2024-04-03 17:56:25,545][main_training_parallel.py][line:170][INFO] Best Test acc=88.800
[2024-04-03 17:57:02,271][main_training_parallel.py][line:161][INFO] Epoch:[248/300]	 loss=485.94004	 acc=78.190
[2024-04-03 17:57:08,179][main_training_parallel.py][line:164][INFO] Epoch:[248/300]	 Test acc=88.000
[2024-04-03 17:57:08,179][main_training_parallel.py][line:170][INFO] Best Test acc=88.800
[2024-04-03 17:57:44,427][main_training_parallel.py][line:161][INFO] Epoch:[249/300]	 loss=477.03155	 acc=78.444
[2024-04-03 17:57:50,153][main_training_parallel.py][line:164][INFO] Epoch:[249/300]	 Test acc=88.360
[2024-04-03 17:57:50,154][main_training_parallel.py][line:170][INFO] Best Test acc=88.800
[2024-04-03 17:58:25,840][main_training_parallel.py][line:161][INFO] Epoch:[250/300]	 loss=481.81331	 acc=78.580
[2024-04-03 17:58:31,700][main_training_parallel.py][line:164][INFO] Epoch:[250/300]	 Test acc=88.030
[2024-04-03 17:58:31,701][main_training_parallel.py][line:170][INFO] Best Test acc=88.800
[2024-04-03 17:59:07,380][main_training_parallel.py][line:161][INFO] Epoch:[251/300]	 loss=483.11548	 acc=78.374
[2024-04-03 17:59:13,252][main_training_parallel.py][line:164][INFO] Epoch:[251/300]	 Test acc=88.530
[2024-04-03 17:59:13,252][main_training_parallel.py][line:170][INFO] Best Test acc=88.800
[2024-04-03 17:59:49,150][main_training_parallel.py][line:161][INFO] Epoch:[252/300]	 loss=479.35317	 acc=78.798
[2024-04-03 17:59:53,673][main_training_parallel.py][line:164][INFO] Epoch:[252/300]	 Test acc=88.270
[2024-04-03 17:59:53,673][main_training_parallel.py][line:170][INFO] Best Test acc=88.800
[2024-04-03 18:00:29,213][main_training_parallel.py][line:161][INFO] Epoch:[253/300]	 loss=487.70183	 acc=78.160
[2024-04-03 18:00:34,902][main_training_parallel.py][line:164][INFO] Epoch:[253/300]	 Test acc=88.340
[2024-04-03 18:00:34,902][main_training_parallel.py][line:170][INFO] Best Test acc=88.800
[2024-04-03 18:01:10,980][main_training_parallel.py][line:161][INFO] Epoch:[254/300]	 loss=486.83517	 acc=78.398
[2024-04-03 18:01:16,873][main_training_parallel.py][line:164][INFO] Epoch:[254/300]	 Test acc=88.540
[2024-04-03 18:01:16,874][main_training_parallel.py][line:170][INFO] Best Test acc=88.800
[2024-04-03 18:01:52,643][main_training_parallel.py][line:161][INFO] Epoch:[255/300]	 loss=486.64300	 acc=78.202
[2024-04-03 18:01:58,117][main_training_parallel.py][line:164][INFO] Epoch:[255/300]	 Test acc=88.300
[2024-04-03 18:01:58,117][main_training_parallel.py][line:170][INFO] Best Test acc=88.800
[2024-04-03 18:02:33,718][main_training_parallel.py][line:161][INFO] Epoch:[256/300]	 loss=493.90310	 acc=77.820
[2024-04-03 18:02:39,362][main_training_parallel.py][line:164][INFO] Epoch:[256/300]	 Test acc=88.390
[2024-04-03 18:02:39,363][main_training_parallel.py][line:170][INFO] Best Test acc=88.800
[2024-04-03 18:03:14,990][main_training_parallel.py][line:161][INFO] Epoch:[257/300]	 loss=480.32373	 acc=78.394
[2024-04-03 18:03:20,249][main_training_parallel.py][line:164][INFO] Epoch:[257/300]	 Test acc=88.630
[2024-04-03 18:03:20,249][main_training_parallel.py][line:170][INFO] Best Test acc=88.800
[2024-04-03 18:03:56,582][main_training_parallel.py][line:161][INFO] Epoch:[258/300]	 loss=480.66326	 acc=78.608
[2024-04-03 18:04:02,137][main_training_parallel.py][line:164][INFO] Epoch:[258/300]	 Test acc=88.280
[2024-04-03 18:04:02,138][main_training_parallel.py][line:170][INFO] Best Test acc=88.800
[2024-04-03 18:04:38,347][main_training_parallel.py][line:161][INFO] Epoch:[259/300]	 loss=482.42180	 acc=78.324
[2024-04-03 18:04:43,904][main_training_parallel.py][line:164][INFO] Epoch:[259/300]	 Test acc=88.400
[2024-04-03 18:04:43,905][main_training_parallel.py][line:170][INFO] Best Test acc=88.800
[2024-04-03 18:05:21,684][main_training_parallel.py][line:161][INFO] Epoch:[260/300]	 loss=476.40416	 acc=78.600
[2024-04-03 18:05:28,323][main_training_parallel.py][line:164][INFO] Epoch:[260/300]	 Test acc=88.220
[2024-04-03 18:05:28,324][main_training_parallel.py][line:170][INFO] Best Test acc=88.800
[2024-04-03 18:06:04,790][main_training_parallel.py][line:161][INFO] Epoch:[261/300]	 loss=489.54066	 acc=78.142
[2024-04-03 18:06:11,427][main_training_parallel.py][line:164][INFO] Epoch:[261/300]	 Test acc=88.890
[2024-04-03 18:06:11,732][main_training_parallel.py][line:170][INFO] Best Test acc=88.890
[2024-04-03 18:06:51,661][main_training_parallel.py][line:161][INFO] Epoch:[262/300]	 loss=478.01993	 acc=78.598
[2024-04-03 18:06:58,699][main_training_parallel.py][line:164][INFO] Epoch:[262/300]	 Test acc=88.440
[2024-04-03 18:06:58,701][main_training_parallel.py][line:170][INFO] Best Test acc=88.890
[2024-04-03 18:07:36,303][main_training_parallel.py][line:161][INFO] Epoch:[263/300]	 loss=478.96195	 acc=78.476
[2024-04-03 18:07:40,856][main_training_parallel.py][line:164][INFO] Epoch:[263/300]	 Test acc=88.380
[2024-04-03 18:07:40,857][main_training_parallel.py][line:170][INFO] Best Test acc=88.890
[2024-04-03 18:08:19,661][main_training_parallel.py][line:161][INFO] Epoch:[264/300]	 loss=480.00764	 acc=78.598
[2024-04-03 18:08:26,326][main_training_parallel.py][line:164][INFO] Epoch:[264/300]	 Test acc=88.440
[2024-04-03 18:08:26,326][main_training_parallel.py][line:170][INFO] Best Test acc=88.890
[2024-04-03 18:09:06,587][main_training_parallel.py][line:161][INFO] Epoch:[265/300]	 loss=481.32400	 acc=78.566
[2024-04-03 18:09:13,176][main_training_parallel.py][line:164][INFO] Epoch:[265/300]	 Test acc=87.640
[2024-04-03 18:09:13,177][main_training_parallel.py][line:170][INFO] Best Test acc=88.890
[2024-04-03 18:09:53,826][main_training_parallel.py][line:161][INFO] Epoch:[266/300]	 loss=479.59996	 acc=78.414
[2024-04-03 18:10:00,577][main_training_parallel.py][line:164][INFO] Epoch:[266/300]	 Test acc=88.680
[2024-04-03 18:10:00,578][main_training_parallel.py][line:170][INFO] Best Test acc=88.890
[2024-04-03 18:10:39,111][main_training_parallel.py][line:161][INFO] Epoch:[267/300]	 loss=481.88507	 acc=78.416
[2024-04-03 18:10:44,973][main_training_parallel.py][line:164][INFO] Epoch:[267/300]	 Test acc=88.070
[2024-04-03 18:10:44,974][main_training_parallel.py][line:170][INFO] Best Test acc=88.890
[2024-04-03 18:11:24,398][main_training_parallel.py][line:161][INFO] Epoch:[268/300]	 loss=480.50836	 acc=78.488
[2024-04-03 18:11:30,661][main_training_parallel.py][line:164][INFO] Epoch:[268/300]	 Test acc=88.420
[2024-04-03 18:11:30,662][main_training_parallel.py][line:170][INFO] Best Test acc=88.890
[2024-04-03 18:12:10,094][main_training_parallel.py][line:161][INFO] Epoch:[269/300]	 loss=480.59792	 acc=78.468
[2024-04-03 18:12:14,886][main_training_parallel.py][line:164][INFO] Epoch:[269/300]	 Test acc=88.200
[2024-04-03 18:12:14,887][main_training_parallel.py][line:170][INFO] Best Test acc=88.890
[2024-04-03 18:12:50,965][main_training_parallel.py][line:161][INFO] Epoch:[270/300]	 loss=481.41655	 acc=78.346
[2024-04-03 18:12:56,623][main_training_parallel.py][line:164][INFO] Epoch:[270/300]	 Test acc=89.140
[2024-04-03 18:12:56,909][main_training_parallel.py][line:170][INFO] Best Test acc=89.140
[2024-04-03 18:13:32,818][main_training_parallel.py][line:161][INFO] Epoch:[271/300]	 loss=488.47071	 acc=78.268
[2024-04-03 18:13:38,323][main_training_parallel.py][line:164][INFO] Epoch:[271/300]	 Test acc=88.290
[2024-04-03 18:13:38,323][main_training_parallel.py][line:170][INFO] Best Test acc=89.140
[2024-04-03 18:14:14,094][main_training_parallel.py][line:161][INFO] Epoch:[272/300]	 loss=479.51115	 acc=78.470
[2024-04-03 18:14:18,691][main_training_parallel.py][line:164][INFO] Epoch:[272/300]	 Test acc=88.600
[2024-04-03 18:14:18,692][main_training_parallel.py][line:170][INFO] Best Test acc=89.140
[2024-04-03 18:14:56,082][main_training_parallel.py][line:161][INFO] Epoch:[273/300]	 loss=481.98516	 acc=78.392
[2024-04-03 18:15:01,728][main_training_parallel.py][line:164][INFO] Epoch:[273/300]	 Test acc=88.670
[2024-04-03 18:15:01,728][main_training_parallel.py][line:170][INFO] Best Test acc=89.140
[2024-04-03 18:15:37,713][main_training_parallel.py][line:161][INFO] Epoch:[274/300]	 loss=475.19318	 acc=78.786
[2024-04-03 18:15:43,411][main_training_parallel.py][line:164][INFO] Epoch:[274/300]	 Test acc=88.370
[2024-04-03 18:15:43,412][main_training_parallel.py][line:170][INFO] Best Test acc=89.140
[2024-04-03 18:16:18,864][main_training_parallel.py][line:161][INFO] Epoch:[275/300]	 loss=477.44490	 acc=78.642
[2024-04-03 18:16:24,578][main_training_parallel.py][line:164][INFO] Epoch:[275/300]	 Test acc=88.190
[2024-04-03 18:16:24,579][main_training_parallel.py][line:170][INFO] Best Test acc=89.140
[2024-04-03 18:17:00,202][main_training_parallel.py][line:161][INFO] Epoch:[276/300]	 loss=489.63766	 acc=78.122
[2024-04-03 18:17:06,256][main_training_parallel.py][line:164][INFO] Epoch:[276/300]	 Test acc=88.280
[2024-04-03 18:17:06,256][main_training_parallel.py][line:170][INFO] Best Test acc=89.140
[2024-04-03 18:17:41,853][main_training_parallel.py][line:161][INFO] Epoch:[277/300]	 loss=479.45924	 acc=78.606
[2024-04-03 18:17:47,584][main_training_parallel.py][line:164][INFO] Epoch:[277/300]	 Test acc=88.170
[2024-04-03 18:17:47,584][main_training_parallel.py][line:170][INFO] Best Test acc=89.140
[2024-04-03 18:18:23,124][main_training_parallel.py][line:161][INFO] Epoch:[278/300]	 loss=480.90991	 acc=78.444
[2024-04-03 18:18:28,560][main_training_parallel.py][line:164][INFO] Epoch:[278/300]	 Test acc=88.360
[2024-04-03 18:18:28,561][main_training_parallel.py][line:170][INFO] Best Test acc=89.140
[2024-04-03 18:19:04,043][main_training_parallel.py][line:161][INFO] Epoch:[279/300]	 loss=478.90711	 acc=78.394
[2024-04-03 18:19:09,687][main_training_parallel.py][line:164][INFO] Epoch:[279/300]	 Test acc=88.620
[2024-04-03 18:19:09,687][main_training_parallel.py][line:170][INFO] Best Test acc=89.140
[2024-04-03 18:19:45,371][main_training_parallel.py][line:161][INFO] Epoch:[280/300]	 loss=476.88898	 acc=78.520
[2024-04-03 18:19:50,085][main_training_parallel.py][line:164][INFO] Epoch:[280/300]	 Test acc=88.900
[2024-04-03 18:19:50,085][main_training_parallel.py][line:170][INFO] Best Test acc=89.140
[2024-04-03 18:20:25,711][main_training_parallel.py][line:161][INFO] Epoch:[281/300]	 loss=477.36507	 acc=78.622
[2024-04-03 18:20:30,701][main_training_parallel.py][line:164][INFO] Epoch:[281/300]	 Test acc=88.700
[2024-04-03 18:20:30,702][main_training_parallel.py][line:170][INFO] Best Test acc=89.140
[2024-04-03 18:21:07,244][main_training_parallel.py][line:161][INFO] Epoch:[282/300]	 loss=480.08282	 acc=78.588
[2024-04-03 18:21:12,988][main_training_parallel.py][line:164][INFO] Epoch:[282/300]	 Test acc=88.500
[2024-04-03 18:21:12,989][main_training_parallel.py][line:170][INFO] Best Test acc=89.140
[2024-04-03 18:21:49,471][main_training_parallel.py][line:161][INFO] Epoch:[283/300]	 loss=479.13811	 acc=78.662
[2024-04-03 18:21:54,083][main_training_parallel.py][line:164][INFO] Epoch:[283/300]	 Test acc=88.370
[2024-04-03 18:21:54,083][main_training_parallel.py][line:170][INFO] Best Test acc=89.140
[2024-04-03 18:22:29,983][main_training_parallel.py][line:161][INFO] Epoch:[284/300]	 loss=478.46306	 acc=78.700
[2024-04-03 18:22:35,807][main_training_parallel.py][line:164][INFO] Epoch:[284/300]	 Test acc=88.240
[2024-04-03 18:22:35,808][main_training_parallel.py][line:170][INFO] Best Test acc=89.140
[2024-04-03 18:23:11,913][main_training_parallel.py][line:161][INFO] Epoch:[285/300]	 loss=481.98627	 acc=78.498
[2024-04-03 18:23:17,691][main_training_parallel.py][line:164][INFO] Epoch:[285/300]	 Test acc=88.160
[2024-04-03 18:23:17,691][main_training_parallel.py][line:170][INFO] Best Test acc=89.140
[2024-04-03 18:23:53,834][main_training_parallel.py][line:161][INFO] Epoch:[286/300]	 loss=477.33862	 acc=78.862
[2024-04-03 18:24:00,977][main_training_parallel.py][line:164][INFO] Epoch:[286/300]	 Test acc=88.200
[2024-04-03 18:24:00,978][main_training_parallel.py][line:170][INFO] Best Test acc=89.140
[2024-04-03 18:24:37,582][main_training_parallel.py][line:161][INFO] Epoch:[287/300]	 loss=486.28901	 acc=78.272
[2024-04-03 18:24:44,523][main_training_parallel.py][line:164][INFO] Epoch:[287/300]	 Test acc=88.720
[2024-04-03 18:24:44,523][main_training_parallel.py][line:170][INFO] Best Test acc=89.140
[2024-04-03 18:25:21,029][main_training_parallel.py][line:161][INFO] Epoch:[288/300]	 loss=476.92152	 acc=78.812
[2024-04-03 18:25:28,121][main_training_parallel.py][line:164][INFO] Epoch:[288/300]	 Test acc=88.210
[2024-04-03 18:25:28,121][main_training_parallel.py][line:170][INFO] Best Test acc=89.140
[2024-04-03 18:26:04,201][main_training_parallel.py][line:161][INFO] Epoch:[289/300]	 loss=475.87817	 acc=78.866
[2024-04-03 18:26:11,088][main_training_parallel.py][line:164][INFO] Epoch:[289/300]	 Test acc=88.270
[2024-04-03 18:26:11,089][main_training_parallel.py][line:170][INFO] Best Test acc=89.140
[2024-04-03 18:26:47,573][main_training_parallel.py][line:161][INFO] Epoch:[290/300]	 loss=480.61506	 acc=78.428
[2024-04-03 18:26:54,590][main_training_parallel.py][line:164][INFO] Epoch:[290/300]	 Test acc=88.290
[2024-04-03 18:26:54,591][main_training_parallel.py][line:170][INFO] Best Test acc=89.140
[2024-04-03 18:27:31,181][main_training_parallel.py][line:161][INFO] Epoch:[291/300]	 loss=482.50444	 acc=78.408
[2024-04-03 18:27:37,112][main_training_parallel.py][line:164][INFO] Epoch:[291/300]	 Test acc=88.650
[2024-04-03 18:27:37,113][main_training_parallel.py][line:170][INFO] Best Test acc=89.140
[2024-04-03 18:28:13,379][main_training_parallel.py][line:161][INFO] Epoch:[292/300]	 loss=482.26875	 acc=78.454
[2024-04-03 18:28:20,156][main_training_parallel.py][line:164][INFO] Epoch:[292/300]	 Test acc=88.770
[2024-04-03 18:28:20,156][main_training_parallel.py][line:170][INFO] Best Test acc=89.140
[2024-04-03 18:28:56,544][main_training_parallel.py][line:161][INFO] Epoch:[293/300]	 loss=473.88109	 acc=78.660
[2024-04-03 18:29:02,593][main_training_parallel.py][line:164][INFO] Epoch:[293/300]	 Test acc=88.180
[2024-04-03 18:29:02,594][main_training_parallel.py][line:170][INFO] Best Test acc=89.140
[2024-04-03 18:29:39,103][main_training_parallel.py][line:161][INFO] Epoch:[294/300]	 loss=473.38350	 acc=78.706
[2024-04-03 18:29:45,469][main_training_parallel.py][line:164][INFO] Epoch:[294/300]	 Test acc=88.260
[2024-04-03 18:29:45,469][main_training_parallel.py][line:170][INFO] Best Test acc=89.140
[2024-04-03 18:30:22,353][main_training_parallel.py][line:161][INFO] Epoch:[295/300]	 loss=481.86321	 acc=78.534
[2024-04-03 18:30:29,468][main_training_parallel.py][line:164][INFO] Epoch:[295/300]	 Test acc=88.530
[2024-04-03 18:30:29,468][main_training_parallel.py][line:170][INFO] Best Test acc=89.140
[2024-04-03 18:31:06,496][main_training_parallel.py][line:161][INFO] Epoch:[296/300]	 loss=476.35914	 acc=78.804
[2024-04-03 18:31:13,259][main_training_parallel.py][line:164][INFO] Epoch:[296/300]	 Test acc=89.070
[2024-04-03 18:31:13,259][main_training_parallel.py][line:170][INFO] Best Test acc=89.140
[2024-04-03 18:31:50,319][main_training_parallel.py][line:161][INFO] Epoch:[297/300]	 loss=477.65895	 acc=78.682
[2024-04-03 18:31:57,381][main_training_parallel.py][line:164][INFO] Epoch:[297/300]	 Test acc=88.930
[2024-04-03 18:31:57,382][main_training_parallel.py][line:170][INFO] Best Test acc=89.140
[2024-04-03 18:32:34,104][main_training_parallel.py][line:161][INFO] Epoch:[298/300]	 loss=479.82333	 acc=78.608
[2024-04-03 18:32:40,673][main_training_parallel.py][line:164][INFO] Epoch:[298/300]	 Test acc=88.200
[2024-04-03 18:32:40,674][main_training_parallel.py][line:170][INFO] Best Test acc=89.140
[2024-04-03 18:33:17,322][main_training_parallel.py][line:161][INFO] Epoch:[299/300]	 loss=483.12784	 acc=78.452
[2024-04-03 18:33:24,369][main_training_parallel.py][line:164][INFO] Epoch:[299/300]	 Test acc=88.280
[2024-04-03 18:33:24,369][main_training_parallel.py][line:170][INFO] Best Test acc=89.140
