[2024-04-01 16:31:59,960][main_training_parallel.py][line:155][INFO] start training!
[2024-04-01 16:32:39,789][main_training_parallel.py][line:159][INFO] Epoch:[0/300]	 loss=1468.13307	 acc=30.458
[2024-04-01 16:32:45,773][main_training_parallel.py][line:162][INFO] Epoch:[0/300]	 Test acc=41.970
[2024-04-01 16:32:45,938][main_training_parallel.py][line:168][INFO] Best Test acc=41.970
[2024-04-01 16:33:24,872][main_training_parallel.py][line:159][INFO] Epoch:[1/300]	 loss=1217.22441	 acc=43.904
[2024-04-01 16:33:31,436][main_training_parallel.py][line:162][INFO] Epoch:[1/300]	 Test acc=52.040
[2024-04-01 16:33:31,716][main_training_parallel.py][line:168][INFO] Best Test acc=52.040
[2024-04-01 16:34:10,858][main_training_parallel.py][line:159][INFO] Epoch:[2/300]	 loss=1080.33655	 acc=50.532
[2024-04-01 16:34:18,978][main_training_parallel.py][line:162][INFO] Epoch:[2/300]	 Test acc=61.850
[2024-04-01 16:34:19,287][main_training_parallel.py][line:168][INFO] Best Test acc=61.850
[2024-04-01 16:34:59,199][main_training_parallel.py][line:159][INFO] Epoch:[3/300]	 loss=993.02440	 acc=54.750
[2024-04-01 16:35:06,486][main_training_parallel.py][line:162][INFO] Epoch:[3/300]	 Test acc=66.790
[2024-04-01 16:35:06,685][main_training_parallel.py][line:168][INFO] Best Test acc=66.790
[2024-04-01 16:35:46,561][main_training_parallel.py][line:159][INFO] Epoch:[4/300]	 loss=928.53350	 acc=58.050
[2024-04-01 16:35:53,698][main_training_parallel.py][line:162][INFO] Epoch:[4/300]	 Test acc=65.380
[2024-04-01 16:35:53,698][main_training_parallel.py][line:168][INFO] Best Test acc=66.790
[2024-04-01 16:36:33,632][main_training_parallel.py][line:159][INFO] Epoch:[5/300]	 loss=873.76551	 acc=60.556
[2024-04-01 16:36:40,906][main_training_parallel.py][line:162][INFO] Epoch:[5/300]	 Test acc=70.810
[2024-04-01 16:36:41,226][main_training_parallel.py][line:168][INFO] Best Test acc=70.810
[2024-04-01 16:37:20,625][main_training_parallel.py][line:159][INFO] Epoch:[6/300]	 loss=828.50077	 acc=62.336
[2024-04-01 16:37:27,557][main_training_parallel.py][line:162][INFO] Epoch:[6/300]	 Test acc=76.540
[2024-04-01 16:37:27,855][main_training_parallel.py][line:168][INFO] Best Test acc=76.540
[2024-04-01 16:38:07,438][main_training_parallel.py][line:159][INFO] Epoch:[7/300]	 loss=804.88484	 acc=63.858
[2024-04-01 16:38:14,196][main_training_parallel.py][line:162][INFO] Epoch:[7/300]	 Test acc=76.450
[2024-04-01 16:38:14,197][main_training_parallel.py][line:168][INFO] Best Test acc=76.540
[2024-04-01 16:38:53,783][main_training_parallel.py][line:159][INFO] Epoch:[8/300]	 loss=776.93603	 acc=65.194
[2024-04-01 16:39:00,926][main_training_parallel.py][line:162][INFO] Epoch:[8/300]	 Test acc=76.240
[2024-04-01 16:39:00,926][main_training_parallel.py][line:168][INFO] Best Test acc=76.540
[2024-04-01 16:39:40,141][main_training_parallel.py][line:159][INFO] Epoch:[9/300]	 loss=752.07855	 acc=66.352
[2024-04-01 16:39:46,653][main_training_parallel.py][line:162][INFO] Epoch:[9/300]	 Test acc=78.460
[2024-04-01 16:39:46,935][main_training_parallel.py][line:168][INFO] Best Test acc=78.460
[2024-04-01 16:40:26,349][main_training_parallel.py][line:159][INFO] Epoch:[10/300]	 loss=732.07466	 acc=67.238
[2024-04-01 16:40:33,388][main_training_parallel.py][line:162][INFO] Epoch:[10/300]	 Test acc=63.710
[2024-04-01 16:40:33,388][main_training_parallel.py][line:168][INFO] Best Test acc=78.460
[2024-04-01 16:41:11,742][main_training_parallel.py][line:159][INFO] Epoch:[11/300]	 loss=713.19178	 acc=68.010
[2024-04-01 16:41:18,347][main_training_parallel.py][line:162][INFO] Epoch:[11/300]	 Test acc=80.650
[2024-04-01 16:41:18,512][main_training_parallel.py][line:168][INFO] Best Test acc=80.650
[2024-04-01 16:41:57,832][main_training_parallel.py][line:159][INFO] Epoch:[12/300]	 loss=704.26741	 acc=68.268
[2024-04-01 16:42:04,781][main_training_parallel.py][line:162][INFO] Epoch:[12/300]	 Test acc=80.860
[2024-04-01 16:42:05,078][main_training_parallel.py][line:168][INFO] Best Test acc=80.860
[2024-04-01 16:42:44,480][main_training_parallel.py][line:159][INFO] Epoch:[13/300]	 loss=682.52312	 acc=69.286
[2024-04-01 16:42:51,458][main_training_parallel.py][line:162][INFO] Epoch:[13/300]	 Test acc=81.200
[2024-04-01 16:42:51,757][main_training_parallel.py][line:168][INFO] Best Test acc=81.200
[2024-04-01 16:43:31,168][main_training_parallel.py][line:159][INFO] Epoch:[14/300]	 loss=678.90883	 acc=69.626
[2024-04-01 16:43:38,089][main_training_parallel.py][line:162][INFO] Epoch:[14/300]	 Test acc=76.320
[2024-04-01 16:43:38,089][main_training_parallel.py][line:168][INFO] Best Test acc=81.200
[2024-04-01 16:44:18,341][main_training_parallel.py][line:159][INFO] Epoch:[15/300]	 loss=660.45016	 acc=70.722
[2024-04-01 16:44:25,560][main_training_parallel.py][line:162][INFO] Epoch:[15/300]	 Test acc=79.460
[2024-04-01 16:44:25,561][main_training_parallel.py][line:168][INFO] Best Test acc=81.200
[2024-04-01 16:45:04,791][main_training_parallel.py][line:159][INFO] Epoch:[16/300]	 loss=651.16951	 acc=70.798
[2024-04-01 16:45:13,341][main_training_parallel.py][line:162][INFO] Epoch:[16/300]	 Test acc=82.720
[2024-04-01 16:45:13,649][main_training_parallel.py][line:168][INFO] Best Test acc=82.720
[2024-04-01 16:45:53,669][main_training_parallel.py][line:159][INFO] Epoch:[17/300]	 loss=639.54678	 acc=71.480
[2024-04-01 16:46:00,553][main_training_parallel.py][line:162][INFO] Epoch:[17/300]	 Test acc=81.490
[2024-04-01 16:46:00,553][main_training_parallel.py][line:168][INFO] Best Test acc=82.720
[2024-04-01 16:46:39,094][main_training_parallel.py][line:159][INFO] Epoch:[18/300]	 loss=629.74754	 acc=71.812
[2024-04-01 16:46:45,972][main_training_parallel.py][line:162][INFO] Epoch:[18/300]	 Test acc=74.400
[2024-04-01 16:46:45,973][main_training_parallel.py][line:168][INFO] Best Test acc=82.720
[2024-04-01 16:47:25,687][main_training_parallel.py][line:159][INFO] Epoch:[19/300]	 loss=628.30993	 acc=72.182
[2024-04-01 16:47:32,890][main_training_parallel.py][line:162][INFO] Epoch:[19/300]	 Test acc=80.620
[2024-04-01 16:47:32,891][main_training_parallel.py][line:168][INFO] Best Test acc=82.720
[2024-04-01 16:48:13,024][main_training_parallel.py][line:159][INFO] Epoch:[20/300]	 loss=621.03673	 acc=72.292
[2024-04-01 16:48:19,228][main_training_parallel.py][line:162][INFO] Epoch:[20/300]	 Test acc=80.660
[2024-04-01 16:48:19,229][main_training_parallel.py][line:168][INFO] Best Test acc=82.720
[2024-04-01 16:48:58,373][main_training_parallel.py][line:159][INFO] Epoch:[21/300]	 loss=613.79223	 acc=72.432
[2024-04-01 16:49:04,755][main_training_parallel.py][line:162][INFO] Epoch:[21/300]	 Test acc=82.830
[2024-04-01 16:49:05,056][main_training_parallel.py][line:168][INFO] Best Test acc=82.830
[2024-04-01 16:49:43,639][main_training_parallel.py][line:159][INFO] Epoch:[22/300]	 loss=602.34149	 acc=73.134
[2024-04-01 16:49:49,376][main_training_parallel.py][line:162][INFO] Epoch:[22/300]	 Test acc=81.430
[2024-04-01 16:49:49,377][main_training_parallel.py][line:168][INFO] Best Test acc=82.830
[2024-04-01 16:50:28,100][main_training_parallel.py][line:159][INFO] Epoch:[23/300]	 loss=603.75011	 acc=72.990
[2024-04-01 16:50:34,111][main_training_parallel.py][line:162][INFO] Epoch:[23/300]	 Test acc=84.690
[2024-04-01 16:50:34,288][main_training_parallel.py][line:168][INFO] Best Test acc=84.690
[2024-04-01 16:51:12,500][main_training_parallel.py][line:159][INFO] Epoch:[24/300]	 loss=592.59139	 acc=73.594
[2024-04-01 16:51:18,037][main_training_parallel.py][line:162][INFO] Epoch:[24/300]	 Test acc=84.470
[2024-04-01 16:51:18,038][main_training_parallel.py][line:168][INFO] Best Test acc=84.690
[2024-04-01 16:51:55,284][main_training_parallel.py][line:159][INFO] Epoch:[25/300]	 loss=596.95995	 acc=73.536
[2024-04-01 16:52:01,374][main_training_parallel.py][line:162][INFO] Epoch:[25/300]	 Test acc=84.010
[2024-04-01 16:52:01,375][main_training_parallel.py][line:168][INFO] Best Test acc=84.690
[2024-04-01 16:52:40,138][main_training_parallel.py][line:159][INFO] Epoch:[26/300]	 loss=586.68799	 acc=73.852
[2024-04-01 16:52:46,595][main_training_parallel.py][line:162][INFO] Epoch:[26/300]	 Test acc=80.110
[2024-04-01 16:52:46,596][main_training_parallel.py][line:168][INFO] Best Test acc=84.690
[2024-04-01 16:53:25,916][main_training_parallel.py][line:159][INFO] Epoch:[27/300]	 loss=585.07326	 acc=73.930
[2024-04-01 16:53:33,217][main_training_parallel.py][line:162][INFO] Epoch:[27/300]	 Test acc=83.810
[2024-04-01 16:53:33,217][main_training_parallel.py][line:168][INFO] Best Test acc=84.690
[2024-04-01 16:54:12,997][main_training_parallel.py][line:159][INFO] Epoch:[28/300]	 loss=576.80787	 acc=74.406
[2024-04-01 16:54:19,860][main_training_parallel.py][line:162][INFO] Epoch:[28/300]	 Test acc=83.830
[2024-04-01 16:54:19,860][main_training_parallel.py][line:168][INFO] Best Test acc=84.690
[2024-04-01 16:54:57,453][main_training_parallel.py][line:159][INFO] Epoch:[29/300]	 loss=572.64953	 acc=74.506
[2024-04-01 16:55:04,581][main_training_parallel.py][line:162][INFO] Epoch:[29/300]	 Test acc=83.610
[2024-04-01 16:55:04,582][main_training_parallel.py][line:168][INFO] Best Test acc=84.690
[2024-04-01 16:55:44,859][main_training_parallel.py][line:159][INFO] Epoch:[30/300]	 loss=567.06177	 acc=74.682
[2024-04-01 16:55:52,054][main_training_parallel.py][line:162][INFO] Epoch:[30/300]	 Test acc=84.440
[2024-04-01 16:55:52,054][main_training_parallel.py][line:168][INFO] Best Test acc=84.690
[2024-04-01 16:56:31,701][main_training_parallel.py][line:159][INFO] Epoch:[31/300]	 loss=563.07182	 acc=74.916
[2024-04-01 16:56:38,570][main_training_parallel.py][line:162][INFO] Epoch:[31/300]	 Test acc=83.110
[2024-04-01 16:56:38,571][main_training_parallel.py][line:168][INFO] Best Test acc=84.690
[2024-04-01 16:57:17,009][main_training_parallel.py][line:159][INFO] Epoch:[32/300]	 loss=564.52728	 acc=74.756
[2024-04-01 16:57:23,590][main_training_parallel.py][line:162][INFO] Epoch:[32/300]	 Test acc=84.760
[2024-04-01 16:57:23,850][main_training_parallel.py][line:168][INFO] Best Test acc=84.760
[2024-04-01 16:58:02,075][main_training_parallel.py][line:159][INFO] Epoch:[33/300]	 loss=559.87666	 acc=74.994
[2024-04-01 16:58:09,245][main_training_parallel.py][line:162][INFO] Epoch:[33/300]	 Test acc=77.490
[2024-04-01 16:58:09,246][main_training_parallel.py][line:168][INFO] Best Test acc=84.760
[2024-04-01 16:58:47,648][main_training_parallel.py][line:159][INFO] Epoch:[34/300]	 loss=559.56601	 acc=75.038
[2024-04-01 16:58:54,670][main_training_parallel.py][line:162][INFO] Epoch:[34/300]	 Test acc=85.440
[2024-04-01 16:58:54,972][main_training_parallel.py][line:168][INFO] Best Test acc=85.440
[2024-04-01 16:59:34,606][main_training_parallel.py][line:159][INFO] Epoch:[35/300]	 loss=556.25492	 acc=75.066
[2024-04-01 16:59:41,686][main_training_parallel.py][line:162][INFO] Epoch:[35/300]	 Test acc=86.040
[2024-04-01 16:59:41,989][main_training_parallel.py][line:168][INFO] Best Test acc=86.040
[2024-04-01 17:00:20,774][main_training_parallel.py][line:159][INFO] Epoch:[36/300]	 loss=550.96238	 acc=75.322
[2024-04-01 17:00:27,595][main_training_parallel.py][line:162][INFO] Epoch:[36/300]	 Test acc=84.820
[2024-04-01 17:00:27,596][main_training_parallel.py][line:168][INFO] Best Test acc=86.040
[2024-04-01 17:01:06,543][main_training_parallel.py][line:159][INFO] Epoch:[37/300]	 loss=551.86378	 acc=75.276
[2024-04-01 17:01:13,536][main_training_parallel.py][line:162][INFO] Epoch:[37/300]	 Test acc=86.120
[2024-04-01 17:01:13,835][main_training_parallel.py][line:168][INFO] Best Test acc=86.120
[2024-04-01 17:01:53,872][main_training_parallel.py][line:159][INFO] Epoch:[38/300]	 loss=543.65862	 acc=75.716
[2024-04-01 17:02:00,792][main_training_parallel.py][line:162][INFO] Epoch:[38/300]	 Test acc=86.150
[2024-04-01 17:02:01,092][main_training_parallel.py][line:168][INFO] Best Test acc=86.150
[2024-04-01 17:02:40,328][main_training_parallel.py][line:159][INFO] Epoch:[39/300]	 loss=541.60444	 acc=75.632
[2024-04-01 17:02:47,443][main_training_parallel.py][line:162][INFO] Epoch:[39/300]	 Test acc=85.450
[2024-04-01 17:02:47,443][main_training_parallel.py][line:168][INFO] Best Test acc=86.150
[2024-04-01 17:03:25,122][main_training_parallel.py][line:159][INFO] Epoch:[40/300]	 loss=539.72292	 acc=75.854
[2024-04-01 17:03:31,873][main_training_parallel.py][line:162][INFO] Epoch:[40/300]	 Test acc=86.430
[2024-04-01 17:03:32,172][main_training_parallel.py][line:168][INFO] Best Test acc=86.430
[2024-04-01 17:04:11,596][main_training_parallel.py][line:159][INFO] Epoch:[41/300]	 loss=536.85210	 acc=75.952
[2024-04-01 17:04:18,528][main_training_parallel.py][line:162][INFO] Epoch:[41/300]	 Test acc=86.640
[2024-04-01 17:04:18,824][main_training_parallel.py][line:168][INFO] Best Test acc=86.640
[2024-04-01 17:04:57,185][main_training_parallel.py][line:159][INFO] Epoch:[42/300]	 loss=535.47266	 acc=76.276
[2024-04-01 17:05:04,367][main_training_parallel.py][line:162][INFO] Epoch:[42/300]	 Test acc=85.300
[2024-04-01 17:05:04,367][main_training_parallel.py][line:168][INFO] Best Test acc=86.640
[2024-04-01 17:05:43,943][main_training_parallel.py][line:159][INFO] Epoch:[43/300]	 loss=533.46117	 acc=76.266
[2024-04-01 17:05:51,145][main_training_parallel.py][line:162][INFO] Epoch:[43/300]	 Test acc=85.520
[2024-04-01 17:05:51,145][main_training_parallel.py][line:168][INFO] Best Test acc=86.640
[2024-04-01 17:06:29,797][main_training_parallel.py][line:159][INFO] Epoch:[44/300]	 loss=532.07948	 acc=76.376
[2024-04-01 17:06:37,340][main_training_parallel.py][line:162][INFO] Epoch:[44/300]	 Test acc=79.260
[2024-04-01 17:06:37,346][main_training_parallel.py][line:168][INFO] Best Test acc=86.640
[2024-04-01 17:07:15,948][main_training_parallel.py][line:159][INFO] Epoch:[45/300]	 loss=535.40021	 acc=76.098
[2024-04-01 17:07:23,131][main_training_parallel.py][line:162][INFO] Epoch:[45/300]	 Test acc=86.280
[2024-04-01 17:07:23,132][main_training_parallel.py][line:168][INFO] Best Test acc=86.640
[2024-04-01 17:08:02,565][main_training_parallel.py][line:159][INFO] Epoch:[46/300]	 loss=527.39327	 acc=76.604
[2024-04-01 17:08:09,897][main_training_parallel.py][line:162][INFO] Epoch:[46/300]	 Test acc=81.600
[2024-04-01 17:08:09,898][main_training_parallel.py][line:168][INFO] Best Test acc=86.640
[2024-04-01 17:08:49,905][main_training_parallel.py][line:159][INFO] Epoch:[47/300]	 loss=526.26850	 acc=76.632
[2024-04-01 17:08:57,492][main_training_parallel.py][line:162][INFO] Epoch:[47/300]	 Test acc=85.730
[2024-04-01 17:08:57,492][main_training_parallel.py][line:168][INFO] Best Test acc=86.640
[2024-04-01 17:09:37,117][main_training_parallel.py][line:159][INFO] Epoch:[48/300]	 loss=525.88210	 acc=76.814
[2024-04-01 17:09:43,768][main_training_parallel.py][line:162][INFO] Epoch:[48/300]	 Test acc=84.650
[2024-04-01 17:09:43,768][main_training_parallel.py][line:168][INFO] Best Test acc=86.640
[2024-04-01 17:10:23,795][main_training_parallel.py][line:159][INFO] Epoch:[49/300]	 loss=525.11400	 acc=76.454
[2024-04-01 17:10:30,829][main_training_parallel.py][line:162][INFO] Epoch:[49/300]	 Test acc=86.810
[2024-04-01 17:10:31,130][main_training_parallel.py][line:168][INFO] Best Test acc=86.810
[2024-04-01 17:11:10,491][main_training_parallel.py][line:159][INFO] Epoch:[50/300]	 loss=523.34271	 acc=76.738
[2024-04-01 17:11:17,471][main_training_parallel.py][line:162][INFO] Epoch:[50/300]	 Test acc=87.220
[2024-04-01 17:11:17,670][main_training_parallel.py][line:168][INFO] Best Test acc=87.220
[2024-04-01 17:11:56,995][main_training_parallel.py][line:159][INFO] Epoch:[51/300]	 loss=517.34076	 acc=76.866
[2024-04-01 17:12:03,873][main_training_parallel.py][line:162][INFO] Epoch:[51/300]	 Test acc=82.450
[2024-04-01 17:12:03,873][main_training_parallel.py][line:168][INFO] Best Test acc=87.220
[2024-04-01 17:12:43,703][main_training_parallel.py][line:159][INFO] Epoch:[52/300]	 loss=524.26200	 acc=76.578
[2024-04-01 17:12:50,786][main_training_parallel.py][line:162][INFO] Epoch:[52/300]	 Test acc=86.280
[2024-04-01 17:12:50,786][main_training_parallel.py][line:168][INFO] Best Test acc=87.220
[2024-04-01 17:13:30,191][main_training_parallel.py][line:159][INFO] Epoch:[53/300]	 loss=520.57560	 acc=76.758
[2024-04-01 17:13:38,197][main_training_parallel.py][line:162][INFO] Epoch:[53/300]	 Test acc=85.220
[2024-04-01 17:13:38,198][main_training_parallel.py][line:168][INFO] Best Test acc=87.220
[2024-04-01 17:14:17,126][main_training_parallel.py][line:159][INFO] Epoch:[54/300]	 loss=515.74624	 acc=77.058
[2024-04-01 17:14:24,180][main_training_parallel.py][line:162][INFO] Epoch:[54/300]	 Test acc=86.790
[2024-04-01 17:14:24,181][main_training_parallel.py][line:168][INFO] Best Test acc=87.220
[2024-04-01 17:15:04,000][main_training_parallel.py][line:159][INFO] Epoch:[55/300]	 loss=515.38538	 acc=77.098
[2024-04-01 17:15:10,958][main_training_parallel.py][line:162][INFO] Epoch:[55/300]	 Test acc=85.850
[2024-04-01 17:15:10,958][main_training_parallel.py][line:168][INFO] Best Test acc=87.220
[2024-04-01 17:15:49,337][main_training_parallel.py][line:159][INFO] Epoch:[56/300]	 loss=514.17245	 acc=77.054
[2024-04-01 17:15:56,214][main_training_parallel.py][line:162][INFO] Epoch:[56/300]	 Test acc=85.640
[2024-04-01 17:15:56,214][main_training_parallel.py][line:168][INFO] Best Test acc=87.220
[2024-04-01 17:16:35,563][main_training_parallel.py][line:159][INFO] Epoch:[57/300]	 loss=508.68873	 acc=77.434
[2024-04-01 17:16:42,677][main_training_parallel.py][line:162][INFO] Epoch:[57/300]	 Test acc=86.190
[2024-04-01 17:16:42,677][main_training_parallel.py][line:168][INFO] Best Test acc=87.220
[2024-04-01 17:17:22,297][main_training_parallel.py][line:159][INFO] Epoch:[58/300]	 loss=510.75135	 acc=77.310
[2024-04-01 17:17:29,047][main_training_parallel.py][line:162][INFO] Epoch:[58/300]	 Test acc=86.220
[2024-04-01 17:17:29,050][main_training_parallel.py][line:168][INFO] Best Test acc=87.220
[2024-04-01 17:18:08,596][main_training_parallel.py][line:159][INFO] Epoch:[59/300]	 loss=511.76533	 acc=77.232
[2024-04-01 17:18:16,033][main_training_parallel.py][line:162][INFO] Epoch:[59/300]	 Test acc=86.610
[2024-04-01 17:18:16,034][main_training_parallel.py][line:168][INFO] Best Test acc=87.220
[2024-04-01 17:18:55,718][main_training_parallel.py][line:159][INFO] Epoch:[60/300]	 loss=507.82903	 acc=77.372
[2024-04-01 17:19:02,885][main_training_parallel.py][line:162][INFO] Epoch:[60/300]	 Test acc=85.640
[2024-04-01 17:19:02,885][main_training_parallel.py][line:168][INFO] Best Test acc=87.220
[2024-04-01 17:19:42,022][main_training_parallel.py][line:159][INFO] Epoch:[61/300]	 loss=501.93707	 acc=77.396
[2024-04-01 17:19:49,234][main_training_parallel.py][line:162][INFO] Epoch:[61/300]	 Test acc=86.710
[2024-04-01 17:19:49,234][main_training_parallel.py][line:168][INFO] Best Test acc=87.220
[2024-04-01 17:20:28,314][main_training_parallel.py][line:159][INFO] Epoch:[62/300]	 loss=508.00555	 acc=77.374
[2024-04-01 17:20:35,264][main_training_parallel.py][line:162][INFO] Epoch:[62/300]	 Test acc=87.550
[2024-04-01 17:20:35,541][main_training_parallel.py][line:168][INFO] Best Test acc=87.550
[2024-04-01 17:21:15,182][main_training_parallel.py][line:159][INFO] Epoch:[63/300]	 loss=507.25703	 acc=77.590
[2024-04-01 17:21:23,840][main_training_parallel.py][line:162][INFO] Epoch:[63/300]	 Test acc=87.010
[2024-04-01 17:21:23,841][main_training_parallel.py][line:168][INFO] Best Test acc=87.550
[2024-04-01 17:22:03,436][main_training_parallel.py][line:159][INFO] Epoch:[64/300]	 loss=503.02585	 acc=77.516
[2024-04-01 17:22:10,556][main_training_parallel.py][line:162][INFO] Epoch:[64/300]	 Test acc=87.510
[2024-04-01 17:22:10,557][main_training_parallel.py][line:168][INFO] Best Test acc=87.550
[2024-04-01 17:22:48,740][main_training_parallel.py][line:159][INFO] Epoch:[65/300]	 loss=503.70812	 acc=77.334
[2024-04-01 17:22:55,738][main_training_parallel.py][line:162][INFO] Epoch:[65/300]	 Test acc=79.020
[2024-04-01 17:22:55,738][main_training_parallel.py][line:168][INFO] Best Test acc=87.550
[2024-04-01 17:23:35,088][main_training_parallel.py][line:159][INFO] Epoch:[66/300]	 loss=506.47684	 acc=77.398
[2024-04-01 17:23:42,108][main_training_parallel.py][line:162][INFO] Epoch:[66/300]	 Test acc=86.000
[2024-04-01 17:23:42,109][main_training_parallel.py][line:168][INFO] Best Test acc=87.550
[2024-04-01 17:24:21,249][main_training_parallel.py][line:159][INFO] Epoch:[67/300]	 loss=501.93634	 acc=77.532
[2024-04-01 17:24:27,614][main_training_parallel.py][line:162][INFO] Epoch:[67/300]	 Test acc=87.520
[2024-04-01 17:24:27,614][main_training_parallel.py][line:168][INFO] Best Test acc=87.550
[2024-04-01 17:25:07,459][main_training_parallel.py][line:159][INFO] Epoch:[68/300]	 loss=498.61683	 acc=77.512
[2024-04-01 17:25:14,626][main_training_parallel.py][line:162][INFO] Epoch:[68/300]	 Test acc=84.440
[2024-04-01 17:25:14,626][main_training_parallel.py][line:168][INFO] Best Test acc=87.550
[2024-04-01 17:25:54,185][main_training_parallel.py][line:159][INFO] Epoch:[69/300]	 loss=496.13835	 acc=77.908
[2024-04-01 17:25:59,839][main_training_parallel.py][line:162][INFO] Epoch:[69/300]	 Test acc=85.340
[2024-04-01 17:25:59,840][main_training_parallel.py][line:168][INFO] Best Test acc=87.550
[2024-04-01 17:26:39,519][main_training_parallel.py][line:159][INFO] Epoch:[70/300]	 loss=498.01696	 acc=77.730
[2024-04-01 17:26:46,645][main_training_parallel.py][line:162][INFO] Epoch:[70/300]	 Test acc=85.070
[2024-04-01 17:26:46,645][main_training_parallel.py][line:168][INFO] Best Test acc=87.550
[2024-04-01 17:27:25,941][main_training_parallel.py][line:159][INFO] Epoch:[71/300]	 loss=493.12176	 acc=77.942
[2024-04-01 17:27:33,059][main_training_parallel.py][line:162][INFO] Epoch:[71/300]	 Test acc=87.070
[2024-04-01 17:27:33,059][main_training_parallel.py][line:168][INFO] Best Test acc=87.550
[2024-04-01 17:28:12,640][main_training_parallel.py][line:159][INFO] Epoch:[72/300]	 loss=499.63559	 acc=77.728
[2024-04-01 17:28:19,606][main_training_parallel.py][line:162][INFO] Epoch:[72/300]	 Test acc=87.860
[2024-04-01 17:28:19,908][main_training_parallel.py][line:168][INFO] Best Test acc=87.860
[2024-04-01 17:28:58,932][main_training_parallel.py][line:159][INFO] Epoch:[73/300]	 loss=491.62961	 acc=77.956
[2024-04-01 17:29:05,893][main_training_parallel.py][line:162][INFO] Epoch:[73/300]	 Test acc=85.180
[2024-04-01 17:29:05,894][main_training_parallel.py][line:168][INFO] Best Test acc=87.860
[2024-04-01 17:29:45,195][main_training_parallel.py][line:159][INFO] Epoch:[74/300]	 loss=497.40286	 acc=77.888
[2024-04-01 17:29:52,406][main_training_parallel.py][line:162][INFO] Epoch:[74/300]	 Test acc=87.040
[2024-04-01 17:29:52,407][main_training_parallel.py][line:168][INFO] Best Test acc=87.860
[2024-04-01 17:30:31,881][main_training_parallel.py][line:159][INFO] Epoch:[75/300]	 loss=494.52958	 acc=77.848
[2024-04-01 17:30:39,052][main_training_parallel.py][line:162][INFO] Epoch:[75/300]	 Test acc=85.860
[2024-04-01 17:30:39,052][main_training_parallel.py][line:168][INFO] Best Test acc=87.860
[2024-04-01 17:31:19,443][main_training_parallel.py][line:159][INFO] Epoch:[76/300]	 loss=492.48373	 acc=78.030
[2024-04-01 17:31:27,993][main_training_parallel.py][line:162][INFO] Epoch:[76/300]	 Test acc=87.780
[2024-04-01 17:31:27,994][main_training_parallel.py][line:168][INFO] Best Test acc=87.860
[2024-04-01 17:32:08,165][main_training_parallel.py][line:159][INFO] Epoch:[77/300]	 loss=489.50413	 acc=78.088
[2024-04-01 17:32:15,247][main_training_parallel.py][line:162][INFO] Epoch:[77/300]	 Test acc=87.030
[2024-04-01 17:32:15,248][main_training_parallel.py][line:168][INFO] Best Test acc=87.860
[2024-04-01 17:32:54,981][main_training_parallel.py][line:159][INFO] Epoch:[78/300]	 loss=494.77080	 acc=78.028
[2024-04-01 17:33:01,950][main_training_parallel.py][line:162][INFO] Epoch:[78/300]	 Test acc=87.960
[2024-04-01 17:33:02,247][main_training_parallel.py][line:168][INFO] Best Test acc=87.960
[2024-04-01 17:33:41,764][main_training_parallel.py][line:159][INFO] Epoch:[79/300]	 loss=486.98006	 acc=78.390
[2024-04-01 17:33:48,583][main_training_parallel.py][line:162][INFO] Epoch:[79/300]	 Test acc=87.070
[2024-04-01 17:33:48,584][main_training_parallel.py][line:168][INFO] Best Test acc=87.960
[2024-04-01 17:34:27,895][main_training_parallel.py][line:159][INFO] Epoch:[80/300]	 loss=489.85879	 acc=78.064
[2024-04-01 17:34:35,138][main_training_parallel.py][line:162][INFO] Epoch:[80/300]	 Test acc=88.030
[2024-04-01 17:34:35,439][main_training_parallel.py][line:168][INFO] Best Test acc=88.030
[2024-04-01 17:35:15,317][main_training_parallel.py][line:159][INFO] Epoch:[81/300]	 loss=492.83666	 acc=78.156
[2024-04-01 17:35:22,543][main_training_parallel.py][line:162][INFO] Epoch:[81/300]	 Test acc=87.730
[2024-04-01 17:35:22,544][main_training_parallel.py][line:168][INFO] Best Test acc=88.030
[2024-04-01 17:36:01,282][main_training_parallel.py][line:159][INFO] Epoch:[82/300]	 loss=489.00396	 acc=78.110
[2024-04-01 17:36:08,114][main_training_parallel.py][line:162][INFO] Epoch:[82/300]	 Test acc=87.940
[2024-04-01 17:36:08,114][main_training_parallel.py][line:168][INFO] Best Test acc=88.030
[2024-04-01 17:36:48,018][main_training_parallel.py][line:159][INFO] Epoch:[83/300]	 loss=491.49740	 acc=78.124
[2024-04-01 17:36:54,806][main_training_parallel.py][line:162][INFO] Epoch:[83/300]	 Test acc=88.030
[2024-04-01 17:36:54,807][main_training_parallel.py][line:168][INFO] Best Test acc=88.030
[2024-04-01 17:37:34,704][main_training_parallel.py][line:159][INFO] Epoch:[84/300]	 loss=493.56808	 acc=77.998
[2024-04-01 17:37:41,946][main_training_parallel.py][line:162][INFO] Epoch:[84/300]	 Test acc=79.970
[2024-04-01 17:37:41,947][main_training_parallel.py][line:168][INFO] Best Test acc=88.030
[2024-04-01 17:38:21,518][main_training_parallel.py][line:159][INFO] Epoch:[85/300]	 loss=488.53745	 acc=78.374
[2024-04-01 17:38:28,601][main_training_parallel.py][line:162][INFO] Epoch:[85/300]	 Test acc=87.500
[2024-04-01 17:38:28,601][main_training_parallel.py][line:168][INFO] Best Test acc=88.030
[2024-04-01 17:39:08,919][main_training_parallel.py][line:159][INFO] Epoch:[86/300]	 loss=489.11471	 acc=78.370
[2024-04-01 17:39:16,296][main_training_parallel.py][line:162][INFO] Epoch:[86/300]	 Test acc=88.340
[2024-04-01 17:39:16,594][main_training_parallel.py][line:168][INFO] Best Test acc=88.340
[2024-04-01 17:39:56,659][main_training_parallel.py][line:159][INFO] Epoch:[87/300]	 loss=482.31153	 acc=78.392
[2024-04-01 17:40:04,976][main_training_parallel.py][line:162][INFO] Epoch:[87/300]	 Test acc=87.700
[2024-04-01 17:40:04,976][main_training_parallel.py][line:168][INFO] Best Test acc=88.340
[2024-04-01 17:40:43,506][main_training_parallel.py][line:159][INFO] Epoch:[88/300]	 loss=489.72831	 acc=78.190
[2024-04-01 17:40:50,392][main_training_parallel.py][line:162][INFO] Epoch:[88/300]	 Test acc=86.530
[2024-04-01 17:40:50,393][main_training_parallel.py][line:168][INFO] Best Test acc=88.340
[2024-04-01 17:41:30,336][main_training_parallel.py][line:159][INFO] Epoch:[89/300]	 loss=483.77348	 acc=78.378
[2024-04-01 17:41:37,397][main_training_parallel.py][line:162][INFO] Epoch:[89/300]	 Test acc=88.420
[2024-04-01 17:41:37,693][main_training_parallel.py][line:168][INFO] Best Test acc=88.420
[2024-04-01 17:42:17,589][main_training_parallel.py][line:159][INFO] Epoch:[90/300]	 loss=481.07376	 acc=78.602
[2024-04-01 17:42:24,449][main_training_parallel.py][line:162][INFO] Epoch:[90/300]	 Test acc=88.290
[2024-04-01 17:42:24,449][main_training_parallel.py][line:168][INFO] Best Test acc=88.420
[2024-04-01 17:43:04,600][main_training_parallel.py][line:159][INFO] Epoch:[91/300]	 loss=482.27379	 acc=78.522
[2024-04-01 17:43:11,457][main_training_parallel.py][line:162][INFO] Epoch:[91/300]	 Test acc=87.410
[2024-04-01 17:43:11,457][main_training_parallel.py][line:168][INFO] Best Test acc=88.420
[2024-04-01 17:43:50,835][main_training_parallel.py][line:159][INFO] Epoch:[92/300]	 loss=486.74648	 acc=78.212
[2024-04-01 17:43:57,850][main_training_parallel.py][line:162][INFO] Epoch:[92/300]	 Test acc=87.400
[2024-04-01 17:43:57,851][main_training_parallel.py][line:168][INFO] Best Test acc=88.420
[2024-04-01 17:44:37,630][main_training_parallel.py][line:159][INFO] Epoch:[93/300]	 loss=486.64030	 acc=78.306
[2024-04-01 17:44:44,890][main_training_parallel.py][line:162][INFO] Epoch:[93/300]	 Test acc=87.710
[2024-04-01 17:44:44,891][main_training_parallel.py][line:168][INFO] Best Test acc=88.420
[2024-04-01 17:45:24,879][main_training_parallel.py][line:159][INFO] Epoch:[94/300]	 loss=481.26165	 acc=78.664
[2024-04-01 17:45:33,153][main_training_parallel.py][line:162][INFO] Epoch:[94/300]	 Test acc=87.070
[2024-04-01 17:45:33,154][main_training_parallel.py][line:168][INFO] Best Test acc=88.420
[2024-04-01 17:46:11,764][main_training_parallel.py][line:159][INFO] Epoch:[95/300]	 loss=487.01753	 acc=78.216
[2024-04-01 17:46:18,847][main_training_parallel.py][line:162][INFO] Epoch:[95/300]	 Test acc=87.470
[2024-04-01 17:46:18,847][main_training_parallel.py][line:168][INFO] Best Test acc=88.420
[2024-04-01 17:46:58,351][main_training_parallel.py][line:159][INFO] Epoch:[96/300]	 loss=487.75552	 acc=78.416
[2024-04-01 17:47:05,461][main_training_parallel.py][line:162][INFO] Epoch:[96/300]	 Test acc=86.940
[2024-04-01 17:47:05,461][main_training_parallel.py][line:168][INFO] Best Test acc=88.420
[2024-04-01 17:47:45,350][main_training_parallel.py][line:159][INFO] Epoch:[97/300]	 loss=478.84337	 acc=78.644
[2024-04-01 17:47:52,575][main_training_parallel.py][line:162][INFO] Epoch:[97/300]	 Test acc=87.670
[2024-04-01 17:47:52,575][main_training_parallel.py][line:168][INFO] Best Test acc=88.420
[2024-04-01 17:48:32,561][main_training_parallel.py][line:159][INFO] Epoch:[98/300]	 loss=483.93428	 acc=78.370
[2024-04-01 17:48:39,620][main_training_parallel.py][line:162][INFO] Epoch:[98/300]	 Test acc=87.170
[2024-04-01 17:48:39,621][main_training_parallel.py][line:168][INFO] Best Test acc=88.420
[2024-04-01 17:49:19,951][main_training_parallel.py][line:159][INFO] Epoch:[99/300]	 loss=480.46029	 acc=78.670
[2024-04-01 17:49:27,084][main_training_parallel.py][line:162][INFO] Epoch:[99/300]	 Test acc=84.670
[2024-04-01 17:49:27,085][main_training_parallel.py][line:168][INFO] Best Test acc=88.420
[2024-04-01 17:50:07,094][main_training_parallel.py][line:159][INFO] Epoch:[100/300]	 loss=475.16974	 acc=78.752
[2024-04-01 17:50:13,972][main_training_parallel.py][line:162][INFO] Epoch:[100/300]	 Test acc=88.320
[2024-04-01 17:50:13,973][main_training_parallel.py][line:168][INFO] Best Test acc=88.420
[2024-04-01 17:50:52,795][main_training_parallel.py][line:159][INFO] Epoch:[101/300]	 loss=480.19308	 acc=78.586
[2024-04-01 17:50:59,977][main_training_parallel.py][line:162][INFO] Epoch:[101/300]	 Test acc=86.230
[2024-04-01 17:50:59,977][main_training_parallel.py][line:168][INFO] Best Test acc=88.420
[2024-04-01 17:51:41,327][main_training_parallel.py][line:159][INFO] Epoch:[102/300]	 loss=488.28424	 acc=77.838
[2024-04-01 17:51:48,271][main_training_parallel.py][line:162][INFO] Epoch:[102/300]	 Test acc=88.290
[2024-04-01 17:51:48,271][main_training_parallel.py][line:168][INFO] Best Test acc=88.420
[2024-04-01 17:52:28,240][main_training_parallel.py][line:159][INFO] Epoch:[103/300]	 loss=482.17193	 acc=78.462
[2024-04-01 17:52:35,480][main_training_parallel.py][line:162][INFO] Epoch:[103/300]	 Test acc=86.820
[2024-04-01 17:52:35,481][main_training_parallel.py][line:168][INFO] Best Test acc=88.420
[2024-04-01 17:53:15,546][main_training_parallel.py][line:159][INFO] Epoch:[104/300]	 loss=478.54430	 acc=78.612
[2024-04-01 17:53:22,442][main_training_parallel.py][line:162][INFO] Epoch:[104/300]	 Test acc=88.250
[2024-04-01 17:53:22,443][main_training_parallel.py][line:168][INFO] Best Test acc=88.420
[2024-04-01 17:54:02,345][main_training_parallel.py][line:159][INFO] Epoch:[105/300]	 loss=479.98041	 acc=78.520
[2024-04-01 17:54:09,206][main_training_parallel.py][line:162][INFO] Epoch:[105/300]	 Test acc=87.410
[2024-04-01 17:54:09,206][main_training_parallel.py][line:168][INFO] Best Test acc=88.420
[2024-04-01 17:54:48,547][main_training_parallel.py][line:159][INFO] Epoch:[106/300]	 loss=478.56255	 acc=78.714
[2024-04-01 17:54:55,724][main_training_parallel.py][line:162][INFO] Epoch:[106/300]	 Test acc=87.500
[2024-04-01 17:54:55,724][main_training_parallel.py][line:168][INFO] Best Test acc=88.420
[2024-04-01 17:55:35,124][main_training_parallel.py][line:159][INFO] Epoch:[107/300]	 loss=469.45790	 acc=79.186
[2024-04-01 17:55:41,310][main_training_parallel.py][line:162][INFO] Epoch:[107/300]	 Test acc=88.160
[2024-04-01 17:55:41,311][main_training_parallel.py][line:168][INFO] Best Test acc=88.420
[2024-04-01 17:56:21,146][main_training_parallel.py][line:159][INFO] Epoch:[108/300]	 loss=477.24523	 acc=78.760
[2024-04-01 17:56:28,289][main_training_parallel.py][line:162][INFO] Epoch:[108/300]	 Test acc=88.340
[2024-04-01 17:56:28,290][main_training_parallel.py][line:168][INFO] Best Test acc=88.420
[2024-04-01 17:57:07,963][main_training_parallel.py][line:159][INFO] Epoch:[109/300]	 loss=471.26227	 acc=78.892
[2024-04-01 17:57:14,898][main_training_parallel.py][line:162][INFO] Epoch:[109/300]	 Test acc=87.690
[2024-04-01 17:57:14,898][main_training_parallel.py][line:168][INFO] Best Test acc=88.420
[2024-04-01 17:57:55,095][main_training_parallel.py][line:159][INFO] Epoch:[110/300]	 loss=477.15335	 acc=78.560
[2024-04-01 17:58:01,937][main_training_parallel.py][line:162][INFO] Epoch:[110/300]	 Test acc=87.840
[2024-04-01 17:58:01,937][main_training_parallel.py][line:168][INFO] Best Test acc=88.420
[2024-04-01 17:58:42,172][main_training_parallel.py][line:159][INFO] Epoch:[111/300]	 loss=480.33251	 acc=78.606
[2024-04-01 17:58:49,241][main_training_parallel.py][line:162][INFO] Epoch:[111/300]	 Test acc=87.800
[2024-04-01 17:58:49,242][main_training_parallel.py][line:168][INFO] Best Test acc=88.420
[2024-04-01 17:59:29,073][main_training_parallel.py][line:159][INFO] Epoch:[112/300]	 loss=475.75784	 acc=78.732
[2024-04-01 17:59:36,271][main_training_parallel.py][line:162][INFO] Epoch:[112/300]	 Test acc=88.790
[2024-04-01 17:59:36,555][main_training_parallel.py][line:168][INFO] Best Test acc=88.790
[2024-04-01 18:00:16,276][main_training_parallel.py][line:159][INFO] Epoch:[113/300]	 loss=473.53463	 acc=78.654
[2024-04-01 18:00:24,129][main_training_parallel.py][line:162][INFO] Epoch:[113/300]	 Test acc=88.000
[2024-04-01 18:00:24,129][main_training_parallel.py][line:168][INFO] Best Test acc=88.790
[2024-04-01 18:01:04,503][main_training_parallel.py][line:159][INFO] Epoch:[114/300]	 loss=476.79644	 acc=78.734
[2024-04-01 18:01:11,526][main_training_parallel.py][line:162][INFO] Epoch:[114/300]	 Test acc=89.150
[2024-04-01 18:01:11,791][main_training_parallel.py][line:168][INFO] Best Test acc=89.150
[2024-04-01 18:01:52,116][main_training_parallel.py][line:159][INFO] Epoch:[115/300]	 loss=474.45042	 acc=78.812
[2024-04-01 18:01:59,083][main_training_parallel.py][line:162][INFO] Epoch:[115/300]	 Test acc=87.660
[2024-04-01 18:01:59,084][main_training_parallel.py][line:168][INFO] Best Test acc=89.150
[2024-04-01 18:02:38,767][main_training_parallel.py][line:159][INFO] Epoch:[116/300]	 loss=472.79298	 acc=78.902
[2024-04-01 18:02:45,895][main_training_parallel.py][line:162][INFO] Epoch:[116/300]	 Test acc=87.430
[2024-04-01 18:02:45,895][main_training_parallel.py][line:168][INFO] Best Test acc=89.150
[2024-04-01 18:03:25,686][main_training_parallel.py][line:159][INFO] Epoch:[117/300]	 loss=473.67817	 acc=78.894
[2024-04-01 18:03:32,674][main_training_parallel.py][line:162][INFO] Epoch:[117/300]	 Test acc=87.340
[2024-04-01 18:03:32,674][main_training_parallel.py][line:168][INFO] Best Test acc=89.150
[2024-04-01 18:04:12,690][main_training_parallel.py][line:159][INFO] Epoch:[118/300]	 loss=469.55143	 acc=79.108
[2024-04-01 18:04:19,460][main_training_parallel.py][line:162][INFO] Epoch:[118/300]	 Test acc=87.730
[2024-04-01 18:04:19,461][main_training_parallel.py][line:168][INFO] Best Test acc=89.150
[2024-04-01 18:04:59,155][main_training_parallel.py][line:159][INFO] Epoch:[119/300]	 loss=471.49459	 acc=79.080
[2024-04-01 18:05:05,588][main_training_parallel.py][line:162][INFO] Epoch:[119/300]	 Test acc=86.760
[2024-04-01 18:05:05,588][main_training_parallel.py][line:168][INFO] Best Test acc=89.150
[2024-04-01 18:05:44,840][main_training_parallel.py][line:159][INFO] Epoch:[120/300]	 loss=475.55611	 acc=78.896
[2024-04-01 18:05:51,460][main_training_parallel.py][line:162][INFO] Epoch:[120/300]	 Test acc=88.300
[2024-04-01 18:05:51,461][main_training_parallel.py][line:168][INFO] Best Test acc=89.150
[2024-04-01 18:06:30,997][main_training_parallel.py][line:159][INFO] Epoch:[121/300]	 loss=479.68344	 acc=78.528
[2024-04-01 18:06:38,035][main_training_parallel.py][line:162][INFO] Epoch:[121/300]	 Test acc=88.140
[2024-04-01 18:06:38,036][main_training_parallel.py][line:168][INFO] Best Test acc=89.150
[2024-04-01 18:07:18,582][main_training_parallel.py][line:159][INFO] Epoch:[122/300]	 loss=476.15481	 acc=78.844
[2024-04-01 18:07:25,786][main_training_parallel.py][line:162][INFO] Epoch:[122/300]	 Test acc=88.390
[2024-04-01 18:07:25,787][main_training_parallel.py][line:168][INFO] Best Test acc=89.150
[2024-04-01 18:08:06,166][main_training_parallel.py][line:159][INFO] Epoch:[123/300]	 loss=474.17193	 acc=78.810
[2024-04-01 18:08:13,072][main_training_parallel.py][line:162][INFO] Epoch:[123/300]	 Test acc=88.690
[2024-04-01 18:08:13,073][main_training_parallel.py][line:168][INFO] Best Test acc=89.150
[2024-04-01 18:08:52,394][main_training_parallel.py][line:159][INFO] Epoch:[124/300]	 loss=474.40638	 acc=78.934
[2024-04-01 18:08:59,285][main_training_parallel.py][line:162][INFO] Epoch:[124/300]	 Test acc=86.160
[2024-04-01 18:08:59,285][main_training_parallel.py][line:168][INFO] Best Test acc=89.150
[2024-04-01 18:09:39,054][main_training_parallel.py][line:159][INFO] Epoch:[125/300]	 loss=476.95645	 acc=78.778
[2024-04-01 18:09:46,125][main_training_parallel.py][line:162][INFO] Epoch:[125/300]	 Test acc=88.790
[2024-04-01 18:09:46,125][main_training_parallel.py][line:168][INFO] Best Test acc=89.150
[2024-04-01 18:10:25,763][main_training_parallel.py][line:159][INFO] Epoch:[126/300]	 loss=473.56231	 acc=79.088
[2024-04-01 18:10:32,810][main_training_parallel.py][line:162][INFO] Epoch:[126/300]	 Test acc=87.600
[2024-04-01 18:10:32,811][main_training_parallel.py][line:168][INFO] Best Test acc=89.150
[2024-04-01 18:11:11,711][main_training_parallel.py][line:159][INFO] Epoch:[127/300]	 loss=472.25506	 acc=78.958
[2024-04-01 18:11:18,459][main_training_parallel.py][line:162][INFO] Epoch:[127/300]	 Test acc=89.110
[2024-04-01 18:11:18,459][main_training_parallel.py][line:168][INFO] Best Test acc=89.150
[2024-04-01 18:11:58,389][main_training_parallel.py][line:159][INFO] Epoch:[128/300]	 loss=467.15752	 acc=79.104
[2024-04-01 18:12:04,566][main_training_parallel.py][line:162][INFO] Epoch:[128/300]	 Test acc=88.240
[2024-04-01 18:12:04,567][main_training_parallel.py][line:168][INFO] Best Test acc=89.150
[2024-04-01 18:12:43,812][main_training_parallel.py][line:159][INFO] Epoch:[129/300]	 loss=466.17315	 acc=79.246
[2024-04-01 18:12:50,940][main_training_parallel.py][line:162][INFO] Epoch:[129/300]	 Test acc=88.730
[2024-04-01 18:12:50,941][main_training_parallel.py][line:168][INFO] Best Test acc=89.150
[2024-04-01 18:13:30,218][main_training_parallel.py][line:159][INFO] Epoch:[130/300]	 loss=464.15912	 acc=79.324
[2024-04-01 18:13:36,192][main_training_parallel.py][line:162][INFO] Epoch:[130/300]	 Test acc=88.020
[2024-04-01 18:13:36,193][main_training_parallel.py][line:168][INFO] Best Test acc=89.150
[2024-04-01 18:14:13,620][main_training_parallel.py][line:159][INFO] Epoch:[131/300]	 loss=465.00836	 acc=79.284
[2024-04-01 18:14:19,712][main_training_parallel.py][line:162][INFO] Epoch:[131/300]	 Test acc=87.950
[2024-04-01 18:14:19,712][main_training_parallel.py][line:168][INFO] Best Test acc=89.150
[2024-04-01 18:14:57,710][main_training_parallel.py][line:159][INFO] Epoch:[132/300]	 loss=466.71253	 acc=79.112
[2024-04-01 18:15:04,302][main_training_parallel.py][line:162][INFO] Epoch:[132/300]	 Test acc=88.750
[2024-04-01 18:15:04,303][main_training_parallel.py][line:168][INFO] Best Test acc=89.150
[2024-04-01 18:15:42,600][main_training_parallel.py][line:159][INFO] Epoch:[133/300]	 loss=472.00320	 acc=78.930
[2024-04-01 18:15:49,037][main_training_parallel.py][line:162][INFO] Epoch:[133/300]	 Test acc=87.950
[2024-04-01 18:15:49,038][main_training_parallel.py][line:168][INFO] Best Test acc=89.150
[2024-04-01 18:16:27,263][main_training_parallel.py][line:159][INFO] Epoch:[134/300]	 loss=461.13661	 acc=79.612
[2024-04-01 18:16:33,293][main_training_parallel.py][line:162][INFO] Epoch:[134/300]	 Test acc=89.130
[2024-04-01 18:16:33,294][main_training_parallel.py][line:168][INFO] Best Test acc=89.150
[2024-04-01 18:17:13,031][main_training_parallel.py][line:159][INFO] Epoch:[135/300]	 loss=462.81432	 acc=79.498
[2024-04-01 18:17:19,737][main_training_parallel.py][line:162][INFO] Epoch:[135/300]	 Test acc=86.200
[2024-04-01 18:17:19,738][main_training_parallel.py][line:168][INFO] Best Test acc=89.150
[2024-04-01 18:17:58,527][main_training_parallel.py][line:159][INFO] Epoch:[136/300]	 loss=466.52660	 acc=79.280
[2024-04-01 18:18:04,438][main_training_parallel.py][line:162][INFO] Epoch:[136/300]	 Test acc=88.980
[2024-04-01 18:18:04,439][main_training_parallel.py][line:168][INFO] Best Test acc=89.150
[2024-04-01 18:18:42,912][main_training_parallel.py][line:159][INFO] Epoch:[137/300]	 loss=470.47484	 acc=78.954
[2024-04-01 18:18:49,488][main_training_parallel.py][line:162][INFO] Epoch:[137/300]	 Test acc=85.850
[2024-04-01 18:18:49,489][main_training_parallel.py][line:168][INFO] Best Test acc=89.150
[2024-04-01 18:19:28,714][main_training_parallel.py][line:159][INFO] Epoch:[138/300]	 loss=465.47905	 acc=79.256
[2024-04-01 18:19:35,316][main_training_parallel.py][line:162][INFO] Epoch:[138/300]	 Test acc=86.970
[2024-04-01 18:19:35,316][main_training_parallel.py][line:168][INFO] Best Test acc=89.150
[2024-04-01 18:20:14,242][main_training_parallel.py][line:159][INFO] Epoch:[139/300]	 loss=470.99203	 acc=78.940
[2024-04-01 18:20:20,834][main_training_parallel.py][line:162][INFO] Epoch:[139/300]	 Test acc=88.600
[2024-04-01 18:20:20,834][main_training_parallel.py][line:168][INFO] Best Test acc=89.150
[2024-04-01 18:20:59,687][main_training_parallel.py][line:159][INFO] Epoch:[140/300]	 loss=466.77171	 acc=79.208
[2024-04-01 18:21:05,909][main_training_parallel.py][line:162][INFO] Epoch:[140/300]	 Test acc=88.700
[2024-04-01 18:21:05,910][main_training_parallel.py][line:168][INFO] Best Test acc=89.150
[2024-04-01 18:21:44,411][main_training_parallel.py][line:159][INFO] Epoch:[141/300]	 loss=463.73571	 acc=79.552
[2024-04-01 18:21:51,029][main_training_parallel.py][line:162][INFO] Epoch:[141/300]	 Test acc=86.950
[2024-04-01 18:21:51,030][main_training_parallel.py][line:168][INFO] Best Test acc=89.150
[2024-04-01 18:22:29,075][main_training_parallel.py][line:159][INFO] Epoch:[142/300]	 loss=464.33732	 acc=79.296
[2024-04-01 18:22:35,645][main_training_parallel.py][line:162][INFO] Epoch:[142/300]	 Test acc=88.840
[2024-04-01 18:22:35,646][main_training_parallel.py][line:168][INFO] Best Test acc=89.150
[2024-04-01 18:23:14,130][main_training_parallel.py][line:159][INFO] Epoch:[143/300]	 loss=467.12667	 acc=79.182
[2024-04-01 18:23:20,564][main_training_parallel.py][line:162][INFO] Epoch:[143/300]	 Test acc=87.910
[2024-04-01 18:23:20,565][main_training_parallel.py][line:168][INFO] Best Test acc=89.150
[2024-04-01 18:23:59,178][main_training_parallel.py][line:159][INFO] Epoch:[144/300]	 loss=469.01002	 acc=79.084
[2024-04-01 18:24:05,537][main_training_parallel.py][line:162][INFO] Epoch:[144/300]	 Test acc=88.540
[2024-04-01 18:24:05,537][main_training_parallel.py][line:168][INFO] Best Test acc=89.150
[2024-04-01 18:24:45,090][main_training_parallel.py][line:159][INFO] Epoch:[145/300]	 loss=465.72643	 acc=79.114
[2024-04-01 18:24:51,067][main_training_parallel.py][line:162][INFO] Epoch:[145/300]	 Test acc=87.340
[2024-04-01 18:24:51,068][main_training_parallel.py][line:168][INFO] Best Test acc=89.150
[2024-04-01 18:25:30,926][main_training_parallel.py][line:159][INFO] Epoch:[146/300]	 loss=461.92472	 acc=79.198
[2024-04-01 18:25:37,368][main_training_parallel.py][line:162][INFO] Epoch:[146/300]	 Test acc=88.780
[2024-04-01 18:25:37,369][main_training_parallel.py][line:168][INFO] Best Test acc=89.150
[2024-04-01 18:26:16,752][main_training_parallel.py][line:159][INFO] Epoch:[147/300]	 loss=462.47483	 acc=79.338
[2024-04-01 18:26:23,292][main_training_parallel.py][line:162][INFO] Epoch:[147/300]	 Test acc=88.090
[2024-04-01 18:26:23,294][main_training_parallel.py][line:168][INFO] Best Test acc=89.150
[2024-04-01 18:27:02,074][main_training_parallel.py][line:159][INFO] Epoch:[148/300]	 loss=463.85953	 acc=79.250
[2024-04-01 18:27:07,238][main_training_parallel.py][line:162][INFO] Epoch:[148/300]	 Test acc=85.190
[2024-04-01 18:27:07,238][main_training_parallel.py][line:168][INFO] Best Test acc=89.150
[2024-04-01 18:27:45,281][main_training_parallel.py][line:159][INFO] Epoch:[149/300]	 loss=462.56853	 acc=79.468
[2024-04-01 18:27:51,721][main_training_parallel.py][line:162][INFO] Epoch:[149/300]	 Test acc=88.220
[2024-04-01 18:27:51,722][main_training_parallel.py][line:168][INFO] Best Test acc=89.150
[2024-04-01 18:28:29,634][main_training_parallel.py][line:159][INFO] Epoch:[150/300]	 loss=460.73627	 acc=79.504
[2024-04-01 18:28:35,185][main_training_parallel.py][line:162][INFO] Epoch:[150/300]	 Test acc=87.630
[2024-04-01 18:28:35,185][main_training_parallel.py][line:168][INFO] Best Test acc=89.150
[2024-04-01 18:29:11,553][main_training_parallel.py][line:159][INFO] Epoch:[151/300]	 loss=457.45522	 acc=79.570
[2024-04-01 18:29:16,746][main_training_parallel.py][line:162][INFO] Epoch:[151/300]	 Test acc=88.380
[2024-04-01 18:29:16,746][main_training_parallel.py][line:168][INFO] Best Test acc=89.150
[2024-04-01 18:29:55,926][main_training_parallel.py][line:159][INFO] Epoch:[152/300]	 loss=465.35483	 acc=79.224
[2024-04-01 18:30:02,569][main_training_parallel.py][line:162][INFO] Epoch:[152/300]	 Test acc=88.540
[2024-04-01 18:30:02,570][main_training_parallel.py][line:168][INFO] Best Test acc=89.150
[2024-04-01 18:30:41,856][main_training_parallel.py][line:159][INFO] Epoch:[153/300]	 loss=463.98370	 acc=79.518
[2024-04-01 18:30:48,385][main_training_parallel.py][line:162][INFO] Epoch:[153/300]	 Test acc=88.450
[2024-04-01 18:30:48,386][main_training_parallel.py][line:168][INFO] Best Test acc=89.150
[2024-04-01 18:31:27,380][main_training_parallel.py][line:159][INFO] Epoch:[154/300]	 loss=465.58799	 acc=79.290
[2024-04-01 18:31:34,319][main_training_parallel.py][line:162][INFO] Epoch:[154/300]	 Test acc=88.860
[2024-04-01 18:31:34,319][main_training_parallel.py][line:168][INFO] Best Test acc=89.150
[2024-04-01 18:32:13,912][main_training_parallel.py][line:159][INFO] Epoch:[155/300]	 loss=462.00810	 acc=79.428
[2024-04-01 18:32:20,499][main_training_parallel.py][line:162][INFO] Epoch:[155/300]	 Test acc=88.870
[2024-04-01 18:32:20,500][main_training_parallel.py][line:168][INFO] Best Test acc=89.150
[2024-04-01 18:32:59,401][main_training_parallel.py][line:159][INFO] Epoch:[156/300]	 loss=459.39024	 acc=79.418
[2024-04-01 18:33:06,519][main_training_parallel.py][line:162][INFO] Epoch:[156/300]	 Test acc=88.480
[2024-04-01 18:33:06,520][main_training_parallel.py][line:168][INFO] Best Test acc=89.150
[2024-04-01 18:33:45,666][main_training_parallel.py][line:159][INFO] Epoch:[157/300]	 loss=459.77900	 acc=79.508
[2024-04-01 18:33:52,818][main_training_parallel.py][line:162][INFO] Epoch:[157/300]	 Test acc=88.820
[2024-04-01 18:33:52,819][main_training_parallel.py][line:168][INFO] Best Test acc=89.150
[2024-04-01 18:34:32,354][main_training_parallel.py][line:159][INFO] Epoch:[158/300]	 loss=454.96208	 acc=79.682
[2024-04-01 18:34:39,253][main_training_parallel.py][line:162][INFO] Epoch:[158/300]	 Test acc=88.840
[2024-04-01 18:34:39,254][main_training_parallel.py][line:168][INFO] Best Test acc=89.150
[2024-04-01 18:35:18,792][main_training_parallel.py][line:159][INFO] Epoch:[159/300]	 loss=462.24908	 acc=79.462
[2024-04-01 18:35:25,666][main_training_parallel.py][line:162][INFO] Epoch:[159/300]	 Test acc=89.190
[2024-04-01 18:35:25,891][main_training_parallel.py][line:168][INFO] Best Test acc=89.190
[2024-04-01 18:36:05,541][main_training_parallel.py][line:159][INFO] Epoch:[160/300]	 loss=456.97287	 acc=79.732
[2024-04-01 18:36:12,841][main_training_parallel.py][line:162][INFO] Epoch:[160/300]	 Test acc=87.880
[2024-04-01 18:36:12,842][main_training_parallel.py][line:168][INFO] Best Test acc=89.190
[2024-04-01 18:36:50,966][main_training_parallel.py][line:159][INFO] Epoch:[161/300]	 loss=462.38138	 acc=79.338
[2024-04-01 18:36:57,949][main_training_parallel.py][line:162][INFO] Epoch:[161/300]	 Test acc=87.150
[2024-04-01 18:36:57,950][main_training_parallel.py][line:168][INFO] Best Test acc=89.190
[2024-04-01 18:37:37,755][main_training_parallel.py][line:159][INFO] Epoch:[162/300]	 loss=460.90225	 acc=79.498
[2024-04-01 18:37:44,471][main_training_parallel.py][line:162][INFO] Epoch:[162/300]	 Test acc=89.090
[2024-04-01 18:37:44,472][main_training_parallel.py][line:168][INFO] Best Test acc=89.190
[2024-04-01 18:38:24,053][main_training_parallel.py][line:159][INFO] Epoch:[163/300]	 loss=457.11036	 acc=79.614
[2024-04-01 18:38:30,922][main_training_parallel.py][line:162][INFO] Epoch:[163/300]	 Test acc=88.770
[2024-04-01 18:38:30,922][main_training_parallel.py][line:168][INFO] Best Test acc=89.190
[2024-04-01 18:39:10,563][main_training_parallel.py][line:159][INFO] Epoch:[164/300]	 loss=462.79794	 acc=79.324
[2024-04-01 18:39:17,445][main_training_parallel.py][line:162][INFO] Epoch:[164/300]	 Test acc=88.540
[2024-04-01 18:39:17,446][main_training_parallel.py][line:168][INFO] Best Test acc=89.190
[2024-04-01 18:39:57,371][main_training_parallel.py][line:159][INFO] Epoch:[165/300]	 loss=459.80280	 acc=79.620
[2024-04-01 18:40:04,342][main_training_parallel.py][line:162][INFO] Epoch:[165/300]	 Test acc=87.750
[2024-04-01 18:40:04,342][main_training_parallel.py][line:168][INFO] Best Test acc=89.190
[2024-04-01 18:40:43,443][main_training_parallel.py][line:159][INFO] Epoch:[166/300]	 loss=453.06283	 acc=79.826
[2024-04-01 18:40:50,370][main_training_parallel.py][line:162][INFO] Epoch:[166/300]	 Test acc=88.550
[2024-04-01 18:40:50,370][main_training_parallel.py][line:168][INFO] Best Test acc=89.190
[2024-04-01 18:41:30,746][main_training_parallel.py][line:159][INFO] Epoch:[167/300]	 loss=463.93947	 acc=79.352
[2024-04-01 18:41:37,566][main_training_parallel.py][line:162][INFO] Epoch:[167/300]	 Test acc=89.030
[2024-04-01 18:41:37,567][main_training_parallel.py][line:168][INFO] Best Test acc=89.190
[2024-04-01 18:42:17,134][main_training_parallel.py][line:159][INFO] Epoch:[168/300]	 loss=453.95337	 acc=79.686
[2024-04-01 18:42:24,187][main_training_parallel.py][line:162][INFO] Epoch:[168/300]	 Test acc=88.970
[2024-04-01 18:42:24,187][main_training_parallel.py][line:168][INFO] Best Test acc=89.190
[2024-04-01 18:43:03,835][main_training_parallel.py][line:159][INFO] Epoch:[169/300]	 loss=454.16274	 acc=79.966
[2024-04-01 18:43:11,044][main_training_parallel.py][line:162][INFO] Epoch:[169/300]	 Test acc=87.910
[2024-04-01 18:43:11,045][main_training_parallel.py][line:168][INFO] Best Test acc=89.190
[2024-04-01 18:43:50,662][main_training_parallel.py][line:159][INFO] Epoch:[170/300]	 loss=453.40796	 acc=79.636
[2024-04-01 18:43:57,749][main_training_parallel.py][line:162][INFO] Epoch:[170/300]	 Test acc=88.070
[2024-04-01 18:43:57,750][main_training_parallel.py][line:168][INFO] Best Test acc=89.190
[2024-04-01 18:44:36,998][main_training_parallel.py][line:159][INFO] Epoch:[171/300]	 loss=451.09598	 acc=79.762
[2024-04-01 18:44:44,325][main_training_parallel.py][line:162][INFO] Epoch:[171/300]	 Test acc=88.440
[2024-04-01 18:44:44,326][main_training_parallel.py][line:168][INFO] Best Test acc=89.190
[2024-04-01 18:45:23,961][main_training_parallel.py][line:159][INFO] Epoch:[172/300]	 loss=461.83006	 acc=79.462
[2024-04-01 18:45:30,986][main_training_parallel.py][line:162][INFO] Epoch:[172/300]	 Test acc=87.520
[2024-04-01 18:45:30,987][main_training_parallel.py][line:168][INFO] Best Test acc=89.190
[2024-04-01 18:46:10,398][main_training_parallel.py][line:159][INFO] Epoch:[173/300]	 loss=454.79794	 acc=79.598
[2024-04-01 18:46:17,901][main_training_parallel.py][line:162][INFO] Epoch:[173/300]	 Test acc=89.220
[2024-04-01 18:46:18,183][main_training_parallel.py][line:168][INFO] Best Test acc=89.220
[2024-04-01 18:46:57,168][main_training_parallel.py][line:159][INFO] Epoch:[174/300]	 loss=465.15350	 acc=79.048
[2024-04-01 18:47:04,183][main_training_parallel.py][line:162][INFO] Epoch:[174/300]	 Test acc=89.410
[2024-04-01 18:47:04,484][main_training_parallel.py][line:168][INFO] Best Test acc=89.410
[2024-04-01 18:47:44,298][main_training_parallel.py][line:159][INFO] Epoch:[175/300]	 loss=455.69116	 acc=79.558
[2024-04-01 18:47:51,360][main_training_parallel.py][line:162][INFO] Epoch:[175/300]	 Test acc=85.940
[2024-04-01 18:47:51,362][main_training_parallel.py][line:168][INFO] Best Test acc=89.410
[2024-04-01 18:48:31,989][main_training_parallel.py][line:159][INFO] Epoch:[176/300]	 loss=456.72890	 acc=79.546
[2024-04-01 18:48:39,553][main_training_parallel.py][line:162][INFO] Epoch:[176/300]	 Test acc=87.990
[2024-04-01 18:48:39,555][main_training_parallel.py][line:168][INFO] Best Test acc=89.410
[2024-04-01 18:49:19,669][main_training_parallel.py][line:159][INFO] Epoch:[177/300]	 loss=450.97401	 acc=79.828
[2024-04-01 18:49:26,674][main_training_parallel.py][line:162][INFO] Epoch:[177/300]	 Test acc=88.910
[2024-04-01 18:49:26,674][main_training_parallel.py][line:168][INFO] Best Test acc=89.410
[2024-04-01 18:50:08,208][main_training_parallel.py][line:159][INFO] Epoch:[178/300]	 loss=450.19065	 acc=79.772
[2024-04-01 18:50:15,333][main_training_parallel.py][line:162][INFO] Epoch:[178/300]	 Test acc=88.990
[2024-04-01 18:50:15,333][main_training_parallel.py][line:168][INFO] Best Test acc=89.410
[2024-04-01 18:50:55,354][main_training_parallel.py][line:159][INFO] Epoch:[179/300]	 loss=456.90404	 acc=79.734
[2024-04-01 18:51:02,475][main_training_parallel.py][line:162][INFO] Epoch:[179/300]	 Test acc=88.810
[2024-04-01 18:51:02,475][main_training_parallel.py][line:168][INFO] Best Test acc=89.410
[2024-04-01 18:51:42,298][main_training_parallel.py][line:159][INFO] Epoch:[180/300]	 loss=453.37192	 acc=79.712
[2024-04-01 18:51:49,365][main_training_parallel.py][line:162][INFO] Epoch:[180/300]	 Test acc=89.090
[2024-04-01 18:51:49,366][main_training_parallel.py][line:168][INFO] Best Test acc=89.410
[2024-04-01 18:52:29,525][main_training_parallel.py][line:159][INFO] Epoch:[181/300]	 loss=455.44790	 acc=79.690
[2024-04-01 18:52:36,659][main_training_parallel.py][line:162][INFO] Epoch:[181/300]	 Test acc=88.760
[2024-04-01 18:52:36,659][main_training_parallel.py][line:168][INFO] Best Test acc=89.410
[2024-04-01 18:53:16,587][main_training_parallel.py][line:159][INFO] Epoch:[182/300]	 loss=447.36004	 acc=80.022
[2024-04-01 18:53:23,584][main_training_parallel.py][line:162][INFO] Epoch:[182/300]	 Test acc=89.250
[2024-04-01 18:53:23,585][main_training_parallel.py][line:168][INFO] Best Test acc=89.410
[2024-04-01 18:54:03,393][main_training_parallel.py][line:159][INFO] Epoch:[183/300]	 loss=442.74730	 acc=80.094
[2024-04-01 18:54:10,317][main_training_parallel.py][line:162][INFO] Epoch:[183/300]	 Test acc=87.730
[2024-04-01 18:54:10,317][main_training_parallel.py][line:168][INFO] Best Test acc=89.410
[2024-04-01 18:54:48,634][main_training_parallel.py][line:159][INFO] Epoch:[184/300]	 loss=453.71756	 acc=79.848
[2024-04-01 18:54:54,783][main_training_parallel.py][line:162][INFO] Epoch:[184/300]	 Test acc=88.480
[2024-04-01 18:54:54,784][main_training_parallel.py][line:168][INFO] Best Test acc=89.410
[2024-04-01 18:55:32,900][main_training_parallel.py][line:159][INFO] Epoch:[185/300]	 loss=452.03748	 acc=79.730
[2024-04-01 18:55:39,577][main_training_parallel.py][line:162][INFO] Epoch:[185/300]	 Test acc=89.450
[2024-04-01 18:55:39,860][main_training_parallel.py][line:168][INFO] Best Test acc=89.450
[2024-04-01 18:56:19,761][main_training_parallel.py][line:159][INFO] Epoch:[186/300]	 loss=455.78268	 acc=79.694
[2024-04-01 18:56:26,694][main_training_parallel.py][line:162][INFO] Epoch:[186/300]	 Test acc=28.140
[2024-04-01 18:56:26,695][main_training_parallel.py][line:168][INFO] Best Test acc=89.450
[2024-04-01 18:57:06,542][main_training_parallel.py][line:159][INFO] Epoch:[187/300]	 loss=459.90542	 acc=79.624
[2024-04-01 18:57:13,369][main_training_parallel.py][line:162][INFO] Epoch:[187/300]	 Test acc=89.090
[2024-04-01 18:57:13,369][main_training_parallel.py][line:168][INFO] Best Test acc=89.450
[2024-04-01 18:57:53,465][main_training_parallel.py][line:159][INFO] Epoch:[188/300]	 loss=453.56745	 acc=79.792
[2024-04-01 18:58:00,619][main_training_parallel.py][line:162][INFO] Epoch:[188/300]	 Test acc=89.270
[2024-04-01 18:58:00,621][main_training_parallel.py][line:168][INFO] Best Test acc=89.450
[2024-04-01 18:58:40,104][main_training_parallel.py][line:159][INFO] Epoch:[189/300]	 loss=453.94894	 acc=79.728
[2024-04-01 18:58:47,049][main_training_parallel.py][line:162][INFO] Epoch:[189/300]	 Test acc=87.110
[2024-04-01 18:58:47,049][main_training_parallel.py][line:168][INFO] Best Test acc=89.450
[2024-04-01 18:59:26,944][main_training_parallel.py][line:159][INFO] Epoch:[190/300]	 loss=450.03667	 acc=79.836
[2024-04-01 18:59:33,813][main_training_parallel.py][line:162][INFO] Epoch:[190/300]	 Test acc=89.020
[2024-04-01 18:59:33,813][main_training_parallel.py][line:168][INFO] Best Test acc=89.450
[2024-04-01 19:00:13,790][main_training_parallel.py][line:159][INFO] Epoch:[191/300]	 loss=451.08469	 acc=79.916
[2024-04-01 19:00:20,763][main_training_parallel.py][line:162][INFO] Epoch:[191/300]	 Test acc=89.410
[2024-04-01 19:00:20,764][main_training_parallel.py][line:168][INFO] Best Test acc=89.450
[2024-04-01 19:01:00,841][main_training_parallel.py][line:159][INFO] Epoch:[192/300]	 loss=454.30501	 acc=79.808
[2024-04-01 19:01:07,879][main_training_parallel.py][line:162][INFO] Epoch:[192/300]	 Test acc=88.660
[2024-04-01 19:01:07,879][main_training_parallel.py][line:168][INFO] Best Test acc=89.450
[2024-04-01 19:01:47,730][main_training_parallel.py][line:159][INFO] Epoch:[193/300]	 loss=450.96717	 acc=79.906
[2024-04-01 19:01:54,948][main_training_parallel.py][line:162][INFO] Epoch:[193/300]	 Test acc=88.490
[2024-04-01 19:01:54,949][main_training_parallel.py][line:168][INFO] Best Test acc=89.450
[2024-04-01 19:02:34,761][main_training_parallel.py][line:159][INFO] Epoch:[194/300]	 loss=451.44062	 acc=79.704
[2024-04-01 19:02:42,091][main_training_parallel.py][line:162][INFO] Epoch:[194/300]	 Test acc=89.840
[2024-04-01 19:02:42,386][main_training_parallel.py][line:168][INFO] Best Test acc=89.840
[2024-04-01 19:03:21,230][main_training_parallel.py][line:159][INFO] Epoch:[195/300]	 loss=448.35447	 acc=79.926
[2024-04-01 19:03:27,975][main_training_parallel.py][line:162][INFO] Epoch:[195/300]	 Test acc=88.520
[2024-04-01 19:03:27,976][main_training_parallel.py][line:168][INFO] Best Test acc=89.840
[2024-04-01 19:04:08,594][main_training_parallel.py][line:159][INFO] Epoch:[196/300]	 loss=446.09719	 acc=80.170
[2024-04-01 19:04:15,887][main_training_parallel.py][line:162][INFO] Epoch:[196/300]	 Test acc=88.750
[2024-04-01 19:04:15,887][main_training_parallel.py][line:168][INFO] Best Test acc=89.840
[2024-04-01 19:04:55,870][main_training_parallel.py][line:159][INFO] Epoch:[197/300]	 loss=447.59034	 acc=80.160
[2024-04-01 19:05:03,110][main_training_parallel.py][line:162][INFO] Epoch:[197/300]	 Test acc=88.830
[2024-04-01 19:05:03,111][main_training_parallel.py][line:168][INFO] Best Test acc=89.840
[2024-04-01 19:05:41,667][main_training_parallel.py][line:159][INFO] Epoch:[198/300]	 loss=453.42431	 acc=79.934
[2024-04-01 19:05:48,514][main_training_parallel.py][line:162][INFO] Epoch:[198/300]	 Test acc=88.190
[2024-04-01 19:05:48,515][main_training_parallel.py][line:168][INFO] Best Test acc=89.840
[2024-04-01 19:06:28,515][main_training_parallel.py][line:159][INFO] Epoch:[199/300]	 loss=455.41226	 acc=79.684
[2024-04-01 19:06:35,639][main_training_parallel.py][line:162][INFO] Epoch:[199/300]	 Test acc=87.340
[2024-04-01 19:06:35,642][main_training_parallel.py][line:168][INFO] Best Test acc=89.840
[2024-04-01 19:07:14,525][main_training_parallel.py][line:159][INFO] Epoch:[200/300]	 loss=445.62023	 acc=80.118
[2024-04-01 19:07:20,795][main_training_parallel.py][line:162][INFO] Epoch:[200/300]	 Test acc=88.550
[2024-04-01 19:07:20,795][main_training_parallel.py][line:168][INFO] Best Test acc=89.840
[2024-04-01 19:07:59,790][main_training_parallel.py][line:159][INFO] Epoch:[201/300]	 loss=450.96608	 acc=79.982
[2024-04-01 19:08:06,588][main_training_parallel.py][line:162][INFO] Epoch:[201/300]	 Test acc=87.600
[2024-04-01 19:08:06,588][main_training_parallel.py][line:168][INFO] Best Test acc=89.840
[2024-04-01 19:08:45,305][main_training_parallel.py][line:159][INFO] Epoch:[202/300]	 loss=448.97615	 acc=80.120
[2024-04-01 19:08:52,443][main_training_parallel.py][line:162][INFO] Epoch:[202/300]	 Test acc=88.790
[2024-04-01 19:08:52,443][main_training_parallel.py][line:168][INFO] Best Test acc=89.840
[2024-04-01 19:09:32,569][main_training_parallel.py][line:159][INFO] Epoch:[203/300]	 loss=444.87248	 acc=80.138
[2024-04-01 19:09:39,604][main_training_parallel.py][line:162][INFO] Epoch:[203/300]	 Test acc=90.130
[2024-04-01 19:09:39,771][main_training_parallel.py][line:168][INFO] Best Test acc=90.130
[2024-04-01 19:10:19,532][main_training_parallel.py][line:159][INFO] Epoch:[204/300]	 loss=447.35723	 acc=80.144
[2024-04-01 19:10:26,580][main_training_parallel.py][line:162][INFO] Epoch:[204/300]	 Test acc=88.370
[2024-04-01 19:10:26,581][main_training_parallel.py][line:168][INFO] Best Test acc=90.130
[2024-04-01 19:11:06,558][main_training_parallel.py][line:159][INFO] Epoch:[205/300]	 loss=447.72825	 acc=80.136
[2024-04-01 19:11:13,530][main_training_parallel.py][line:162][INFO] Epoch:[205/300]	 Test acc=88.850
[2024-04-01 19:11:13,530][main_training_parallel.py][line:168][INFO] Best Test acc=90.130
[2024-04-01 19:11:53,580][main_training_parallel.py][line:159][INFO] Epoch:[206/300]	 loss=447.55143	 acc=80.002
[2024-04-01 19:12:00,751][main_training_parallel.py][line:162][INFO] Epoch:[206/300]	 Test acc=87.360
[2024-04-01 19:12:00,751][main_training_parallel.py][line:168][INFO] Best Test acc=90.130
[2024-04-01 19:12:40,538][main_training_parallel.py][line:159][INFO] Epoch:[207/300]	 loss=448.27711	 acc=80.126
[2024-04-01 19:12:47,537][main_training_parallel.py][line:162][INFO] Epoch:[207/300]	 Test acc=89.060
[2024-04-01 19:12:47,538][main_training_parallel.py][line:168][INFO] Best Test acc=90.130
[2024-04-01 19:13:27,621][main_training_parallel.py][line:159][INFO] Epoch:[208/300]	 loss=446.60453	 acc=79.980
[2024-04-01 19:13:34,583][main_training_parallel.py][line:162][INFO] Epoch:[208/300]	 Test acc=88.400
[2024-04-01 19:13:34,584][main_training_parallel.py][line:168][INFO] Best Test acc=90.130
[2024-04-01 19:14:14,486][main_training_parallel.py][line:159][INFO] Epoch:[209/300]	 loss=448.44448	 acc=80.128
[2024-04-01 19:14:21,451][main_training_parallel.py][line:162][INFO] Epoch:[209/300]	 Test acc=88.830
[2024-04-01 19:14:21,452][main_training_parallel.py][line:168][INFO] Best Test acc=90.130
[2024-04-01 19:15:01,054][main_training_parallel.py][line:159][INFO] Epoch:[210/300]	 loss=452.51261	 acc=79.682
[2024-04-01 19:15:07,533][main_training_parallel.py][line:162][INFO] Epoch:[210/300]	 Test acc=88.810
[2024-04-01 19:15:07,533][main_training_parallel.py][line:168][INFO] Best Test acc=90.130
[2024-04-01 19:15:47,087][main_training_parallel.py][line:159][INFO] Epoch:[211/300]	 loss=449.01197	 acc=80.110
[2024-04-01 19:15:54,492][main_training_parallel.py][line:162][INFO] Epoch:[211/300]	 Test acc=87.690
[2024-04-01 19:15:54,493][main_training_parallel.py][line:168][INFO] Best Test acc=90.130
[2024-04-01 19:16:34,508][main_training_parallel.py][line:159][INFO] Epoch:[212/300]	 loss=451.26050	 acc=79.952
[2024-04-01 19:16:41,375][main_training_parallel.py][line:162][INFO] Epoch:[212/300]	 Test acc=89.100
[2024-04-01 19:16:41,376][main_training_parallel.py][line:168][INFO] Best Test acc=90.130
[2024-04-01 19:17:21,366][main_training_parallel.py][line:159][INFO] Epoch:[213/300]	 loss=445.66598	 acc=80.046
[2024-04-01 19:17:28,685][main_training_parallel.py][line:162][INFO] Epoch:[213/300]	 Test acc=89.210
[2024-04-01 19:17:28,686][main_training_parallel.py][line:168][INFO] Best Test acc=90.130
[2024-04-01 19:18:07,241][main_training_parallel.py][line:159][INFO] Epoch:[214/300]	 loss=445.21893	 acc=80.200
[2024-04-01 19:18:13,904][main_training_parallel.py][line:162][INFO] Epoch:[214/300]	 Test acc=88.880
[2024-04-01 19:18:13,906][main_training_parallel.py][line:168][INFO] Best Test acc=90.130
[2024-04-01 19:18:53,236][main_training_parallel.py][line:159][INFO] Epoch:[215/300]	 loss=441.25418	 acc=80.458
[2024-04-01 19:19:00,326][main_training_parallel.py][line:162][INFO] Epoch:[215/300]	 Test acc=89.560
[2024-04-01 19:19:00,326][main_training_parallel.py][line:168][INFO] Best Test acc=90.130
[2024-04-01 19:19:39,816][main_training_parallel.py][line:159][INFO] Epoch:[216/300]	 loss=448.87363	 acc=80.002
[2024-04-01 19:19:46,807][main_training_parallel.py][line:162][INFO] Epoch:[216/300]	 Test acc=88.750
[2024-04-01 19:19:46,808][main_training_parallel.py][line:168][INFO] Best Test acc=90.130
[2024-04-01 19:20:26,380][main_training_parallel.py][line:159][INFO] Epoch:[217/300]	 loss=453.46023	 acc=79.766
[2024-04-01 19:20:33,207][main_training_parallel.py][line:162][INFO] Epoch:[217/300]	 Test acc=88.710
[2024-04-01 19:20:33,207][main_training_parallel.py][line:168][INFO] Best Test acc=90.130
[2024-04-01 19:21:13,084][main_training_parallel.py][line:159][INFO] Epoch:[218/300]	 loss=450.88669	 acc=79.772
[2024-04-01 19:21:20,186][main_training_parallel.py][line:162][INFO] Epoch:[218/300]	 Test acc=88.110
[2024-04-01 19:21:20,186][main_training_parallel.py][line:168][INFO] Best Test acc=90.130
[2024-04-01 19:21:59,983][main_training_parallel.py][line:159][INFO] Epoch:[219/300]	 loss=444.77297	 acc=80.080
[2024-04-01 19:22:07,171][main_training_parallel.py][line:162][INFO] Epoch:[219/300]	 Test acc=85.830
[2024-04-01 19:22:07,171][main_training_parallel.py][line:168][INFO] Best Test acc=90.130
[2024-04-01 19:22:47,146][main_training_parallel.py][line:159][INFO] Epoch:[220/300]	 loss=453.18944	 acc=79.662
[2024-04-01 19:22:54,163][main_training_parallel.py][line:162][INFO] Epoch:[220/300]	 Test acc=89.660
[2024-04-01 19:22:54,165][main_training_parallel.py][line:168][INFO] Best Test acc=90.130
[2024-04-01 19:23:33,835][main_training_parallel.py][line:159][INFO] Epoch:[221/300]	 loss=442.53729	 acc=80.222
[2024-04-01 19:23:40,489][main_training_parallel.py][line:162][INFO] Epoch:[221/300]	 Test acc=89.380
[2024-04-01 19:23:40,490][main_training_parallel.py][line:168][INFO] Best Test acc=90.130
[2024-04-01 19:24:20,326][main_training_parallel.py][line:159][INFO] Epoch:[222/300]	 loss=445.38361	 acc=80.148
[2024-04-01 19:24:27,398][main_training_parallel.py][line:162][INFO] Epoch:[222/300]	 Test acc=88.970
[2024-04-01 19:24:27,399][main_training_parallel.py][line:168][INFO] Best Test acc=90.130
[2024-04-01 19:25:07,164][main_training_parallel.py][line:159][INFO] Epoch:[223/300]	 loss=447.82361	 acc=80.102
[2024-04-01 19:25:14,960][main_training_parallel.py][line:162][INFO] Epoch:[223/300]	 Test acc=89.310
[2024-04-01 19:25:14,961][main_training_parallel.py][line:168][INFO] Best Test acc=90.130
[2024-04-01 19:25:55,018][main_training_parallel.py][line:159][INFO] Epoch:[224/300]	 loss=440.56559	 acc=80.130
[2024-04-01 19:26:02,036][main_training_parallel.py][line:162][INFO] Epoch:[224/300]	 Test acc=89.280
[2024-04-01 19:26:02,037][main_training_parallel.py][line:168][INFO] Best Test acc=90.130
[2024-04-01 19:26:41,562][main_training_parallel.py][line:159][INFO] Epoch:[225/300]	 loss=438.72058	 acc=80.342
[2024-04-01 19:26:48,458][main_training_parallel.py][line:162][INFO] Epoch:[225/300]	 Test acc=88.500
[2024-04-01 19:26:48,459][main_training_parallel.py][line:168][INFO] Best Test acc=90.130
[2024-04-01 19:27:28,038][main_training_parallel.py][line:159][INFO] Epoch:[226/300]	 loss=453.96012	 acc=79.696
[2024-04-01 19:27:34,982][main_training_parallel.py][line:162][INFO] Epoch:[226/300]	 Test acc=88.680
[2024-04-01 19:27:34,983][main_training_parallel.py][line:168][INFO] Best Test acc=90.130
[2024-04-01 19:28:14,429][main_training_parallel.py][line:159][INFO] Epoch:[227/300]	 loss=448.16498	 acc=79.808
[2024-04-01 19:28:21,509][main_training_parallel.py][line:162][INFO] Epoch:[227/300]	 Test acc=89.150
[2024-04-01 19:28:21,510][main_training_parallel.py][line:168][INFO] Best Test acc=90.130
[2024-04-01 19:28:59,617][main_training_parallel.py][line:159][INFO] Epoch:[228/300]	 loss=447.84364	 acc=80.018
[2024-04-01 19:29:06,568][main_training_parallel.py][line:162][INFO] Epoch:[228/300]	 Test acc=88.110
[2024-04-01 19:29:06,569][main_training_parallel.py][line:168][INFO] Best Test acc=90.130
[2024-04-01 19:29:45,630][main_training_parallel.py][line:159][INFO] Epoch:[229/300]	 loss=449.40368	 acc=80.042
[2024-04-01 19:29:51,094][main_training_parallel.py][line:162][INFO] Epoch:[229/300]	 Test acc=88.450
[2024-04-01 19:29:51,094][main_training_parallel.py][line:168][INFO] Best Test acc=90.130
[2024-04-01 19:30:29,282][main_training_parallel.py][line:159][INFO] Epoch:[230/300]	 loss=446.01765	 acc=80.156
[2024-04-01 19:30:35,711][main_training_parallel.py][line:162][INFO] Epoch:[230/300]	 Test acc=89.560
[2024-04-01 19:30:35,711][main_training_parallel.py][line:168][INFO] Best Test acc=90.130
[2024-04-01 19:31:14,090][main_training_parallel.py][line:159][INFO] Epoch:[231/300]	 loss=441.36259	 acc=80.426
[2024-04-01 19:31:20,642][main_training_parallel.py][line:162][INFO] Epoch:[231/300]	 Test acc=89.060
[2024-04-01 19:31:20,642][main_training_parallel.py][line:168][INFO] Best Test acc=90.130
[2024-04-01 19:31:59,582][main_training_parallel.py][line:159][INFO] Epoch:[232/300]	 loss=449.38840	 acc=80.034
[2024-04-01 19:32:05,991][main_training_parallel.py][line:162][INFO] Epoch:[232/300]	 Test acc=88.920
[2024-04-01 19:32:05,992][main_training_parallel.py][line:168][INFO] Best Test acc=90.130
[2024-04-01 19:32:45,348][main_training_parallel.py][line:159][INFO] Epoch:[233/300]	 loss=443.60510	 acc=80.348
[2024-04-01 19:32:52,737][main_training_parallel.py][line:162][INFO] Epoch:[233/300]	 Test acc=86.110
[2024-04-01 19:32:52,738][main_training_parallel.py][line:168][INFO] Best Test acc=90.130
[2024-04-01 19:33:32,858][main_training_parallel.py][line:159][INFO] Epoch:[234/300]	 loss=450.77181	 acc=80.010
[2024-04-01 19:33:40,269][main_training_parallel.py][line:162][INFO] Epoch:[234/300]	 Test acc=88.750
[2024-04-01 19:33:40,270][main_training_parallel.py][line:168][INFO] Best Test acc=90.130
[2024-04-01 19:34:20,052][main_training_parallel.py][line:159][INFO] Epoch:[235/300]	 loss=447.46279	 acc=79.984
[2024-04-01 19:34:26,611][main_training_parallel.py][line:162][INFO] Epoch:[235/300]	 Test acc=88.120
[2024-04-01 19:34:26,611][main_training_parallel.py][line:168][INFO] Best Test acc=90.130
[2024-04-01 19:35:05,568][main_training_parallel.py][line:159][INFO] Epoch:[236/300]	 loss=444.11597	 acc=80.256
[2024-04-01 19:35:12,556][main_training_parallel.py][line:162][INFO] Epoch:[236/300]	 Test acc=89.630
[2024-04-01 19:35:12,557][main_training_parallel.py][line:168][INFO] Best Test acc=90.130
[2024-04-01 19:35:52,199][main_training_parallel.py][line:159][INFO] Epoch:[237/300]	 loss=448.63519	 acc=80.062
[2024-04-01 19:35:59,181][main_training_parallel.py][line:162][INFO] Epoch:[237/300]	 Test acc=86.710
[2024-04-01 19:35:59,182][main_training_parallel.py][line:168][INFO] Best Test acc=90.130
[2024-04-01 19:36:39,036][main_training_parallel.py][line:159][INFO] Epoch:[238/300]	 loss=437.16214	 acc=80.422
[2024-04-01 19:36:46,213][main_training_parallel.py][line:162][INFO] Epoch:[238/300]	 Test acc=89.670
[2024-04-01 19:36:46,214][main_training_parallel.py][line:168][INFO] Best Test acc=90.130
[2024-04-01 19:37:25,702][main_training_parallel.py][line:159][INFO] Epoch:[239/300]	 loss=445.36124	 acc=80.152
[2024-04-01 19:37:32,639][main_training_parallel.py][line:162][INFO] Epoch:[239/300]	 Test acc=88.720
[2024-04-01 19:37:32,641][main_training_parallel.py][line:168][INFO] Best Test acc=90.130
[2024-04-01 19:38:11,828][main_training_parallel.py][line:159][INFO] Epoch:[240/300]	 loss=441.69883	 acc=80.364
[2024-04-01 19:38:18,986][main_training_parallel.py][line:162][INFO] Epoch:[240/300]	 Test acc=88.280
[2024-04-01 19:38:18,987][main_training_parallel.py][line:168][INFO] Best Test acc=90.130
[2024-04-01 19:38:59,389][main_training_parallel.py][line:159][INFO] Epoch:[241/300]	 loss=444.46710	 acc=80.056
[2024-04-01 19:39:06,413][main_training_parallel.py][line:162][INFO] Epoch:[241/300]	 Test acc=89.150
[2024-04-01 19:39:06,414][main_training_parallel.py][line:168][INFO] Best Test acc=90.130
[2024-04-01 19:39:46,552][main_training_parallel.py][line:159][INFO] Epoch:[242/300]	 loss=445.45204	 acc=80.070
[2024-04-01 19:39:53,124][main_training_parallel.py][line:162][INFO] Epoch:[242/300]	 Test acc=89.380
[2024-04-01 19:39:53,124][main_training_parallel.py][line:168][INFO] Best Test acc=90.130
[2024-04-01 19:40:32,999][main_training_parallel.py][line:159][INFO] Epoch:[243/300]	 loss=439.43807	 acc=80.420
[2024-04-01 19:40:40,583][main_training_parallel.py][line:162][INFO] Epoch:[243/300]	 Test acc=89.130
[2024-04-01 19:40:40,584][main_training_parallel.py][line:168][INFO] Best Test acc=90.130
[2024-04-01 19:41:20,951][main_training_parallel.py][line:159][INFO] Epoch:[244/300]	 loss=441.50752	 acc=80.290
[2024-04-01 19:41:27,973][main_training_parallel.py][line:162][INFO] Epoch:[244/300]	 Test acc=89.270
[2024-04-01 19:41:27,974][main_training_parallel.py][line:168][INFO] Best Test acc=90.130
[2024-04-01 19:42:08,206][main_training_parallel.py][line:159][INFO] Epoch:[245/300]	 loss=445.64312	 acc=80.054
[2024-04-01 19:42:15,092][main_training_parallel.py][line:162][INFO] Epoch:[245/300]	 Test acc=88.260
[2024-04-01 19:42:15,093][main_training_parallel.py][line:168][INFO] Best Test acc=90.130
[2024-04-01 19:42:55,208][main_training_parallel.py][line:159][INFO] Epoch:[246/300]	 loss=440.82227	 acc=80.362
[2024-04-01 19:43:02,381][main_training_parallel.py][line:162][INFO] Epoch:[246/300]	 Test acc=87.950
[2024-04-01 19:43:02,382][main_training_parallel.py][line:168][INFO] Best Test acc=90.130
[2024-04-01 19:43:42,958][main_training_parallel.py][line:159][INFO] Epoch:[247/300]	 loss=444.22129	 acc=80.354
[2024-04-01 19:43:49,900][main_training_parallel.py][line:162][INFO] Epoch:[247/300]	 Test acc=89.150
[2024-04-01 19:43:49,901][main_training_parallel.py][line:168][INFO] Best Test acc=90.130
[2024-04-01 19:44:29,335][main_training_parallel.py][line:159][INFO] Epoch:[248/300]	 loss=441.07431	 acc=80.304
[2024-04-01 19:44:36,312][main_training_parallel.py][line:162][INFO] Epoch:[248/300]	 Test acc=88.330
[2024-04-01 19:44:36,312][main_training_parallel.py][line:168][INFO] Best Test acc=90.130
[2024-04-01 19:45:15,258][main_training_parallel.py][line:159][INFO] Epoch:[249/300]	 loss=437.73758	 acc=80.384
[2024-04-01 19:45:23,350][main_training_parallel.py][line:162][INFO] Epoch:[249/300]	 Test acc=89.090
[2024-04-01 19:45:23,351][main_training_parallel.py][line:168][INFO] Best Test acc=90.130
[2024-04-01 19:46:03,104][main_training_parallel.py][line:159][INFO] Epoch:[250/300]	 loss=442.57854	 acc=80.208
[2024-04-01 19:46:09,975][main_training_parallel.py][line:162][INFO] Epoch:[250/300]	 Test acc=83.080
[2024-04-01 19:46:09,976][main_training_parallel.py][line:168][INFO] Best Test acc=90.130
[2024-04-01 19:46:50,072][main_training_parallel.py][line:159][INFO] Epoch:[251/300]	 loss=445.01421	 acc=80.278
[2024-04-01 19:46:57,011][main_training_parallel.py][line:162][INFO] Epoch:[251/300]	 Test acc=88.610
[2024-04-01 19:46:57,012][main_training_parallel.py][line:168][INFO] Best Test acc=90.130
[2024-04-01 19:47:36,568][main_training_parallel.py][line:159][INFO] Epoch:[252/300]	 loss=433.89096	 acc=80.586
[2024-04-01 19:47:43,425][main_training_parallel.py][line:162][INFO] Epoch:[252/300]	 Test acc=89.370
[2024-04-01 19:47:43,425][main_training_parallel.py][line:168][INFO] Best Test acc=90.130
[2024-04-01 19:48:23,525][main_training_parallel.py][line:159][INFO] Epoch:[253/300]	 loss=439.42370	 acc=80.358
[2024-04-01 19:48:30,695][main_training_parallel.py][line:162][INFO] Epoch:[253/300]	 Test acc=88.280
[2024-04-01 19:48:30,695][main_training_parallel.py][line:168][INFO] Best Test acc=90.130
[2024-04-01 19:49:10,425][main_training_parallel.py][line:159][INFO] Epoch:[254/300]	 loss=440.27194	 acc=80.466
[2024-04-01 19:49:17,244][main_training_parallel.py][line:162][INFO] Epoch:[254/300]	 Test acc=89.210
[2024-04-01 19:49:17,244][main_training_parallel.py][line:168][INFO] Best Test acc=90.130
[2024-04-01 19:49:56,294][main_training_parallel.py][line:159][INFO] Epoch:[255/300]	 loss=443.82449	 acc=80.374
[2024-04-01 19:50:03,240][main_training_parallel.py][line:162][INFO] Epoch:[255/300]	 Test acc=88.830
[2024-04-01 19:50:03,241][main_training_parallel.py][line:168][INFO] Best Test acc=90.130
[2024-04-01 19:50:41,885][main_training_parallel.py][line:159][INFO] Epoch:[256/300]	 loss=441.88747	 acc=80.160
[2024-04-01 19:50:48,994][main_training_parallel.py][line:162][INFO] Epoch:[256/300]	 Test acc=88.090
[2024-04-01 19:50:48,995][main_training_parallel.py][line:168][INFO] Best Test acc=90.130
[2024-04-01 19:51:28,371][main_training_parallel.py][line:159][INFO] Epoch:[257/300]	 loss=439.52159	 acc=80.370
[2024-04-01 19:51:35,601][main_training_parallel.py][line:162][INFO] Epoch:[257/300]	 Test acc=89.570
[2024-04-01 19:51:35,602][main_training_parallel.py][line:168][INFO] Best Test acc=90.130
[2024-04-01 19:52:15,072][main_training_parallel.py][line:159][INFO] Epoch:[258/300]	 loss=432.65681	 acc=80.700
[2024-04-01 19:52:22,184][main_training_parallel.py][line:162][INFO] Epoch:[258/300]	 Test acc=88.940
[2024-04-01 19:52:22,184][main_training_parallel.py][line:168][INFO] Best Test acc=90.130
[2024-04-01 19:53:01,532][main_training_parallel.py][line:159][INFO] Epoch:[259/300]	 loss=439.30453	 acc=80.280
[2024-04-01 19:53:08,658][main_training_parallel.py][line:162][INFO] Epoch:[259/300]	 Test acc=88.280
[2024-04-01 19:53:08,659][main_training_parallel.py][line:168][INFO] Best Test acc=90.130
[2024-04-01 19:53:48,130][main_training_parallel.py][line:159][INFO] Epoch:[260/300]	 loss=433.55796	 acc=80.794
[2024-04-01 19:53:55,447][main_training_parallel.py][line:162][INFO] Epoch:[260/300]	 Test acc=89.190
[2024-04-01 19:53:55,449][main_training_parallel.py][line:168][INFO] Best Test acc=90.130
[2024-04-01 19:54:35,577][main_training_parallel.py][line:159][INFO] Epoch:[261/300]	 loss=441.44833	 acc=80.172
[2024-04-01 19:54:42,591][main_training_parallel.py][line:162][INFO] Epoch:[261/300]	 Test acc=89.260
[2024-04-01 19:54:42,591][main_training_parallel.py][line:168][INFO] Best Test acc=90.130
[2024-04-01 19:55:22,775][main_training_parallel.py][line:159][INFO] Epoch:[262/300]	 loss=437.90160	 acc=80.354
[2024-04-01 19:55:29,709][main_training_parallel.py][line:162][INFO] Epoch:[262/300]	 Test acc=89.190
[2024-04-01 19:55:29,710][main_training_parallel.py][line:168][INFO] Best Test acc=90.130
[2024-04-01 19:56:09,354][main_training_parallel.py][line:159][INFO] Epoch:[263/300]	 loss=439.48170	 acc=80.452
[2024-04-01 19:56:16,269][main_training_parallel.py][line:162][INFO] Epoch:[263/300]	 Test acc=89.330
[2024-04-01 19:56:16,269][main_training_parallel.py][line:168][INFO] Best Test acc=90.130
[2024-04-01 19:56:55,170][main_training_parallel.py][line:159][INFO] Epoch:[264/300]	 loss=433.22740	 acc=80.608
[2024-04-01 19:57:02,305][main_training_parallel.py][line:162][INFO] Epoch:[264/300]	 Test acc=85.670
[2024-04-01 19:57:02,305][main_training_parallel.py][line:168][INFO] Best Test acc=90.130
[2024-04-01 19:57:41,399][main_training_parallel.py][line:159][INFO] Epoch:[265/300]	 loss=439.84606	 acc=80.402
[2024-04-01 19:57:48,557][main_training_parallel.py][line:162][INFO] Epoch:[265/300]	 Test acc=88.940
[2024-04-01 19:57:48,558][main_training_parallel.py][line:168][INFO] Best Test acc=90.130
[2024-04-01 19:58:28,128][main_training_parallel.py][line:159][INFO] Epoch:[266/300]	 loss=436.37332	 acc=80.586
[2024-04-01 19:58:35,197][main_training_parallel.py][line:162][INFO] Epoch:[266/300]	 Test acc=89.410
[2024-04-01 19:58:35,198][main_training_parallel.py][line:168][INFO] Best Test acc=90.130
[2024-04-01 19:59:14,477][main_training_parallel.py][line:159][INFO] Epoch:[267/300]	 loss=439.01601	 acc=80.540
[2024-04-01 19:59:21,628][main_training_parallel.py][line:162][INFO] Epoch:[267/300]	 Test acc=89.230
[2024-04-01 19:59:21,629][main_training_parallel.py][line:168][INFO] Best Test acc=90.130
[2024-04-01 20:00:00,823][main_training_parallel.py][line:159][INFO] Epoch:[268/300]	 loss=438.99054	 acc=80.500
[2024-04-01 20:00:07,993][main_training_parallel.py][line:162][INFO] Epoch:[268/300]	 Test acc=86.330
[2024-04-01 20:00:07,994][main_training_parallel.py][line:168][INFO] Best Test acc=90.130
[2024-04-01 20:00:47,245][main_training_parallel.py][line:159][INFO] Epoch:[269/300]	 loss=436.49677	 acc=80.698
[2024-04-01 20:00:54,466][main_training_parallel.py][line:162][INFO] Epoch:[269/300]	 Test acc=88.370
[2024-04-01 20:00:54,467][main_training_parallel.py][line:168][INFO] Best Test acc=90.130
[2024-04-01 20:01:34,208][main_training_parallel.py][line:159][INFO] Epoch:[270/300]	 loss=437.81984	 acc=80.520
[2024-04-01 20:01:41,235][main_training_parallel.py][line:162][INFO] Epoch:[270/300]	 Test acc=89.570
[2024-04-01 20:01:41,237][main_training_parallel.py][line:168][INFO] Best Test acc=90.130
[2024-04-01 20:02:19,946][main_training_parallel.py][line:159][INFO] Epoch:[271/300]	 loss=440.39654	 acc=80.366
[2024-04-01 20:02:27,243][main_training_parallel.py][line:162][INFO] Epoch:[271/300]	 Test acc=89.100
[2024-04-01 20:02:27,243][main_training_parallel.py][line:168][INFO] Best Test acc=90.130
[2024-04-01 20:03:06,545][main_training_parallel.py][line:159][INFO] Epoch:[272/300]	 loss=432.03934	 acc=80.602
[2024-04-01 20:03:13,722][main_training_parallel.py][line:162][INFO] Epoch:[272/300]	 Test acc=89.010
[2024-04-01 20:03:13,723][main_training_parallel.py][line:168][INFO] Best Test acc=90.130
[2024-04-01 20:03:53,172][main_training_parallel.py][line:159][INFO] Epoch:[273/300]	 loss=438.73348	 acc=80.320
[2024-04-01 20:04:00,077][main_training_parallel.py][line:162][INFO] Epoch:[273/300]	 Test acc=79.850
[2024-04-01 20:04:00,077][main_training_parallel.py][line:168][INFO] Best Test acc=90.130
[2024-04-01 20:04:39,641][main_training_parallel.py][line:159][INFO] Epoch:[274/300]	 loss=439.29321	 acc=80.422
[2024-04-01 20:04:46,778][main_training_parallel.py][line:162][INFO] Epoch:[274/300]	 Test acc=88.870
[2024-04-01 20:04:46,779][main_training_parallel.py][line:168][INFO] Best Test acc=90.130
[2024-04-01 20:05:25,860][main_training_parallel.py][line:159][INFO] Epoch:[275/300]	 loss=438.82743	 acc=80.582
[2024-04-01 20:05:32,895][main_training_parallel.py][line:162][INFO] Epoch:[275/300]	 Test acc=88.650
[2024-04-01 20:05:32,896][main_training_parallel.py][line:168][INFO] Best Test acc=90.130
[2024-04-01 20:06:12,448][main_training_parallel.py][line:159][INFO] Epoch:[276/300]	 loss=443.73665	 acc=79.992
[2024-04-01 20:06:19,496][main_training_parallel.py][line:162][INFO] Epoch:[276/300]	 Test acc=89.190
[2024-04-01 20:06:19,497][main_training_parallel.py][line:168][INFO] Best Test acc=90.130
[2024-04-01 20:06:59,044][main_training_parallel.py][line:159][INFO] Epoch:[277/300]	 loss=437.40304	 acc=80.538
[2024-04-01 20:07:05,593][main_training_parallel.py][line:162][INFO] Epoch:[277/300]	 Test acc=87.930
[2024-04-01 20:07:05,593][main_training_parallel.py][line:168][INFO] Best Test acc=90.130
[2024-04-01 20:07:44,036][main_training_parallel.py][line:159][INFO] Epoch:[278/300]	 loss=441.22467	 acc=80.476
[2024-04-01 20:07:51,301][main_training_parallel.py][line:162][INFO] Epoch:[278/300]	 Test acc=88.150
[2024-04-01 20:07:51,302][main_training_parallel.py][line:168][INFO] Best Test acc=90.130
[2024-04-01 20:08:30,672][main_training_parallel.py][line:159][INFO] Epoch:[279/300]	 loss=432.06193	 acc=80.622
[2024-04-01 20:08:37,819][main_training_parallel.py][line:162][INFO] Epoch:[279/300]	 Test acc=88.730
[2024-04-01 20:08:37,819][main_training_parallel.py][line:168][INFO] Best Test acc=90.130
[2024-04-01 20:09:16,909][main_training_parallel.py][line:159][INFO] Epoch:[280/300]	 loss=439.16036	 acc=80.400
[2024-04-01 20:09:23,833][main_training_parallel.py][line:162][INFO] Epoch:[280/300]	 Test acc=89.750
[2024-04-01 20:09:23,834][main_training_parallel.py][line:168][INFO] Best Test acc=90.130
[2024-04-01 20:10:02,741][main_training_parallel.py][line:159][INFO] Epoch:[281/300]	 loss=433.86148	 acc=80.878
[2024-04-01 20:10:10,138][main_training_parallel.py][line:162][INFO] Epoch:[281/300]	 Test acc=89.670
[2024-04-01 20:10:10,139][main_training_parallel.py][line:168][INFO] Best Test acc=90.130
[2024-04-01 20:10:49,947][main_training_parallel.py][line:159][INFO] Epoch:[282/300]	 loss=435.80458	 acc=80.626
[2024-04-01 20:10:57,105][main_training_parallel.py][line:162][INFO] Epoch:[282/300]	 Test acc=89.080
[2024-04-01 20:10:57,106][main_training_parallel.py][line:168][INFO] Best Test acc=90.130
[2024-04-01 20:11:36,361][main_training_parallel.py][line:159][INFO] Epoch:[283/300]	 loss=434.90421	 acc=80.768
[2024-04-01 20:11:43,396][main_training_parallel.py][line:162][INFO] Epoch:[283/300]	 Test acc=89.310
[2024-04-01 20:11:43,397][main_training_parallel.py][line:168][INFO] Best Test acc=90.130
[2024-04-01 20:12:22,993][main_training_parallel.py][line:159][INFO] Epoch:[284/300]	 loss=434.29186	 acc=80.306
[2024-04-01 20:12:30,146][main_training_parallel.py][line:162][INFO] Epoch:[284/300]	 Test acc=89.410
[2024-04-01 20:12:30,146][main_training_parallel.py][line:168][INFO] Best Test acc=90.130
[2024-04-01 20:13:09,682][main_training_parallel.py][line:159][INFO] Epoch:[285/300]	 loss=437.61345	 acc=80.494
[2024-04-01 20:13:16,976][main_training_parallel.py][line:162][INFO] Epoch:[285/300]	 Test acc=88.200
[2024-04-01 20:13:16,976][main_training_parallel.py][line:168][INFO] Best Test acc=90.130
[2024-04-01 20:13:56,609][main_training_parallel.py][line:159][INFO] Epoch:[286/300]	 loss=435.67429	 acc=80.598
[2024-04-01 20:14:03,826][main_training_parallel.py][line:162][INFO] Epoch:[286/300]	 Test acc=89.910
[2024-04-01 20:14:03,827][main_training_parallel.py][line:168][INFO] Best Test acc=90.130
[2024-04-01 20:14:44,185][main_training_parallel.py][line:159][INFO] Epoch:[287/300]	 loss=439.89931	 acc=80.386
[2024-04-01 20:14:51,482][main_training_parallel.py][line:162][INFO] Epoch:[287/300]	 Test acc=28.910
[2024-04-01 20:14:51,483][main_training_parallel.py][line:168][INFO] Best Test acc=90.130
[2024-04-01 20:15:30,376][main_training_parallel.py][line:159][INFO] Epoch:[288/300]	 loss=438.76239	 acc=80.338
[2024-04-01 20:15:37,353][main_training_parallel.py][line:162][INFO] Epoch:[288/300]	 Test acc=87.540
[2024-04-01 20:15:37,354][main_training_parallel.py][line:168][INFO] Best Test acc=90.130
[2024-04-01 20:16:16,691][main_training_parallel.py][line:159][INFO] Epoch:[289/300]	 loss=438.41159	 acc=80.552
[2024-04-01 20:16:23,779][main_training_parallel.py][line:162][INFO] Epoch:[289/300]	 Test acc=88.490
[2024-04-01 20:16:23,779][main_training_parallel.py][line:168][INFO] Best Test acc=90.130
[2024-04-01 20:17:03,428][main_training_parallel.py][line:159][INFO] Epoch:[290/300]	 loss=437.98006	 acc=80.426
[2024-04-01 20:17:10,488][main_training_parallel.py][line:162][INFO] Epoch:[290/300]	 Test acc=87.690
[2024-04-01 20:17:10,488][main_training_parallel.py][line:168][INFO] Best Test acc=90.130
[2024-04-01 20:17:50,195][main_training_parallel.py][line:159][INFO] Epoch:[291/300]	 loss=433.70124	 acc=80.576
[2024-04-01 20:17:56,889][main_training_parallel.py][line:162][INFO] Epoch:[291/300]	 Test acc=89.740
[2024-04-01 20:17:56,890][main_training_parallel.py][line:168][INFO] Best Test acc=90.130
[2024-04-01 20:18:36,158][main_training_parallel.py][line:159][INFO] Epoch:[292/300]	 loss=438.64926	 acc=80.376
[2024-04-01 20:18:43,180][main_training_parallel.py][line:162][INFO] Epoch:[292/300]	 Test acc=89.440
[2024-04-01 20:18:43,180][main_training_parallel.py][line:168][INFO] Best Test acc=90.130
[2024-04-01 20:19:22,383][main_training_parallel.py][line:159][INFO] Epoch:[293/300]	 loss=432.72430	 acc=80.752
[2024-04-01 20:19:29,583][main_training_parallel.py][line:162][INFO] Epoch:[293/300]	 Test acc=88.660
[2024-04-01 20:19:29,584][main_training_parallel.py][line:168][INFO] Best Test acc=90.130
[2024-04-01 20:20:08,207][main_training_parallel.py][line:159][INFO] Epoch:[294/300]	 loss=433.92977	 acc=80.590
[2024-04-01 20:20:15,077][main_training_parallel.py][line:162][INFO] Epoch:[294/300]	 Test acc=89.250
[2024-04-01 20:20:15,078][main_training_parallel.py][line:168][INFO] Best Test acc=90.130
[2024-04-01 20:20:53,946][main_training_parallel.py][line:159][INFO] Epoch:[295/300]	 loss=432.99317	 acc=80.786
[2024-04-01 20:21:01,188][main_training_parallel.py][line:162][INFO] Epoch:[295/300]	 Test acc=88.810
[2024-04-01 20:21:01,188][main_training_parallel.py][line:168][INFO] Best Test acc=90.130
[2024-04-01 20:21:40,225][main_training_parallel.py][line:159][INFO] Epoch:[296/300]	 loss=434.40033	 acc=80.696
[2024-04-01 20:21:47,185][main_training_parallel.py][line:162][INFO] Epoch:[296/300]	 Test acc=88.690
[2024-04-01 20:21:47,186][main_training_parallel.py][line:168][INFO] Best Test acc=90.130
[2024-04-01 20:22:26,930][main_training_parallel.py][line:159][INFO] Epoch:[297/300]	 loss=436.27850	 acc=80.740
[2024-04-01 20:22:33,783][main_training_parallel.py][line:162][INFO] Epoch:[297/300]	 Test acc=90.480
[2024-04-01 20:22:34,050][main_training_parallel.py][line:168][INFO] Best Test acc=90.480
[2024-04-01 20:23:12,862][main_training_parallel.py][line:159][INFO] Epoch:[298/300]	 loss=435.35137	 acc=80.516
[2024-04-01 20:23:19,466][main_training_parallel.py][line:162][INFO] Epoch:[298/300]	 Test acc=88.380
[2024-04-01 20:23:19,466][main_training_parallel.py][line:168][INFO] Best Test acc=90.480
[2024-04-01 20:23:58,021][main_training_parallel.py][line:159][INFO] Epoch:[299/300]	 loss=432.60423	 acc=80.700
[2024-04-01 20:24:04,764][main_training_parallel.py][line:162][INFO] Epoch:[299/300]	 Test acc=89.400
[2024-04-01 20:24:04,764][main_training_parallel.py][line:168][INFO] Best Test acc=90.480
