[2024-03-01 12:06:24,927][main_training_parallel.py][line:153][INFO] start training!
[2024-03-01 12:07:52,346][main_training_parallel.py][line:170][INFO] Epoch:[0/300]	 loss=1648.02484	 acc=20.772
[2024-03-01 12:08:00,172][main_training_parallel.py][line:173][INFO] Epoch:[0/300]	 Test acc=38.790
[2024-03-01 12:08:00,172][main_training_parallel.py][line:179][INFO] Best Test acc=38.790
[2024-03-01 12:09:26,196][main_training_parallel.py][line:170][INFO] Epoch:[1/300]	 loss=1398.16082	 acc=33.950
[2024-03-01 12:09:34,278][main_training_parallel.py][line:173][INFO] Epoch:[1/300]	 Test acc=43.160
[2024-03-01 12:09:34,279][main_training_parallel.py][line:179][INFO] Best Test acc=43.160
[2024-03-01 12:11:01,356][main_training_parallel.py][line:170][INFO] Epoch:[2/300]	 loss=1206.33007	 acc=44.390
[2024-03-01 12:11:09,385][main_training_parallel.py][line:173][INFO] Epoch:[2/300]	 Test acc=59.230
[2024-03-01 12:11:09,385][main_training_parallel.py][line:179][INFO] Best Test acc=59.230
[2024-03-01 12:12:34,724][main_training_parallel.py][line:170][INFO] Epoch:[3/300]	 loss=1077.12113	 acc=50.950
[2024-03-01 12:12:42,567][main_training_parallel.py][line:173][INFO] Epoch:[3/300]	 Test acc=65.170
[2024-03-01 12:12:42,568][main_training_parallel.py][line:179][INFO] Best Test acc=65.170
[2024-03-01 12:13:49,664][main_training_parallel.py][line:170][INFO] Epoch:[4/300]	 loss=984.98355	 acc=55.372
[2024-03-01 12:13:56,570][main_training_parallel.py][line:173][INFO] Epoch:[4/300]	 Test acc=67.110
[2024-03-01 12:13:56,571][main_training_parallel.py][line:179][INFO] Best Test acc=67.110
[2024-03-01 12:15:21,655][main_training_parallel.py][line:170][INFO] Epoch:[5/300]	 loss=919.71417	 acc=58.650
[2024-03-01 12:15:29,474][main_training_parallel.py][line:173][INFO] Epoch:[5/300]	 Test acc=67.440
[2024-03-01 12:15:29,474][main_training_parallel.py][line:179][INFO] Best Test acc=67.440
[2024-03-01 12:16:54,472][main_training_parallel.py][line:170][INFO] Epoch:[6/300]	 loss=868.83497	 acc=60.766
[2024-03-01 12:17:02,305][main_training_parallel.py][line:173][INFO] Epoch:[6/300]	 Test acc=71.760
[2024-03-01 12:17:02,306][main_training_parallel.py][line:179][INFO] Best Test acc=71.760
[2024-03-01 12:18:26,796][main_training_parallel.py][line:170][INFO] Epoch:[7/300]	 loss=818.13067	 acc=63.168
[2024-03-01 12:18:34,425][main_training_parallel.py][line:173][INFO] Epoch:[7/300]	 Test acc=75.400
[2024-03-01 12:18:34,426][main_training_parallel.py][line:179][INFO] Best Test acc=75.400
[2024-03-01 12:19:59,193][main_training_parallel.py][line:170][INFO] Epoch:[8/300]	 loss=781.16406	 acc=64.806
[2024-03-01 12:20:07,492][main_training_parallel.py][line:173][INFO] Epoch:[8/300]	 Test acc=75.440
[2024-03-01 12:20:07,492][main_training_parallel.py][line:179][INFO] Best Test acc=75.440
[2024-03-01 12:21:33,613][main_training_parallel.py][line:170][INFO] Epoch:[9/300]	 loss=743.76084	 acc=66.556
[2024-03-01 12:21:41,428][main_training_parallel.py][line:173][INFO] Epoch:[9/300]	 Test acc=78.540
[2024-03-01 12:21:41,428][main_training_parallel.py][line:179][INFO] Best Test acc=78.540
[2024-03-01 12:23:06,429][main_training_parallel.py][line:170][INFO] Epoch:[10/300]	 loss=713.19511	 acc=68.020
[2024-03-01 12:23:14,291][main_training_parallel.py][line:173][INFO] Epoch:[10/300]	 Test acc=79.570
[2024-03-01 12:23:14,292][main_training_parallel.py][line:179][INFO] Best Test acc=79.570
[2024-03-01 12:24:39,804][main_training_parallel.py][line:170][INFO] Epoch:[11/300]	 loss=699.74500	 acc=68.558
[2024-03-01 12:24:47,959][main_training_parallel.py][line:173][INFO] Epoch:[11/300]	 Test acc=79.010
[2024-03-01 12:24:47,960][main_training_parallel.py][line:179][INFO] Best Test acc=79.570
[2024-03-01 12:26:13,900][main_training_parallel.py][line:170][INFO] Epoch:[12/300]	 loss=683.08416	 acc=69.426
[2024-03-01 12:26:21,903][main_training_parallel.py][line:173][INFO] Epoch:[12/300]	 Test acc=79.670
[2024-03-01 12:26:21,904][main_training_parallel.py][line:179][INFO] Best Test acc=79.670
[2024-03-01 12:27:47,334][main_training_parallel.py][line:170][INFO] Epoch:[13/300]	 loss=669.88463	 acc=70.260
[2024-03-01 12:27:55,067][main_training_parallel.py][line:173][INFO] Epoch:[13/300]	 Test acc=81.680
[2024-03-01 12:27:55,068][main_training_parallel.py][line:179][INFO] Best Test acc=81.680
[2024-03-01 12:29:19,810][main_training_parallel.py][line:170][INFO] Epoch:[14/300]	 loss=649.40282	 acc=70.924
[2024-03-01 12:29:27,533][main_training_parallel.py][line:173][INFO] Epoch:[14/300]	 Test acc=80.800
[2024-03-01 12:29:27,533][main_training_parallel.py][line:179][INFO] Best Test acc=81.680
[2024-03-01 12:30:53,793][main_training_parallel.py][line:170][INFO] Epoch:[15/300]	 loss=638.93310	 acc=71.394
[2024-03-01 12:31:02,151][main_training_parallel.py][line:173][INFO] Epoch:[15/300]	 Test acc=80.220
[2024-03-01 12:31:02,151][main_training_parallel.py][line:179][INFO] Best Test acc=81.680
[2024-03-01 12:32:27,041][main_training_parallel.py][line:170][INFO] Epoch:[16/300]	 loss=628.78370	 acc=72.156
[2024-03-01 12:32:34,873][main_training_parallel.py][line:173][INFO] Epoch:[16/300]	 Test acc=82.580
[2024-03-01 12:32:34,874][main_training_parallel.py][line:179][INFO] Best Test acc=82.580
[2024-03-01 12:33:59,301][main_training_parallel.py][line:170][INFO] Epoch:[17/300]	 loss=619.19669	 acc=72.400
[2024-03-01 12:34:07,287][main_training_parallel.py][line:173][INFO] Epoch:[17/300]	 Test acc=82.310
[2024-03-01 12:34:07,288][main_training_parallel.py][line:179][INFO] Best Test acc=82.580
[2024-03-01 12:35:31,798][main_training_parallel.py][line:170][INFO] Epoch:[18/300]	 loss=607.67175	 acc=72.930
[2024-03-01 12:35:39,831][main_training_parallel.py][line:173][INFO] Epoch:[18/300]	 Test acc=82.780
[2024-03-01 12:35:39,832][main_training_parallel.py][line:179][INFO] Best Test acc=82.780
[2024-03-01 12:37:06,093][main_training_parallel.py][line:170][INFO] Epoch:[19/300]	 loss=602.65251	 acc=73.350
[2024-03-01 12:37:13,813][main_training_parallel.py][line:173][INFO] Epoch:[19/300]	 Test acc=83.790
[2024-03-01 12:37:13,814][main_training_parallel.py][line:179][INFO] Best Test acc=83.790
[2024-03-01 12:38:38,869][main_training_parallel.py][line:170][INFO] Epoch:[20/300]	 loss=593.36295	 acc=73.848
[2024-03-01 12:38:46,950][main_training_parallel.py][line:173][INFO] Epoch:[20/300]	 Test acc=83.490
[2024-03-01 12:38:46,950][main_training_parallel.py][line:179][INFO] Best Test acc=83.790
[2024-03-01 12:40:13,729][main_training_parallel.py][line:170][INFO] Epoch:[21/300]	 loss=587.80715	 acc=73.710
[2024-03-01 12:40:21,512][main_training_parallel.py][line:173][INFO] Epoch:[21/300]	 Test acc=85.280
[2024-03-01 12:40:21,513][main_training_parallel.py][line:179][INFO] Best Test acc=85.280
[2024-03-01 12:41:47,608][main_training_parallel.py][line:170][INFO] Epoch:[22/300]	 loss=579.81964	 acc=74.162
[2024-03-01 12:41:55,497][main_training_parallel.py][line:173][INFO] Epoch:[22/300]	 Test acc=84.280
[2024-03-01 12:41:55,497][main_training_parallel.py][line:179][INFO] Best Test acc=85.280
[2024-03-01 12:43:20,243][main_training_parallel.py][line:170][INFO] Epoch:[23/300]	 loss=571.55352	 acc=74.448
[2024-03-01 12:43:28,172][main_training_parallel.py][line:173][INFO] Epoch:[23/300]	 Test acc=85.510
[2024-03-01 12:43:28,172][main_training_parallel.py][line:179][INFO] Best Test acc=85.510
[2024-03-01 12:44:53,868][main_training_parallel.py][line:170][INFO] Epoch:[24/300]	 loss=561.88786	 acc=75.062
[2024-03-01 12:45:01,670][main_training_parallel.py][line:173][INFO] Epoch:[24/300]	 Test acc=85.420
[2024-03-01 12:45:01,671][main_training_parallel.py][line:179][INFO] Best Test acc=85.510
[2024-03-01 12:46:28,279][main_training_parallel.py][line:170][INFO] Epoch:[25/300]	 loss=556.99338	 acc=75.010
[2024-03-01 12:46:36,384][main_training_parallel.py][line:173][INFO] Epoch:[25/300]	 Test acc=86.530
[2024-03-01 12:46:36,385][main_training_parallel.py][line:179][INFO] Best Test acc=86.530
[2024-03-01 12:48:01,477][main_training_parallel.py][line:170][INFO] Epoch:[26/300]	 loss=550.85547	 acc=75.546
[2024-03-01 12:48:09,154][main_training_parallel.py][line:173][INFO] Epoch:[26/300]	 Test acc=84.540
[2024-03-01 12:48:09,154][main_training_parallel.py][line:179][INFO] Best Test acc=86.530
[2024-03-01 12:49:34,158][main_training_parallel.py][line:170][INFO] Epoch:[27/300]	 loss=542.82710	 acc=76.020
[2024-03-01 12:49:42,123][main_training_parallel.py][line:173][INFO] Epoch:[27/300]	 Test acc=85.700
[2024-03-01 12:49:42,124][main_training_parallel.py][line:179][INFO] Best Test acc=86.530
[2024-03-01 12:51:08,666][main_training_parallel.py][line:170][INFO] Epoch:[28/300]	 loss=539.37467	 acc=76.020
[2024-03-01 12:51:16,257][main_training_parallel.py][line:173][INFO] Epoch:[28/300]	 Test acc=85.520
[2024-03-01 12:51:16,258][main_training_parallel.py][line:179][INFO] Best Test acc=86.530
[2024-03-01 12:52:41,184][main_training_parallel.py][line:170][INFO] Epoch:[29/300]	 loss=539.57372	 acc=76.064
[2024-03-01 12:52:48,978][main_training_parallel.py][line:173][INFO] Epoch:[29/300]	 Test acc=85.830
[2024-03-01 12:52:48,978][main_training_parallel.py][line:179][INFO] Best Test acc=86.530
[2024-03-01 12:54:14,188][main_training_parallel.py][line:170][INFO] Epoch:[30/300]	 loss=531.96330	 acc=76.360
[2024-03-01 12:54:21,934][main_training_parallel.py][line:173][INFO] Epoch:[30/300]	 Test acc=85.100
[2024-03-01 12:54:21,935][main_training_parallel.py][line:179][INFO] Best Test acc=86.530
[2024-03-01 12:55:47,460][main_training_parallel.py][line:170][INFO] Epoch:[31/300]	 loss=524.96222	 acc=76.494
[2024-03-01 12:55:55,617][main_training_parallel.py][line:173][INFO] Epoch:[31/300]	 Test acc=86.140
[2024-03-01 12:55:55,618][main_training_parallel.py][line:179][INFO] Best Test acc=86.530
[2024-03-01 12:57:21,020][main_training_parallel.py][line:170][INFO] Epoch:[32/300]	 loss=529.06321	 acc=76.600
[2024-03-01 12:57:28,794][main_training_parallel.py][line:173][INFO] Epoch:[32/300]	 Test acc=87.410
[2024-03-01 12:57:28,794][main_training_parallel.py][line:179][INFO] Best Test acc=87.410
[2024-03-01 12:58:54,170][main_training_parallel.py][line:170][INFO] Epoch:[33/300]	 loss=519.38670	 acc=76.976
[2024-03-01 12:59:01,951][main_training_parallel.py][line:173][INFO] Epoch:[33/300]	 Test acc=86.240
[2024-03-01 12:59:01,951][main_training_parallel.py][line:179][INFO] Best Test acc=87.410
[2024-03-01 13:00:27,168][main_training_parallel.py][line:170][INFO] Epoch:[34/300]	 loss=513.81552	 acc=77.204
[2024-03-01 13:00:35,241][main_training_parallel.py][line:173][INFO] Epoch:[34/300]	 Test acc=86.550
[2024-03-01 13:00:35,242][main_training_parallel.py][line:179][INFO] Best Test acc=87.410
[2024-03-01 13:02:00,407][main_training_parallel.py][line:170][INFO] Epoch:[35/300]	 loss=512.33758	 acc=77.306
[2024-03-01 13:02:08,163][main_training_parallel.py][line:173][INFO] Epoch:[35/300]	 Test acc=87.930
[2024-03-01 13:02:08,164][main_training_parallel.py][line:179][INFO] Best Test acc=87.930
[2024-03-01 13:03:32,694][main_training_parallel.py][line:170][INFO] Epoch:[36/300]	 loss=506.63682	 acc=77.354
[2024-03-01 13:03:40,515][main_training_parallel.py][line:173][INFO] Epoch:[36/300]	 Test acc=85.970
[2024-03-01 13:03:40,515][main_training_parallel.py][line:179][INFO] Best Test acc=87.930
[2024-03-01 13:05:05,671][main_training_parallel.py][line:170][INFO] Epoch:[37/300]	 loss=513.65460	 acc=77.316
[2024-03-01 13:05:13,226][main_training_parallel.py][line:173][INFO] Epoch:[37/300]	 Test acc=87.400
[2024-03-01 13:05:13,227][main_training_parallel.py][line:179][INFO] Best Test acc=87.930
[2024-03-01 13:06:38,122][main_training_parallel.py][line:170][INFO] Epoch:[38/300]	 loss=499.82354	 acc=77.500
[2024-03-01 13:06:46,240][main_training_parallel.py][line:173][INFO] Epoch:[38/300]	 Test acc=87.240
[2024-03-01 13:06:46,240][main_training_parallel.py][line:179][INFO] Best Test acc=87.930
[2024-03-01 13:08:12,153][main_training_parallel.py][line:170][INFO] Epoch:[39/300]	 loss=499.36158	 acc=77.806
[2024-03-01 13:08:20,748][main_training_parallel.py][line:173][INFO] Epoch:[39/300]	 Test acc=87.500
[2024-03-01 13:08:20,749][main_training_parallel.py][line:179][INFO] Best Test acc=87.930
[2024-03-01 13:09:45,864][main_training_parallel.py][line:170][INFO] Epoch:[40/300]	 loss=496.26150	 acc=78.196
[2024-03-01 13:09:53,857][main_training_parallel.py][line:173][INFO] Epoch:[40/300]	 Test acc=86.060
[2024-03-01 13:09:53,857][main_training_parallel.py][line:179][INFO] Best Test acc=87.930
[2024-03-01 13:11:14,097][main_training_parallel.py][line:170][INFO] Epoch:[41/300]	 loss=494.34838	 acc=77.882
[2024-03-01 13:11:22,067][main_training_parallel.py][line:173][INFO] Epoch:[41/300]	 Test acc=87.860
[2024-03-01 13:11:22,067][main_training_parallel.py][line:179][INFO] Best Test acc=87.930
[2024-03-01 13:12:36,927][main_training_parallel.py][line:170][INFO] Epoch:[42/300]	 loss=490.59188	 acc=78.266
[2024-03-01 13:12:45,138][main_training_parallel.py][line:173][INFO] Epoch:[42/300]	 Test acc=87.470
[2024-03-01 13:12:45,138][main_training_parallel.py][line:179][INFO] Best Test acc=87.930
[2024-03-01 13:14:09,862][main_training_parallel.py][line:170][INFO] Epoch:[43/300]	 loss=489.46522	 acc=78.182
[2024-03-01 13:14:17,634][main_training_parallel.py][line:173][INFO] Epoch:[43/300]	 Test acc=87.200
[2024-03-01 13:14:17,634][main_training_parallel.py][line:179][INFO] Best Test acc=87.930
[2024-03-01 13:15:41,690][main_training_parallel.py][line:170][INFO] Epoch:[44/300]	 loss=487.10890	 acc=78.508
[2024-03-01 13:15:48,992][main_training_parallel.py][line:173][INFO] Epoch:[44/300]	 Test acc=88.450
[2024-03-01 13:15:48,992][main_training_parallel.py][line:179][INFO] Best Test acc=88.450
[2024-03-01 13:17:12,582][main_training_parallel.py][line:170][INFO] Epoch:[45/300]	 loss=488.26970	 acc=78.278
[2024-03-01 13:17:20,244][main_training_parallel.py][line:173][INFO] Epoch:[45/300]	 Test acc=88.470
[2024-03-01 13:17:20,245][main_training_parallel.py][line:179][INFO] Best Test acc=88.470
[2024-03-01 13:18:43,693][main_training_parallel.py][line:170][INFO] Epoch:[46/300]	 loss=489.13855	 acc=78.222
[2024-03-01 13:18:51,392][main_training_parallel.py][line:173][INFO] Epoch:[46/300]	 Test acc=88.210
[2024-03-01 13:18:51,392][main_training_parallel.py][line:179][INFO] Best Test acc=88.470
[2024-03-01 13:20:16,350][main_training_parallel.py][line:170][INFO] Epoch:[47/300]	 loss=478.19881	 acc=78.874
[2024-03-01 13:20:23,884][main_training_parallel.py][line:173][INFO] Epoch:[47/300]	 Test acc=88.060
[2024-03-01 13:20:23,884][main_training_parallel.py][line:179][INFO] Best Test acc=88.470
[2024-03-01 13:21:50,810][main_training_parallel.py][line:170][INFO] Epoch:[48/300]	 loss=477.84965	 acc=78.760
[2024-03-01 13:21:59,256][main_training_parallel.py][line:173][INFO] Epoch:[48/300]	 Test acc=87.850
[2024-03-01 13:21:59,257][main_training_parallel.py][line:179][INFO] Best Test acc=88.470
[2024-03-01 13:23:24,058][main_training_parallel.py][line:170][INFO] Epoch:[49/300]	 loss=474.59074	 acc=78.726
[2024-03-01 13:23:32,084][main_training_parallel.py][line:173][INFO] Epoch:[49/300]	 Test acc=87.280
[2024-03-01 13:23:32,085][main_training_parallel.py][line:179][INFO] Best Test acc=88.470
[2024-03-01 13:24:58,687][main_training_parallel.py][line:170][INFO] Epoch:[50/300]	 loss=471.15066	 acc=78.982
[2024-03-01 13:25:06,150][main_training_parallel.py][line:173][INFO] Epoch:[50/300]	 Test acc=87.720
[2024-03-01 13:25:06,151][main_training_parallel.py][line:179][INFO] Best Test acc=88.470
[2024-03-01 13:26:31,331][main_training_parallel.py][line:170][INFO] Epoch:[51/300]	 loss=475.04419	 acc=79.016
[2024-03-01 13:26:39,484][main_training_parallel.py][line:173][INFO] Epoch:[51/300]	 Test acc=88.090
[2024-03-01 13:26:39,484][main_training_parallel.py][line:179][INFO] Best Test acc=88.470
[2024-03-01 13:28:07,074][main_training_parallel.py][line:170][INFO] Epoch:[52/300]	 loss=470.09198	 acc=79.034
[2024-03-01 13:28:15,685][main_training_parallel.py][line:173][INFO] Epoch:[52/300]	 Test acc=88.310
[2024-03-01 13:28:15,685][main_training_parallel.py][line:179][INFO] Best Test acc=88.470
[2024-03-01 13:29:42,947][main_training_parallel.py][line:170][INFO] Epoch:[53/300]	 loss=465.69057	 acc=79.374
[2024-03-01 13:29:52,269][main_training_parallel.py][line:173][INFO] Epoch:[53/300]	 Test acc=87.630
[2024-03-01 13:29:52,270][main_training_parallel.py][line:179][INFO] Best Test acc=88.470
[2024-03-01 13:31:20,313][main_training_parallel.py][line:170][INFO] Epoch:[54/300]	 loss=467.08445	 acc=79.160
[2024-03-01 13:31:28,360][main_training_parallel.py][line:173][INFO] Epoch:[54/300]	 Test acc=89.220
[2024-03-01 13:31:28,360][main_training_parallel.py][line:179][INFO] Best Test acc=89.220
[2024-03-01 13:32:55,429][main_training_parallel.py][line:170][INFO] Epoch:[55/300]	 loss=462.96600	 acc=79.312
[2024-03-01 13:33:03,523][main_training_parallel.py][line:173][INFO] Epoch:[55/300]	 Test acc=88.230
[2024-03-01 13:33:03,524][main_training_parallel.py][line:179][INFO] Best Test acc=89.220
[2024-03-01 13:34:31,543][main_training_parallel.py][line:170][INFO] Epoch:[56/300]	 loss=463.08806	 acc=79.322
[2024-03-01 13:34:38,651][main_training_parallel.py][line:173][INFO] Epoch:[56/300]	 Test acc=88.920
[2024-03-01 13:34:38,652][main_training_parallel.py][line:179][INFO] Best Test acc=89.220
[2024-03-01 13:36:03,881][main_training_parallel.py][line:170][INFO] Epoch:[57/300]	 loss=463.11972	 acc=79.544
[2024-03-01 13:36:10,947][main_training_parallel.py][line:173][INFO] Epoch:[57/300]	 Test acc=88.610
[2024-03-01 13:36:10,948][main_training_parallel.py][line:179][INFO] Best Test acc=89.220
[2024-03-01 13:37:35,452][main_training_parallel.py][line:170][INFO] Epoch:[58/300]	 loss=458.16049	 acc=79.598
[2024-03-01 13:37:42,903][main_training_parallel.py][line:173][INFO] Epoch:[58/300]	 Test acc=89.000
[2024-03-01 13:37:42,904][main_training_parallel.py][line:179][INFO] Best Test acc=89.220
[2024-03-01 13:39:07,229][main_training_parallel.py][line:170][INFO] Epoch:[59/300]	 loss=461.59495	 acc=79.642
[2024-03-01 13:39:14,596][main_training_parallel.py][line:173][INFO] Epoch:[59/300]	 Test acc=88.640
[2024-03-01 13:39:14,597][main_training_parallel.py][line:179][INFO] Best Test acc=89.220
[2024-03-01 13:40:38,233][main_training_parallel.py][line:170][INFO] Epoch:[60/300]	 loss=455.92821	 acc=79.842
[2024-03-01 13:40:45,213][main_training_parallel.py][line:173][INFO] Epoch:[60/300]	 Test acc=87.860
[2024-03-01 13:40:45,213][main_training_parallel.py][line:179][INFO] Best Test acc=89.220
[2024-03-01 13:42:10,571][main_training_parallel.py][line:170][INFO] Epoch:[61/300]	 loss=454.44090	 acc=79.540
[2024-03-01 13:42:18,879][main_training_parallel.py][line:173][INFO] Epoch:[61/300]	 Test acc=88.610
[2024-03-01 13:42:18,880][main_training_parallel.py][line:179][INFO] Best Test acc=89.220
[2024-03-01 13:43:42,424][main_training_parallel.py][line:170][INFO] Epoch:[62/300]	 loss=453.69554	 acc=79.828
[2024-03-01 13:43:50,397][main_training_parallel.py][line:173][INFO] Epoch:[62/300]	 Test acc=89.400
[2024-03-01 13:43:50,399][main_training_parallel.py][line:179][INFO] Best Test acc=89.400
[2024-03-01 13:45:15,474][main_training_parallel.py][line:170][INFO] Epoch:[63/300]	 loss=450.61229	 acc=79.982
[2024-03-01 13:45:23,765][main_training_parallel.py][line:173][INFO] Epoch:[63/300]	 Test acc=88.570
[2024-03-01 13:45:23,765][main_training_parallel.py][line:179][INFO] Best Test acc=89.400
[2024-03-01 13:46:48,080][main_training_parallel.py][line:170][INFO] Epoch:[64/300]	 loss=446.09198	 acc=80.186
[2024-03-01 13:46:56,089][main_training_parallel.py][line:173][INFO] Epoch:[64/300]	 Test acc=89.000
[2024-03-01 13:46:56,089][main_training_parallel.py][line:179][INFO] Best Test acc=89.400
[2024-03-01 13:48:24,460][main_training_parallel.py][line:170][INFO] Epoch:[65/300]	 loss=450.28835	 acc=79.920
[2024-03-01 13:48:32,008][main_training_parallel.py][line:173][INFO] Epoch:[65/300]	 Test acc=89.060
[2024-03-01 13:48:32,009][main_training_parallel.py][line:179][INFO] Best Test acc=89.400
[2024-03-01 13:49:59,792][main_training_parallel.py][line:170][INFO] Epoch:[66/300]	 loss=440.05154	 acc=80.370
[2024-03-01 13:50:07,198][main_training_parallel.py][line:173][INFO] Epoch:[66/300]	 Test acc=89.360
[2024-03-01 13:50:07,199][main_training_parallel.py][line:179][INFO] Best Test acc=89.400
[2024-03-01 13:51:32,950][main_training_parallel.py][line:170][INFO] Epoch:[67/300]	 loss=444.40841	 acc=80.228
[2024-03-01 13:51:41,452][main_training_parallel.py][line:173][INFO] Epoch:[67/300]	 Test acc=88.980
[2024-03-01 13:51:41,453][main_training_parallel.py][line:179][INFO] Best Test acc=89.400
[2024-03-01 13:53:04,304][main_training_parallel.py][line:170][INFO] Epoch:[68/300]	 loss=436.70853	 acc=80.432
[2024-03-01 13:53:11,808][main_training_parallel.py][line:173][INFO] Epoch:[68/300]	 Test acc=88.720
[2024-03-01 13:53:11,808][main_training_parallel.py][line:179][INFO] Best Test acc=89.400
[2024-03-01 13:54:36,876][main_training_parallel.py][line:170][INFO] Epoch:[69/300]	 loss=441.84471	 acc=80.278
[2024-03-01 13:54:45,157][main_training_parallel.py][line:173][INFO] Epoch:[69/300]	 Test acc=90.080
[2024-03-01 13:54:45,158][main_training_parallel.py][line:179][INFO] Best Test acc=90.080
[2024-03-01 13:56:08,449][main_training_parallel.py][line:170][INFO] Epoch:[70/300]	 loss=433.97829	 acc=80.846
[2024-03-01 13:56:16,005][main_training_parallel.py][line:173][INFO] Epoch:[70/300]	 Test acc=89.560
[2024-03-01 13:56:16,005][main_training_parallel.py][line:179][INFO] Best Test acc=90.080
[2024-03-01 13:57:39,867][main_training_parallel.py][line:170][INFO] Epoch:[71/300]	 loss=439.56382	 acc=80.698
[2024-03-01 13:57:47,721][main_training_parallel.py][line:173][INFO] Epoch:[71/300]	 Test acc=88.710
[2024-03-01 13:57:47,721][main_training_parallel.py][line:179][INFO] Best Test acc=90.080
[2024-03-01 13:59:11,502][main_training_parallel.py][line:170][INFO] Epoch:[72/300]	 loss=439.10215	 acc=80.306
[2024-03-01 13:59:18,883][main_training_parallel.py][line:173][INFO] Epoch:[72/300]	 Test acc=89.930
[2024-03-01 13:59:18,884][main_training_parallel.py][line:179][INFO] Best Test acc=90.080
[2024-03-01 14:00:44,722][main_training_parallel.py][line:170][INFO] Epoch:[73/300]	 loss=432.33568	 acc=80.728
[2024-03-01 14:00:53,343][main_training_parallel.py][line:173][INFO] Epoch:[73/300]	 Test acc=88.980
[2024-03-01 14:00:53,343][main_training_parallel.py][line:179][INFO] Best Test acc=90.080
[2024-03-01 14:02:19,189][main_training_parallel.py][line:170][INFO] Epoch:[74/300]	 loss=425.94069	 acc=81.214
[2024-03-01 14:02:27,667][main_training_parallel.py][line:173][INFO] Epoch:[74/300]	 Test acc=88.970
[2024-03-01 14:02:27,668][main_training_parallel.py][line:179][INFO] Best Test acc=90.080
[2024-03-01 14:03:55,493][main_training_parallel.py][line:170][INFO] Epoch:[75/300]	 loss=431.09999	 acc=80.606
[2024-03-01 14:04:03,848][main_training_parallel.py][line:173][INFO] Epoch:[75/300]	 Test acc=89.680
[2024-03-01 14:04:03,848][main_training_parallel.py][line:179][INFO] Best Test acc=90.080
[2024-03-01 14:05:31,128][main_training_parallel.py][line:170][INFO] Epoch:[76/300]	 loss=428.27796	 acc=80.830
[2024-03-01 14:05:39,752][main_training_parallel.py][line:173][INFO] Epoch:[76/300]	 Test acc=90.160
[2024-03-01 14:05:39,752][main_training_parallel.py][line:179][INFO] Best Test acc=90.160
[2024-03-01 14:07:08,327][main_training_parallel.py][line:170][INFO] Epoch:[77/300]	 loss=426.12649	 acc=80.926
[2024-03-01 14:07:16,281][main_training_parallel.py][line:173][INFO] Epoch:[77/300]	 Test acc=89.420
[2024-03-01 14:07:16,282][main_training_parallel.py][line:179][INFO] Best Test acc=90.160
[2024-03-01 14:08:43,681][main_training_parallel.py][line:170][INFO] Epoch:[78/300]	 loss=424.54967	 acc=80.934
[2024-03-01 14:08:52,314][main_training_parallel.py][line:173][INFO] Epoch:[78/300]	 Test acc=89.060
[2024-03-01 14:08:52,315][main_training_parallel.py][line:179][INFO] Best Test acc=90.160
[2024-03-01 14:10:22,206][main_training_parallel.py][line:170][INFO] Epoch:[79/300]	 loss=424.40001	 acc=81.028
[2024-03-01 14:10:31,332][main_training_parallel.py][line:173][INFO] Epoch:[79/300]	 Test acc=90.470
[2024-03-01 14:10:31,333][main_training_parallel.py][line:179][INFO] Best Test acc=90.470
[2024-03-01 14:11:59,169][main_training_parallel.py][line:170][INFO] Epoch:[80/300]	 loss=420.87784	 acc=81.466
[2024-03-01 14:12:07,230][main_training_parallel.py][line:173][INFO] Epoch:[80/300]	 Test acc=89.850
[2024-03-01 14:12:07,231][main_training_parallel.py][line:179][INFO] Best Test acc=90.470
[2024-03-01 14:13:34,570][main_training_parallel.py][line:170][INFO] Epoch:[81/300]	 loss=416.77350	 acc=81.370
[2024-03-01 14:13:42,300][main_training_parallel.py][line:173][INFO] Epoch:[81/300]	 Test acc=89.520
[2024-03-01 14:13:42,301][main_training_parallel.py][line:179][INFO] Best Test acc=90.470
[2024-03-01 14:15:06,693][main_training_parallel.py][line:170][INFO] Epoch:[82/300]	 loss=413.73751	 acc=81.646
[2024-03-01 14:15:14,729][main_training_parallel.py][line:173][INFO] Epoch:[82/300]	 Test acc=90.450
[2024-03-01 14:15:14,729][main_training_parallel.py][line:179][INFO] Best Test acc=90.470
[2024-03-01 14:16:41,769][main_training_parallel.py][line:170][INFO] Epoch:[83/300]	 loss=414.70959	 acc=81.538
[2024-03-01 14:16:50,535][main_training_parallel.py][line:173][INFO] Epoch:[83/300]	 Test acc=89.460
[2024-03-01 14:16:50,536][main_training_parallel.py][line:179][INFO] Best Test acc=90.470
[2024-03-01 14:18:17,704][main_training_parallel.py][line:170][INFO] Epoch:[84/300]	 loss=414.96797	 acc=81.478
[2024-03-01 14:18:26,302][main_training_parallel.py][line:173][INFO] Epoch:[84/300]	 Test acc=90.930
[2024-03-01 14:18:26,303][main_training_parallel.py][line:179][INFO] Best Test acc=90.930
[2024-03-01 14:19:55,525][main_training_parallel.py][line:170][INFO] Epoch:[85/300]	 loss=418.16562	 acc=81.394
[2024-03-01 14:20:03,935][main_training_parallel.py][line:173][INFO] Epoch:[85/300]	 Test acc=90.440
[2024-03-01 14:20:03,935][main_training_parallel.py][line:179][INFO] Best Test acc=90.930
[2024-03-01 14:21:31,934][main_training_parallel.py][line:170][INFO] Epoch:[86/300]	 loss=412.63618	 acc=81.658
[2024-03-01 14:21:40,886][main_training_parallel.py][line:173][INFO] Epoch:[86/300]	 Test acc=90.130
[2024-03-01 14:21:40,887][main_training_parallel.py][line:179][INFO] Best Test acc=90.930
[2024-03-01 14:23:09,948][main_training_parallel.py][line:170][INFO] Epoch:[87/300]	 loss=407.73413	 acc=81.782
[2024-03-01 14:23:18,714][main_training_parallel.py][line:173][INFO] Epoch:[87/300]	 Test acc=89.550
[2024-03-01 14:23:18,714][main_training_parallel.py][line:179][INFO] Best Test acc=90.930
[2024-03-01 14:24:48,071][main_training_parallel.py][line:170][INFO] Epoch:[88/300]	 loss=409.73011	 acc=81.820
[2024-03-01 14:24:56,739][main_training_parallel.py][line:173][INFO] Epoch:[88/300]	 Test acc=90.610
[2024-03-01 14:24:56,739][main_training_parallel.py][line:179][INFO] Best Test acc=90.930
[2024-03-01 14:26:24,604][main_training_parallel.py][line:170][INFO] Epoch:[89/300]	 loss=407.08921	 acc=81.906
[2024-03-01 14:26:33,096][main_training_parallel.py][line:173][INFO] Epoch:[89/300]	 Test acc=91.010
[2024-03-01 14:26:33,097][main_training_parallel.py][line:179][INFO] Best Test acc=91.010
[2024-03-01 14:28:01,305][main_training_parallel.py][line:170][INFO] Epoch:[90/300]	 loss=403.82273	 acc=82.162
[2024-03-01 14:28:10,477][main_training_parallel.py][line:173][INFO] Epoch:[90/300]	 Test acc=90.540
[2024-03-01 14:28:10,478][main_training_parallel.py][line:179][INFO] Best Test acc=91.010
[2024-03-01 14:29:40,388][main_training_parallel.py][line:170][INFO] Epoch:[91/300]	 loss=405.01323	 acc=82.034
[2024-03-01 14:29:48,895][main_training_parallel.py][line:173][INFO] Epoch:[91/300]	 Test acc=90.090
[2024-03-01 14:29:48,895][main_training_parallel.py][line:179][INFO] Best Test acc=91.010
[2024-03-01 14:31:17,854][main_training_parallel.py][line:170][INFO] Epoch:[92/300]	 loss=403.71236	 acc=81.992
[2024-03-01 14:31:27,296][main_training_parallel.py][line:173][INFO] Epoch:[92/300]	 Test acc=89.790
[2024-03-01 14:31:27,296][main_training_parallel.py][line:179][INFO] Best Test acc=91.010
[2024-03-01 14:32:58,120][main_training_parallel.py][line:170][INFO] Epoch:[93/300]	 loss=401.21157	 acc=82.112
[2024-03-01 14:33:06,835][main_training_parallel.py][line:173][INFO] Epoch:[93/300]	 Test acc=90.810
[2024-03-01 14:33:06,836][main_training_parallel.py][line:179][INFO] Best Test acc=91.010
[2024-03-01 14:34:36,564][main_training_parallel.py][line:170][INFO] Epoch:[94/300]	 loss=399.69198	 acc=82.122
[2024-03-01 14:34:45,336][main_training_parallel.py][line:173][INFO] Epoch:[94/300]	 Test acc=90.240
[2024-03-01 14:34:45,337][main_training_parallel.py][line:179][INFO] Best Test acc=91.010
[2024-03-01 14:36:16,384][main_training_parallel.py][line:170][INFO] Epoch:[95/300]	 loss=393.25192	 acc=82.370
[2024-03-01 14:36:25,024][main_training_parallel.py][line:173][INFO] Epoch:[95/300]	 Test acc=90.350
[2024-03-01 14:36:25,025][main_training_parallel.py][line:179][INFO] Best Test acc=91.010
[2024-03-01 14:37:54,925][main_training_parallel.py][line:170][INFO] Epoch:[96/300]	 loss=397.39160	 acc=82.156
[2024-03-01 14:38:04,058][main_training_parallel.py][line:173][INFO] Epoch:[96/300]	 Test acc=89.920
[2024-03-01 14:38:04,058][main_training_parallel.py][line:179][INFO] Best Test acc=91.010
[2024-03-01 14:39:34,222][main_training_parallel.py][line:170][INFO] Epoch:[97/300]	 loss=388.61177	 acc=82.814
[2024-03-01 14:39:43,100][main_training_parallel.py][line:173][INFO] Epoch:[97/300]	 Test acc=91.090
[2024-03-01 14:39:43,101][main_training_parallel.py][line:179][INFO] Best Test acc=91.090
[2024-03-01 14:41:13,603][main_training_parallel.py][line:170][INFO] Epoch:[98/300]	 loss=396.87464	 acc=82.320
[2024-03-01 14:41:23,002][main_training_parallel.py][line:173][INFO] Epoch:[98/300]	 Test acc=91.290
[2024-03-01 14:41:23,003][main_training_parallel.py][line:179][INFO] Best Test acc=91.290
[2024-03-01 14:42:52,594][main_training_parallel.py][line:170][INFO] Epoch:[99/300]	 loss=389.83335	 acc=82.550
[2024-03-01 14:43:01,342][main_training_parallel.py][line:173][INFO] Epoch:[99/300]	 Test acc=91.510
[2024-03-01 14:43:01,343][main_training_parallel.py][line:179][INFO] Best Test acc=91.510
[2024-03-01 14:44:30,979][main_training_parallel.py][line:170][INFO] Epoch:[100/300]	 loss=388.61861	 acc=82.742
[2024-03-01 14:44:39,082][main_training_parallel.py][line:173][INFO] Epoch:[100/300]	 Test acc=90.370
[2024-03-01 14:44:39,082][main_training_parallel.py][line:179][INFO] Best Test acc=91.510
[2024-03-01 14:46:08,660][main_training_parallel.py][line:170][INFO] Epoch:[101/300]	 loss=385.24078	 acc=82.714
[2024-03-01 14:46:17,461][main_training_parallel.py][line:173][INFO] Epoch:[101/300]	 Test acc=90.790
[2024-03-01 14:46:17,461][main_training_parallel.py][line:179][INFO] Best Test acc=91.510
[2024-03-01 14:47:47,544][main_training_parallel.py][line:170][INFO] Epoch:[102/300]	 loss=383.86778	 acc=82.964
[2024-03-01 14:47:57,017][main_training_parallel.py][line:173][INFO] Epoch:[102/300]	 Test acc=91.240
[2024-03-01 14:47:57,018][main_training_parallel.py][line:179][INFO] Best Test acc=91.510
[2024-03-01 14:49:28,085][main_training_parallel.py][line:170][INFO] Epoch:[103/300]	 loss=384.61411	 acc=82.876
[2024-03-01 14:49:37,546][main_training_parallel.py][line:173][INFO] Epoch:[103/300]	 Test acc=91.020
[2024-03-01 14:49:37,546][main_training_parallel.py][line:179][INFO] Best Test acc=91.510
[2024-03-01 14:51:06,206][main_training_parallel.py][line:170][INFO] Epoch:[104/300]	 loss=379.55124	 acc=83.182
[2024-03-01 14:51:15,131][main_training_parallel.py][line:173][INFO] Epoch:[104/300]	 Test acc=90.680
[2024-03-01 14:51:15,132][main_training_parallel.py][line:179][INFO] Best Test acc=91.510
[2024-03-01 14:52:44,483][main_training_parallel.py][line:170][INFO] Epoch:[105/300]	 loss=374.89824	 acc=83.124
[2024-03-01 14:52:52,541][main_training_parallel.py][line:173][INFO] Epoch:[105/300]	 Test acc=90.600
[2024-03-01 14:52:52,541][main_training_parallel.py][line:179][INFO] Best Test acc=91.510
[2024-03-01 14:54:22,583][main_training_parallel.py][line:170][INFO] Epoch:[106/300]	 loss=380.26532	 acc=83.048
[2024-03-01 14:54:31,665][main_training_parallel.py][line:173][INFO] Epoch:[106/300]	 Test acc=91.180
[2024-03-01 14:54:31,666][main_training_parallel.py][line:179][INFO] Best Test acc=91.510
[2024-03-01 14:56:01,718][main_training_parallel.py][line:170][INFO] Epoch:[107/300]	 loss=374.69756	 acc=83.094
[2024-03-01 14:56:10,845][main_training_parallel.py][line:173][INFO] Epoch:[107/300]	 Test acc=91.560
[2024-03-01 14:56:10,845][main_training_parallel.py][line:179][INFO] Best Test acc=91.560
[2024-03-01 14:57:41,747][main_training_parallel.py][line:170][INFO] Epoch:[108/300]	 loss=367.31458	 acc=83.488
[2024-03-01 14:57:50,640][main_training_parallel.py][line:173][INFO] Epoch:[108/300]	 Test acc=91.150
[2024-03-01 14:57:50,641][main_training_parallel.py][line:179][INFO] Best Test acc=91.560
[2024-03-01 14:59:21,145][main_training_parallel.py][line:170][INFO] Epoch:[109/300]	 loss=374.13862	 acc=83.236
[2024-03-01 14:59:30,536][main_training_parallel.py][line:173][INFO] Epoch:[109/300]	 Test acc=91.000
[2024-03-01 14:59:30,537][main_training_parallel.py][line:179][INFO] Best Test acc=91.560
[2024-03-01 15:01:02,294][main_training_parallel.py][line:170][INFO] Epoch:[110/300]	 loss=370.30096	 acc=83.412
[2024-03-01 15:01:11,113][main_training_parallel.py][line:173][INFO] Epoch:[110/300]	 Test acc=91.410
[2024-03-01 15:01:11,113][main_training_parallel.py][line:179][INFO] Best Test acc=91.560
[2024-03-01 15:02:40,811][main_training_parallel.py][line:170][INFO] Epoch:[111/300]	 loss=368.51816	 acc=83.504
[2024-03-01 15:02:50,594][main_training_parallel.py][line:173][INFO] Epoch:[111/300]	 Test acc=91.480
[2024-03-01 15:02:50,595][main_training_parallel.py][line:179][INFO] Best Test acc=91.560
[2024-03-01 15:04:21,670][main_training_parallel.py][line:170][INFO] Epoch:[112/300]	 loss=367.67674	 acc=83.586
[2024-03-01 15:04:30,942][main_training_parallel.py][line:173][INFO] Epoch:[112/300]	 Test acc=91.390
[2024-03-01 15:04:30,943][main_training_parallel.py][line:179][INFO] Best Test acc=91.560
[2024-03-01 15:06:00,112][main_training_parallel.py][line:170][INFO] Epoch:[113/300]	 loss=364.32188	 acc=83.532
[2024-03-01 15:06:09,257][main_training_parallel.py][line:173][INFO] Epoch:[113/300]	 Test acc=90.790
[2024-03-01 15:06:09,257][main_training_parallel.py][line:179][INFO] Best Test acc=91.560
[2024-03-01 15:07:40,138][main_training_parallel.py][line:170][INFO] Epoch:[114/300]	 loss=364.33294	 acc=83.576
[2024-03-01 15:07:49,691][main_training_parallel.py][line:173][INFO] Epoch:[114/300]	 Test acc=90.550
[2024-03-01 15:07:49,692][main_training_parallel.py][line:179][INFO] Best Test acc=91.560
[2024-03-01 15:09:19,083][main_training_parallel.py][line:170][INFO] Epoch:[115/300]	 loss=357.82555	 acc=84.082
[2024-03-01 15:09:28,677][main_training_parallel.py][line:173][INFO] Epoch:[115/300]	 Test acc=91.700
[2024-03-01 15:09:28,677][main_training_parallel.py][line:179][INFO] Best Test acc=91.700
[2024-03-01 15:10:57,954][main_training_parallel.py][line:170][INFO] Epoch:[116/300]	 loss=357.20493	 acc=84.038
[2024-03-01 15:11:07,432][main_training_parallel.py][line:173][INFO] Epoch:[116/300]	 Test acc=90.660
[2024-03-01 15:11:07,433][main_training_parallel.py][line:179][INFO] Best Test acc=91.700
[2024-03-01 15:12:35,241][main_training_parallel.py][line:170][INFO] Epoch:[117/300]	 loss=360.43151	 acc=84.068
[2024-03-01 15:12:43,372][main_training_parallel.py][line:173][INFO] Epoch:[117/300]	 Test acc=92.200
[2024-03-01 15:12:43,372][main_training_parallel.py][line:179][INFO] Best Test acc=92.200
[2024-03-01 15:14:12,073][main_training_parallel.py][line:170][INFO] Epoch:[118/300]	 loss=353.78915	 acc=84.216
[2024-03-01 15:14:21,152][main_training_parallel.py][line:173][INFO] Epoch:[118/300]	 Test acc=91.450
[2024-03-01 15:14:21,152][main_training_parallel.py][line:179][INFO] Best Test acc=92.200
[2024-03-01 15:15:48,098][main_training_parallel.py][line:170][INFO] Epoch:[119/300]	 loss=352.27327	 acc=84.356
[2024-03-01 15:15:57,499][main_training_parallel.py][line:173][INFO] Epoch:[119/300]	 Test acc=91.590
[2024-03-01 15:15:57,500][main_training_parallel.py][line:179][INFO] Best Test acc=92.200
[2024-03-01 15:17:25,028][main_training_parallel.py][line:170][INFO] Epoch:[120/300]	 loss=347.69120	 acc=84.650
[2024-03-01 15:17:33,185][main_training_parallel.py][line:173][INFO] Epoch:[120/300]	 Test acc=91.710
[2024-03-01 15:17:33,186][main_training_parallel.py][line:179][INFO] Best Test acc=92.200
[2024-03-01 15:19:00,891][main_training_parallel.py][line:170][INFO] Epoch:[121/300]	 loss=347.15492	 acc=84.490
[2024-03-01 15:19:09,889][main_training_parallel.py][line:173][INFO] Epoch:[121/300]	 Test acc=91.560
[2024-03-01 15:19:09,890][main_training_parallel.py][line:179][INFO] Best Test acc=92.200
[2024-03-01 15:20:37,429][main_training_parallel.py][line:170][INFO] Epoch:[122/300]	 loss=347.03793	 acc=84.558
[2024-03-01 15:20:47,063][main_training_parallel.py][line:173][INFO] Epoch:[122/300]	 Test acc=92.210
[2024-03-01 15:20:47,064][main_training_parallel.py][line:179][INFO] Best Test acc=92.210
[2024-03-01 15:22:15,321][main_training_parallel.py][line:170][INFO] Epoch:[123/300]	 loss=344.50032	 acc=84.850
[2024-03-01 15:22:24,930][main_training_parallel.py][line:173][INFO] Epoch:[123/300]	 Test acc=91.610
[2024-03-01 15:22:24,930][main_training_parallel.py][line:179][INFO] Best Test acc=92.210
[2024-03-01 15:23:53,943][main_training_parallel.py][line:170][INFO] Epoch:[124/300]	 loss=341.70413	 acc=84.810
[2024-03-01 15:24:03,095][main_training_parallel.py][line:173][INFO] Epoch:[124/300]	 Test acc=91.360
[2024-03-01 15:24:03,095][main_training_parallel.py][line:179][INFO] Best Test acc=92.210
[2024-03-01 15:25:31,807][main_training_parallel.py][line:170][INFO] Epoch:[125/300]	 loss=339.41090	 acc=84.830
[2024-03-01 15:25:41,418][main_training_parallel.py][line:173][INFO] Epoch:[125/300]	 Test acc=92.290
[2024-03-01 15:25:41,419][main_training_parallel.py][line:179][INFO] Best Test acc=92.290
[2024-03-01 15:27:09,534][main_training_parallel.py][line:170][INFO] Epoch:[126/300]	 loss=337.45264	 acc=84.886
[2024-03-01 15:27:18,979][main_training_parallel.py][line:173][INFO] Epoch:[126/300]	 Test acc=92.040
[2024-03-01 15:27:18,979][main_training_parallel.py][line:179][INFO] Best Test acc=92.290
[2024-03-01 15:28:48,013][main_training_parallel.py][line:170][INFO] Epoch:[127/300]	 loss=332.53313	 acc=85.144
[2024-03-01 15:28:57,651][main_training_parallel.py][line:173][INFO] Epoch:[127/300]	 Test acc=92.690
[2024-03-01 15:28:57,652][main_training_parallel.py][line:179][INFO] Best Test acc=92.690
[2024-03-01 15:30:26,175][main_training_parallel.py][line:170][INFO] Epoch:[128/300]	 loss=331.22594	 acc=85.324
[2024-03-01 15:30:34,703][main_training_parallel.py][line:173][INFO] Epoch:[128/300]	 Test acc=92.450
[2024-03-01 15:30:34,703][main_training_parallel.py][line:179][INFO] Best Test acc=92.690
[2024-03-01 15:32:03,097][main_training_parallel.py][line:170][INFO] Epoch:[129/300]	 loss=326.22451	 acc=85.474
[2024-03-01 15:32:12,500][main_training_parallel.py][line:173][INFO] Epoch:[129/300]	 Test acc=92.630
[2024-03-01 15:32:12,501][main_training_parallel.py][line:179][INFO] Best Test acc=92.690
[2024-03-01 15:33:39,888][main_training_parallel.py][line:170][INFO] Epoch:[130/300]	 loss=326.92214	 acc=85.440
[2024-03-01 15:33:48,285][main_training_parallel.py][line:173][INFO] Epoch:[130/300]	 Test acc=92.860
[2024-03-01 15:33:48,285][main_training_parallel.py][line:179][INFO] Best Test acc=92.860
[2024-03-01 15:35:17,516][main_training_parallel.py][line:170][INFO] Epoch:[131/300]	 loss=322.70356	 acc=85.666
[2024-03-01 15:35:27,164][main_training_parallel.py][line:173][INFO] Epoch:[131/300]	 Test acc=92.120
[2024-03-01 15:35:27,164][main_training_parallel.py][line:179][INFO] Best Test acc=92.860
[2024-03-01 15:36:56,688][main_training_parallel.py][line:170][INFO] Epoch:[132/300]	 loss=318.48424	 acc=85.690
[2024-03-01 15:37:06,307][main_training_parallel.py][line:173][INFO] Epoch:[132/300]	 Test acc=92.500
[2024-03-01 15:37:06,307][main_training_parallel.py][line:179][INFO] Best Test acc=92.860
[2024-03-01 15:38:35,268][main_training_parallel.py][line:170][INFO] Epoch:[133/300]	 loss=319.98655	 acc=85.726
[2024-03-01 15:38:44,021][main_training_parallel.py][line:173][INFO] Epoch:[133/300]	 Test acc=92.060
[2024-03-01 15:38:44,021][main_training_parallel.py][line:179][INFO] Best Test acc=92.860
[2024-03-01 15:40:13,033][main_training_parallel.py][line:170][INFO] Epoch:[134/300]	 loss=321.86443	 acc=85.686
[2024-03-01 15:40:22,623][main_training_parallel.py][line:173][INFO] Epoch:[134/300]	 Test acc=92.260
[2024-03-01 15:40:22,624][main_training_parallel.py][line:179][INFO] Best Test acc=92.860
[2024-03-01 15:41:49,728][main_training_parallel.py][line:170][INFO] Epoch:[135/300]	 loss=314.41507	 acc=86.056
[2024-03-01 15:41:58,950][main_training_parallel.py][line:173][INFO] Epoch:[135/300]	 Test acc=92.120
[2024-03-01 15:41:58,951][main_training_parallel.py][line:179][INFO] Best Test acc=92.860
[2024-03-01 15:43:24,560][main_training_parallel.py][line:170][INFO] Epoch:[136/300]	 loss=317.63628	 acc=85.820
[2024-03-01 15:43:33,372][main_training_parallel.py][line:173][INFO] Epoch:[136/300]	 Test acc=92.550
[2024-03-01 15:43:33,373][main_training_parallel.py][line:179][INFO] Best Test acc=92.860
[2024-03-01 15:45:01,066][main_training_parallel.py][line:170][INFO] Epoch:[137/300]	 loss=307.81788	 acc=86.268
[2024-03-01 15:45:09,910][main_training_parallel.py][line:173][INFO] Epoch:[137/300]	 Test acc=93.390
[2024-03-01 15:45:09,910][main_training_parallel.py][line:179][INFO] Best Test acc=93.390
[2024-03-01 15:46:38,844][main_training_parallel.py][line:170][INFO] Epoch:[138/300]	 loss=309.21875	 acc=86.262
[2024-03-01 15:46:48,116][main_training_parallel.py][line:173][INFO] Epoch:[138/300]	 Test acc=93.150
[2024-03-01 15:46:48,117][main_training_parallel.py][line:179][INFO] Best Test acc=93.390
[2024-03-01 15:48:17,701][main_training_parallel.py][line:170][INFO] Epoch:[139/300]	 loss=307.66261	 acc=86.378
[2024-03-01 15:48:26,816][main_training_parallel.py][line:173][INFO] Epoch:[139/300]	 Test acc=92.540
[2024-03-01 15:48:26,816][main_training_parallel.py][line:179][INFO] Best Test acc=93.390
[2024-03-01 15:49:54,568][main_training_parallel.py][line:170][INFO] Epoch:[140/300]	 loss=305.84547	 acc=86.378
[2024-03-01 15:50:04,283][main_training_parallel.py][line:173][INFO] Epoch:[140/300]	 Test acc=92.630
[2024-03-01 15:50:04,284][main_training_parallel.py][line:179][INFO] Best Test acc=93.390
[2024-03-01 15:51:32,622][main_training_parallel.py][line:170][INFO] Epoch:[141/300]	 loss=299.66303	 acc=86.588
[2024-03-01 15:51:41,130][main_training_parallel.py][line:173][INFO] Epoch:[141/300]	 Test acc=92.650
[2024-03-01 15:51:41,130][main_training_parallel.py][line:179][INFO] Best Test acc=93.390
[2024-03-01 15:53:09,461][main_training_parallel.py][line:170][INFO] Epoch:[142/300]	 loss=299.59721	 acc=86.776
[2024-03-01 15:53:19,038][main_training_parallel.py][line:173][INFO] Epoch:[142/300]	 Test acc=93.290
[2024-03-01 15:53:19,039][main_training_parallel.py][line:179][INFO] Best Test acc=93.390
[2024-03-01 15:54:47,528][main_training_parallel.py][line:170][INFO] Epoch:[143/300]	 loss=297.19999	 acc=86.736
[2024-03-01 15:54:56,596][main_training_parallel.py][line:173][INFO] Epoch:[143/300]	 Test acc=92.920
[2024-03-01 15:54:56,597][main_training_parallel.py][line:179][INFO] Best Test acc=93.390
[2024-03-01 15:56:23,040][main_training_parallel.py][line:170][INFO] Epoch:[144/300]	 loss=295.28663	 acc=86.816
[2024-03-01 15:56:32,518][main_training_parallel.py][line:173][INFO] Epoch:[144/300]	 Test acc=93.200
[2024-03-01 15:56:32,518][main_training_parallel.py][line:179][INFO] Best Test acc=93.390
[2024-03-01 15:57:59,295][main_training_parallel.py][line:170][INFO] Epoch:[145/300]	 loss=291.05776	 acc=86.972
[2024-03-01 15:58:08,540][main_training_parallel.py][line:173][INFO] Epoch:[145/300]	 Test acc=92.910
[2024-03-01 15:58:08,541][main_training_parallel.py][line:179][INFO] Best Test acc=93.390
[2024-03-01 15:59:37,223][main_training_parallel.py][line:170][INFO] Epoch:[146/300]	 loss=288.63540	 acc=87.274
[2024-03-01 15:59:46,762][main_training_parallel.py][line:173][INFO] Epoch:[146/300]	 Test acc=92.900
[2024-03-01 15:59:46,763][main_training_parallel.py][line:179][INFO] Best Test acc=93.390
[2024-03-01 16:01:14,656][main_training_parallel.py][line:170][INFO] Epoch:[147/300]	 loss=285.28986	 acc=87.222
[2024-03-01 16:01:23,594][main_training_parallel.py][line:173][INFO] Epoch:[147/300]	 Test acc=93.250
[2024-03-01 16:01:23,595][main_training_parallel.py][line:179][INFO] Best Test acc=93.390
[2024-03-01 16:02:51,108][main_training_parallel.py][line:170][INFO] Epoch:[148/300]	 loss=286.31581	 acc=87.320
[2024-03-01 16:02:59,824][main_training_parallel.py][line:173][INFO] Epoch:[148/300]	 Test acc=92.980
[2024-03-01 16:02:59,825][main_training_parallel.py][line:179][INFO] Best Test acc=93.390
[2024-03-01 16:04:27,673][main_training_parallel.py][line:170][INFO] Epoch:[149/300]	 loss=281.12369	 acc=87.494
[2024-03-01 16:04:37,176][main_training_parallel.py][line:173][INFO] Epoch:[149/300]	 Test acc=92.950
[2024-03-01 16:04:37,177][main_training_parallel.py][line:179][INFO] Best Test acc=93.390
[2024-03-01 16:06:06,123][main_training_parallel.py][line:170][INFO] Epoch:[150/300]	 loss=279.09845	 acc=87.486
[2024-03-01 16:06:15,361][main_training_parallel.py][line:173][INFO] Epoch:[150/300]	 Test acc=93.290
[2024-03-01 16:06:15,361][main_training_parallel.py][line:179][INFO] Best Test acc=93.390
[2024-03-01 16:07:43,915][main_training_parallel.py][line:170][INFO] Epoch:[151/300]	 loss=280.48158	 acc=87.476
[2024-03-01 16:07:52,879][main_training_parallel.py][line:173][INFO] Epoch:[151/300]	 Test acc=92.900
[2024-03-01 16:07:52,879][main_training_parallel.py][line:179][INFO] Best Test acc=93.390
[2024-03-01 16:09:20,490][main_training_parallel.py][line:170][INFO] Epoch:[152/300]	 loss=272.59443	 acc=87.796
[2024-03-01 16:09:30,152][main_training_parallel.py][line:173][INFO] Epoch:[152/300]	 Test acc=93.370
[2024-03-01 16:09:30,153][main_training_parallel.py][line:179][INFO] Best Test acc=93.390
[2024-03-01 16:10:59,986][main_training_parallel.py][line:170][INFO] Epoch:[153/300]	 loss=276.69260	 acc=87.616
[2024-03-01 16:11:09,939][main_training_parallel.py][line:173][INFO] Epoch:[153/300]	 Test acc=93.290
[2024-03-01 16:11:09,940][main_training_parallel.py][line:179][INFO] Best Test acc=93.390
[2024-03-01 16:12:38,953][main_training_parallel.py][line:170][INFO] Epoch:[154/300]	 loss=273.15374	 acc=87.782
[2024-03-01 16:12:47,729][main_training_parallel.py][line:173][INFO] Epoch:[154/300]	 Test acc=93.710
[2024-03-01 16:12:47,730][main_training_parallel.py][line:179][INFO] Best Test acc=93.710
[2024-03-01 16:14:15,844][main_training_parallel.py][line:170][INFO] Epoch:[155/300]	 loss=269.45682	 acc=87.996
[2024-03-01 16:14:25,627][main_training_parallel.py][line:173][INFO] Epoch:[155/300]	 Test acc=93.150
[2024-03-01 16:14:25,628][main_training_parallel.py][line:179][INFO] Best Test acc=93.710
[2024-03-01 16:15:54,608][main_training_parallel.py][line:170][INFO] Epoch:[156/300]	 loss=267.46159	 acc=88.074
[2024-03-01 16:16:04,251][main_training_parallel.py][line:173][INFO] Epoch:[156/300]	 Test acc=93.420
[2024-03-01 16:16:04,252][main_training_parallel.py][line:179][INFO] Best Test acc=93.710
[2024-03-01 16:17:33,426][main_training_parallel.py][line:170][INFO] Epoch:[157/300]	 loss=270.85061	 acc=88.006
[2024-03-01 16:17:42,684][main_training_parallel.py][line:173][INFO] Epoch:[157/300]	 Test acc=93.720
[2024-03-01 16:17:42,685][main_training_parallel.py][line:179][INFO] Best Test acc=93.720
[2024-03-01 16:19:11,699][main_training_parallel.py][line:170][INFO] Epoch:[158/300]	 loss=263.65559	 acc=88.228
[2024-03-01 16:19:20,516][main_training_parallel.py][line:173][INFO] Epoch:[158/300]	 Test acc=93.610
[2024-03-01 16:19:20,516][main_training_parallel.py][line:179][INFO] Best Test acc=93.720
[2024-03-01 16:20:49,499][main_training_parallel.py][line:170][INFO] Epoch:[159/300]	 loss=262.85999	 acc=88.294
[2024-03-01 16:20:58,297][main_training_parallel.py][line:173][INFO] Epoch:[159/300]	 Test acc=93.300
[2024-03-01 16:20:58,297][main_training_parallel.py][line:179][INFO] Best Test acc=93.720
[2024-03-01 16:22:24,636][main_training_parallel.py][line:170][INFO] Epoch:[160/300]	 loss=256.84007	 acc=88.600
[2024-03-01 16:22:34,533][main_training_parallel.py][line:173][INFO] Epoch:[160/300]	 Test acc=93.620
[2024-03-01 16:22:34,534][main_training_parallel.py][line:179][INFO] Best Test acc=93.720
[2024-03-01 16:24:06,943][main_training_parallel.py][line:170][INFO] Epoch:[161/300]	 loss=258.98482	 acc=88.484
[2024-03-01 16:24:17,081][main_training_parallel.py][line:173][INFO] Epoch:[161/300]	 Test acc=93.810
[2024-03-01 16:24:17,082][main_training_parallel.py][line:179][INFO] Best Test acc=93.810
[2024-03-01 16:25:49,979][main_training_parallel.py][line:170][INFO] Epoch:[162/300]	 loss=260.31096	 acc=88.462
[2024-03-01 16:25:59,429][main_training_parallel.py][line:173][INFO] Epoch:[162/300]	 Test acc=94.130
[2024-03-01 16:25:59,430][main_training_parallel.py][line:179][INFO] Best Test acc=94.130
[2024-03-01 16:27:30,774][main_training_parallel.py][line:170][INFO] Epoch:[163/300]	 loss=255.04961	 acc=88.600
[2024-03-01 16:27:40,590][main_training_parallel.py][line:173][INFO] Epoch:[163/300]	 Test acc=93.910
[2024-03-01 16:27:40,591][main_training_parallel.py][line:179][INFO] Best Test acc=94.130
[2024-03-01 16:29:10,849][main_training_parallel.py][line:170][INFO] Epoch:[164/300]	 loss=256.14727	 acc=88.582
[2024-03-01 16:29:19,641][main_training_parallel.py][line:173][INFO] Epoch:[164/300]	 Test acc=93.900
[2024-03-01 16:29:19,641][main_training_parallel.py][line:179][INFO] Best Test acc=94.130
[2024-03-01 16:30:52,667][main_training_parallel.py][line:170][INFO] Epoch:[165/300]	 loss=253.12345	 acc=88.670
[2024-03-01 16:31:03,202][main_training_parallel.py][line:173][INFO] Epoch:[165/300]	 Test acc=93.460
[2024-03-01 16:31:03,203][main_training_parallel.py][line:179][INFO] Best Test acc=94.130
[2024-03-01 16:32:35,173][main_training_parallel.py][line:170][INFO] Epoch:[166/300]	 loss=251.26356	 acc=88.686
[2024-03-01 16:32:45,067][main_training_parallel.py][line:173][INFO] Epoch:[166/300]	 Test acc=94.190
[2024-03-01 16:32:45,067][main_training_parallel.py][line:179][INFO] Best Test acc=94.190
[2024-03-01 16:34:15,742][main_training_parallel.py][line:170][INFO] Epoch:[167/300]	 loss=245.89579	 acc=88.942
[2024-03-01 16:34:24,646][main_training_parallel.py][line:173][INFO] Epoch:[167/300]	 Test acc=94.090
[2024-03-01 16:34:24,646][main_training_parallel.py][line:179][INFO] Best Test acc=94.190
[2024-03-01 16:35:56,781][main_training_parallel.py][line:170][INFO] Epoch:[168/300]	 loss=246.67141	 acc=88.946
[2024-03-01 16:36:06,676][main_training_parallel.py][line:173][INFO] Epoch:[168/300]	 Test acc=93.860
[2024-03-01 16:36:06,676][main_training_parallel.py][line:179][INFO] Best Test acc=94.190
[2024-03-01 16:37:40,145][main_training_parallel.py][line:170][INFO] Epoch:[169/300]	 loss=242.37357	 acc=89.072
[2024-03-01 16:37:48,999][main_training_parallel.py][line:173][INFO] Epoch:[169/300]	 Test acc=94.230
[2024-03-01 16:37:48,999][main_training_parallel.py][line:179][INFO] Best Test acc=94.230
[2024-03-01 16:39:20,759][main_training_parallel.py][line:170][INFO] Epoch:[170/300]	 loss=239.49531	 acc=89.318
[2024-03-01 16:39:31,124][main_training_parallel.py][line:173][INFO] Epoch:[170/300]	 Test acc=94.260
[2024-03-01 16:39:31,126][main_training_parallel.py][line:179][INFO] Best Test acc=94.260
[2024-03-01 16:41:01,762][main_training_parallel.py][line:170][INFO] Epoch:[171/300]	 loss=239.67666	 acc=89.220
[2024-03-01 16:41:12,008][main_training_parallel.py][line:173][INFO] Epoch:[171/300]	 Test acc=94.290
[2024-03-01 16:41:12,008][main_training_parallel.py][line:179][INFO] Best Test acc=94.290
[2024-03-01 16:42:44,121][main_training_parallel.py][line:170][INFO] Epoch:[172/300]	 loss=241.07739	 acc=89.194
[2024-03-01 16:42:54,123][main_training_parallel.py][line:173][INFO] Epoch:[172/300]	 Test acc=94.140
[2024-03-01 16:42:54,124][main_training_parallel.py][line:179][INFO] Best Test acc=94.290
[2024-03-01 16:44:26,735][main_training_parallel.py][line:170][INFO] Epoch:[173/300]	 loss=235.93254	 acc=89.610
[2024-03-01 16:44:36,832][main_training_parallel.py][line:173][INFO] Epoch:[173/300]	 Test acc=94.270
[2024-03-01 16:44:36,833][main_training_parallel.py][line:179][INFO] Best Test acc=94.290
[2024-03-01 16:46:09,925][main_training_parallel.py][line:170][INFO] Epoch:[174/300]	 loss=234.02039	 acc=89.524
[2024-03-01 16:46:19,606][main_training_parallel.py][line:173][INFO] Epoch:[174/300]	 Test acc=94.250
[2024-03-01 16:46:19,616][main_training_parallel.py][line:179][INFO] Best Test acc=94.290
[2024-03-01 16:47:52,166][main_training_parallel.py][line:170][INFO] Epoch:[175/300]	 loss=228.42937	 acc=89.874
[2024-03-01 16:48:01,330][main_training_parallel.py][line:173][INFO] Epoch:[175/300]	 Test acc=94.440
[2024-03-01 16:48:01,330][main_training_parallel.py][line:179][INFO] Best Test acc=94.440
[2024-03-01 16:49:33,720][main_training_parallel.py][line:170][INFO] Epoch:[176/300]	 loss=229.01780	 acc=89.896
[2024-03-01 16:49:42,455][main_training_parallel.py][line:173][INFO] Epoch:[176/300]	 Test acc=94.160
[2024-03-01 16:49:42,455][main_training_parallel.py][line:179][INFO] Best Test acc=94.440
[2024-03-01 16:51:13,311][main_training_parallel.py][line:170][INFO] Epoch:[177/300]	 loss=229.85514	 acc=89.772
[2024-03-01 16:51:24,029][main_training_parallel.py][line:173][INFO] Epoch:[177/300]	 Test acc=94.280
[2024-03-01 16:51:24,030][main_training_parallel.py][line:179][INFO] Best Test acc=94.440
[2024-03-01 16:52:48,321][main_training_parallel.py][line:170][INFO] Epoch:[178/300]	 loss=225.31573	 acc=89.956
[2024-03-01 16:52:58,904][main_training_parallel.py][line:173][INFO] Epoch:[178/300]	 Test acc=94.320
[2024-03-01 16:52:58,905][main_training_parallel.py][line:179][INFO] Best Test acc=94.440
[2024-03-01 16:54:28,751][main_training_parallel.py][line:170][INFO] Epoch:[179/300]	 loss=222.97690	 acc=89.900
[2024-03-01 16:54:38,327][main_training_parallel.py][line:173][INFO] Epoch:[179/300]	 Test acc=94.480
[2024-03-01 16:54:38,327][main_training_parallel.py][line:179][INFO] Best Test acc=94.480
[2024-03-01 16:56:07,518][main_training_parallel.py][line:170][INFO] Epoch:[180/300]	 loss=222.38974	 acc=89.996
[2024-03-01 16:56:17,578][main_training_parallel.py][line:173][INFO] Epoch:[180/300]	 Test acc=94.440
[2024-03-01 16:56:17,578][main_training_parallel.py][line:179][INFO] Best Test acc=94.480
[2024-03-01 16:57:48,269][main_training_parallel.py][line:170][INFO] Epoch:[181/300]	 loss=217.23949	 acc=90.370
[2024-03-01 16:57:58,756][main_training_parallel.py][line:173][INFO] Epoch:[181/300]	 Test acc=94.400
[2024-03-01 16:57:58,756][main_training_parallel.py][line:179][INFO] Best Test acc=94.480
[2024-03-01 16:59:31,574][main_training_parallel.py][line:170][INFO] Epoch:[182/300]	 loss=217.85960	 acc=90.218
[2024-03-01 16:59:42,102][main_training_parallel.py][line:173][INFO] Epoch:[182/300]	 Test acc=94.270
[2024-03-01 16:59:42,103][main_training_parallel.py][line:179][INFO] Best Test acc=94.480
[2024-03-01 17:01:13,549][main_training_parallel.py][line:170][INFO] Epoch:[183/300]	 loss=222.16137	 acc=90.048
[2024-03-01 17:01:22,672][main_training_parallel.py][line:173][INFO] Epoch:[183/300]	 Test acc=94.270
[2024-03-01 17:01:22,673][main_training_parallel.py][line:179][INFO] Best Test acc=94.480
[2024-03-01 17:02:52,645][main_training_parallel.py][line:170][INFO] Epoch:[184/300]	 loss=216.78286	 acc=90.380
[2024-03-01 17:03:01,823][main_training_parallel.py][line:173][INFO] Epoch:[184/300]	 Test acc=94.150
[2024-03-01 17:03:01,824][main_training_parallel.py][line:179][INFO] Best Test acc=94.480
[2024-03-01 17:04:33,939][main_training_parallel.py][line:170][INFO] Epoch:[185/300]	 loss=209.96147	 acc=90.614
[2024-03-01 17:04:43,001][main_training_parallel.py][line:173][INFO] Epoch:[185/300]	 Test acc=94.600
[2024-03-01 17:04:43,001][main_training_parallel.py][line:179][INFO] Best Test acc=94.600
[2024-03-01 17:06:14,498][main_training_parallel.py][line:170][INFO] Epoch:[186/300]	 loss=212.83235	 acc=90.484
[2024-03-01 17:06:24,079][main_training_parallel.py][line:173][INFO] Epoch:[186/300]	 Test acc=94.570
[2024-03-01 17:06:24,080][main_training_parallel.py][line:179][INFO] Best Test acc=94.600
[2024-03-01 17:07:54,213][main_training_parallel.py][line:170][INFO] Epoch:[187/300]	 loss=207.26075	 acc=90.710
[2024-03-01 17:08:04,467][main_training_parallel.py][line:173][INFO] Epoch:[187/300]	 Test acc=94.500
[2024-03-01 17:08:04,467][main_training_parallel.py][line:179][INFO] Best Test acc=94.600
[2024-03-01 17:09:35,211][main_training_parallel.py][line:170][INFO] Epoch:[188/300]	 loss=209.42363	 acc=90.716
[2024-03-01 17:09:45,668][main_training_parallel.py][line:173][INFO] Epoch:[188/300]	 Test acc=94.340
[2024-03-01 17:09:45,668][main_training_parallel.py][line:179][INFO] Best Test acc=94.600
[2024-03-01 17:11:17,543][main_training_parallel.py][line:170][INFO] Epoch:[189/300]	 loss=207.34520	 acc=90.674
[2024-03-01 17:11:28,031][main_training_parallel.py][line:173][INFO] Epoch:[189/300]	 Test acc=94.620
[2024-03-01 17:11:28,032][main_training_parallel.py][line:179][INFO] Best Test acc=94.620
[2024-03-01 17:13:00,720][main_training_parallel.py][line:170][INFO] Epoch:[190/300]	 loss=200.76640	 acc=91.052
[2024-03-01 17:13:11,353][main_training_parallel.py][line:173][INFO] Epoch:[190/300]	 Test acc=94.810
[2024-03-01 17:13:11,353][main_training_parallel.py][line:179][INFO] Best Test acc=94.810
[2024-03-01 17:14:42,770][main_training_parallel.py][line:170][INFO] Epoch:[191/300]	 loss=205.66376	 acc=90.810
[2024-03-01 17:14:52,097][main_training_parallel.py][line:173][INFO] Epoch:[191/300]	 Test acc=94.860
[2024-03-01 17:14:52,099][main_training_parallel.py][line:179][INFO] Best Test acc=94.860
[2024-03-01 17:16:24,845][main_training_parallel.py][line:170][INFO] Epoch:[192/300]	 loss=204.93092	 acc=90.882
[2024-03-01 17:16:34,187][main_training_parallel.py][line:173][INFO] Epoch:[192/300]	 Test acc=94.760
[2024-03-01 17:16:34,187][main_training_parallel.py][line:179][INFO] Best Test acc=94.860
[2024-03-01 17:18:06,093][main_training_parallel.py][line:170][INFO] Epoch:[193/300]	 loss=202.49892	 acc=90.982
[2024-03-01 17:18:16,746][main_training_parallel.py][line:173][INFO] Epoch:[193/300]	 Test acc=94.900
[2024-03-01 17:18:16,746][main_training_parallel.py][line:179][INFO] Best Test acc=94.900
[2024-03-01 17:19:48,536][main_training_parallel.py][line:170][INFO] Epoch:[194/300]	 loss=200.88618	 acc=91.032
[2024-03-01 17:19:59,456][main_training_parallel.py][line:173][INFO] Epoch:[194/300]	 Test acc=94.950
[2024-03-01 17:19:59,456][main_training_parallel.py][line:179][INFO] Best Test acc=94.950
[2024-03-01 17:21:32,397][main_training_parallel.py][line:170][INFO] Epoch:[195/300]	 loss=200.80322	 acc=91.072
[2024-03-01 17:21:42,252][main_training_parallel.py][line:173][INFO] Epoch:[195/300]	 Test acc=94.990
[2024-03-01 17:21:42,253][main_training_parallel.py][line:179][INFO] Best Test acc=94.990
[2024-03-01 17:23:14,026][main_training_parallel.py][line:170][INFO] Epoch:[196/300]	 loss=196.43705	 acc=91.148
[2024-03-01 17:23:23,899][main_training_parallel.py][line:173][INFO] Epoch:[196/300]	 Test acc=94.770
[2024-03-01 17:23:23,899][main_training_parallel.py][line:179][INFO] Best Test acc=94.990
[2024-03-01 17:24:52,888][main_training_parallel.py][line:170][INFO] Epoch:[197/300]	 loss=196.29767	 acc=91.172
[2024-03-01 17:25:01,710][main_training_parallel.py][line:173][INFO] Epoch:[197/300]	 Test acc=94.910
[2024-03-01 17:25:01,710][main_training_parallel.py][line:179][INFO] Best Test acc=94.990
[2024-03-01 17:26:29,834][main_training_parallel.py][line:170][INFO] Epoch:[198/300]	 loss=193.31181	 acc=91.408
[2024-03-01 17:26:38,171][main_training_parallel.py][line:173][INFO] Epoch:[198/300]	 Test acc=94.920
[2024-03-01 17:26:38,171][main_training_parallel.py][line:179][INFO] Best Test acc=94.990
[2024-03-01 17:28:07,443][main_training_parallel.py][line:170][INFO] Epoch:[199/300]	 loss=193.03123	 acc=91.262
[2024-03-01 17:28:16,490][main_training_parallel.py][line:173][INFO] Epoch:[199/300]	 Test acc=94.870
[2024-03-01 17:28:16,491][main_training_parallel.py][line:179][INFO] Best Test acc=94.990
[2024-03-01 17:29:44,346][main_training_parallel.py][line:170][INFO] Epoch:[200/300]	 loss=193.14666	 acc=91.404
[2024-03-01 17:29:54,222][main_training_parallel.py][line:173][INFO] Epoch:[200/300]	 Test acc=94.880
[2024-03-01 17:29:54,222][main_training_parallel.py][line:179][INFO] Best Test acc=94.990
[2024-03-01 17:31:21,989][main_training_parallel.py][line:170][INFO] Epoch:[201/300]	 loss=189.43273	 acc=91.530
[2024-03-01 17:31:32,539][main_training_parallel.py][line:173][INFO] Epoch:[201/300]	 Test acc=94.960
[2024-03-01 17:31:32,539][main_training_parallel.py][line:179][INFO] Best Test acc=94.990
[2024-03-01 17:33:04,084][main_training_parallel.py][line:170][INFO] Epoch:[202/300]	 loss=185.13131	 acc=91.768
[2024-03-01 17:33:12,892][main_training_parallel.py][line:173][INFO] Epoch:[202/300]	 Test acc=94.920
[2024-03-01 17:33:12,892][main_training_parallel.py][line:179][INFO] Best Test acc=94.990
[2024-03-01 17:34:40,705][main_training_parallel.py][line:170][INFO] Epoch:[203/300]	 loss=188.08880	 acc=91.822
[2024-03-01 17:34:49,450][main_training_parallel.py][line:173][INFO] Epoch:[203/300]	 Test acc=94.780
[2024-03-01 17:34:49,450][main_training_parallel.py][line:179][INFO] Best Test acc=94.990
[2024-03-01 17:36:17,154][main_training_parallel.py][line:170][INFO] Epoch:[204/300]	 loss=185.63198	 acc=91.690
[2024-03-01 17:36:26,314][main_training_parallel.py][line:173][INFO] Epoch:[204/300]	 Test acc=95.010
[2024-03-01 17:36:26,314][main_training_parallel.py][line:179][INFO] Best Test acc=95.010
[2024-03-01 17:37:55,148][main_training_parallel.py][line:170][INFO] Epoch:[205/300]	 loss=183.59160	 acc=91.790
[2024-03-01 17:38:04,707][main_training_parallel.py][line:173][INFO] Epoch:[205/300]	 Test acc=94.950
[2024-03-01 17:38:04,708][main_training_parallel.py][line:179][INFO] Best Test acc=95.010
[2024-03-01 17:39:35,140][main_training_parallel.py][line:170][INFO] Epoch:[206/300]	 loss=183.89129	 acc=91.794
[2024-03-01 17:39:44,554][main_training_parallel.py][line:173][INFO] Epoch:[206/300]	 Test acc=94.920
[2024-03-01 17:39:44,554][main_training_parallel.py][line:179][INFO] Best Test acc=95.010
[2024-03-01 17:41:12,267][main_training_parallel.py][line:170][INFO] Epoch:[207/300]	 loss=181.71298	 acc=91.924
[2024-03-01 17:41:21,292][main_training_parallel.py][line:173][INFO] Epoch:[207/300]	 Test acc=94.610
[2024-03-01 17:41:21,292][main_training_parallel.py][line:179][INFO] Best Test acc=95.010
[2024-03-01 17:42:54,061][main_training_parallel.py][line:170][INFO] Epoch:[208/300]	 loss=178.99961	 acc=91.946
[2024-03-01 17:43:03,823][main_training_parallel.py][line:173][INFO] Epoch:[208/300]	 Test acc=95.110
[2024-03-01 17:43:03,824][main_training_parallel.py][line:179][INFO] Best Test acc=95.110
[2024-03-01 17:44:36,805][main_training_parallel.py][line:170][INFO] Epoch:[209/300]	 loss=182.87660	 acc=91.884
[2024-03-01 17:44:47,213][main_training_parallel.py][line:173][INFO] Epoch:[209/300]	 Test acc=95.160
[2024-03-01 17:44:47,213][main_training_parallel.py][line:179][INFO] Best Test acc=95.160
[2024-03-01 17:46:20,044][main_training_parallel.py][line:170][INFO] Epoch:[210/300]	 loss=178.87607	 acc=92.018
[2024-03-01 17:46:30,137][main_training_parallel.py][line:173][INFO] Epoch:[210/300]	 Test acc=95.020
[2024-03-01 17:46:30,138][main_training_parallel.py][line:179][INFO] Best Test acc=95.160
[2024-03-01 17:48:02,696][main_training_parallel.py][line:170][INFO] Epoch:[211/300]	 loss=176.98963	 acc=92.078
[2024-03-01 17:48:12,922][main_training_parallel.py][line:173][INFO] Epoch:[211/300]	 Test acc=95.160
[2024-03-01 17:48:12,923][main_training_parallel.py][line:179][INFO] Best Test acc=95.160
[2024-03-01 17:49:45,510][main_training_parallel.py][line:170][INFO] Epoch:[212/300]	 loss=177.22828	 acc=92.158
[2024-03-01 17:49:55,325][main_training_parallel.py][line:173][INFO] Epoch:[212/300]	 Test acc=94.960
[2024-03-01 17:49:55,325][main_training_parallel.py][line:179][INFO] Best Test acc=95.160
[2024-03-01 17:51:26,844][main_training_parallel.py][line:170][INFO] Epoch:[213/300]	 loss=174.64539	 acc=92.216
[2024-03-01 17:51:36,771][main_training_parallel.py][line:173][INFO] Epoch:[213/300]	 Test acc=95.050
[2024-03-01 17:51:36,771][main_training_parallel.py][line:179][INFO] Best Test acc=95.160
[2024-03-01 17:53:08,245][main_training_parallel.py][line:170][INFO] Epoch:[214/300]	 loss=173.70025	 acc=92.230
[2024-03-01 17:53:19,004][main_training_parallel.py][line:173][INFO] Epoch:[214/300]	 Test acc=95.060
[2024-03-01 17:53:19,004][main_training_parallel.py][line:179][INFO] Best Test acc=95.160
[2024-03-01 17:54:52,083][main_training_parallel.py][line:170][INFO] Epoch:[215/300]	 loss=175.35036	 acc=92.264
[2024-03-01 17:55:01,560][main_training_parallel.py][line:173][INFO] Epoch:[215/300]	 Test acc=95.140
[2024-03-01 17:55:01,561][main_training_parallel.py][line:179][INFO] Best Test acc=95.160
[2024-03-01 17:56:32,661][main_training_parallel.py][line:170][INFO] Epoch:[216/300]	 loss=172.54895	 acc=92.444
[2024-03-01 17:56:43,014][main_training_parallel.py][line:173][INFO] Epoch:[216/300]	 Test acc=95.120
[2024-03-01 17:56:43,014][main_training_parallel.py][line:179][INFO] Best Test acc=95.160
[2024-03-01 17:58:14,483][main_training_parallel.py][line:170][INFO] Epoch:[217/300]	 loss=170.09558	 acc=92.402
[2024-03-01 17:58:24,228][main_training_parallel.py][line:173][INFO] Epoch:[217/300]	 Test acc=95.230
[2024-03-01 17:58:24,228][main_training_parallel.py][line:179][INFO] Best Test acc=95.230
[2024-03-01 17:59:56,044][main_training_parallel.py][line:170][INFO] Epoch:[218/300]	 loss=170.42353	 acc=92.414
[2024-03-01 18:00:06,166][main_training_parallel.py][line:173][INFO] Epoch:[218/300]	 Test acc=95.080
[2024-03-01 18:00:06,166][main_training_parallel.py][line:179][INFO] Best Test acc=95.230
[2024-03-01 18:01:38,881][main_training_parallel.py][line:170][INFO] Epoch:[219/300]	 loss=169.48760	 acc=92.476
[2024-03-01 18:01:49,059][main_training_parallel.py][line:173][INFO] Epoch:[219/300]	 Test acc=94.930
[2024-03-01 18:01:49,059][main_training_parallel.py][line:179][INFO] Best Test acc=95.230
[2024-03-01 18:03:15,743][main_training_parallel.py][line:170][INFO] Epoch:[220/300]	 loss=169.11170	 acc=92.392
[2024-03-01 18:03:26,108][main_training_parallel.py][line:173][INFO] Epoch:[220/300]	 Test acc=95.300
[2024-03-01 18:03:26,109][main_training_parallel.py][line:179][INFO] Best Test acc=95.300
[2024-03-01 18:04:57,050][main_training_parallel.py][line:170][INFO] Epoch:[221/300]	 loss=170.50047	 acc=92.380
[2024-03-01 18:05:07,185][main_training_parallel.py][line:173][INFO] Epoch:[221/300]	 Test acc=95.120
[2024-03-01 18:05:07,186][main_training_parallel.py][line:179][INFO] Best Test acc=95.300
[2024-03-01 18:06:39,833][main_training_parallel.py][line:170][INFO] Epoch:[222/300]	 loss=163.30616	 acc=92.650
[2024-03-01 18:06:49,500][main_training_parallel.py][line:173][INFO] Epoch:[222/300]	 Test acc=95.280
[2024-03-01 18:06:49,500][main_training_parallel.py][line:179][INFO] Best Test acc=95.300
[2024-03-01 18:08:19,163][main_training_parallel.py][line:170][INFO] Epoch:[223/300]	 loss=169.46293	 acc=92.410
[2024-03-01 18:08:29,194][main_training_parallel.py][line:173][INFO] Epoch:[223/300]	 Test acc=95.350
[2024-03-01 18:08:29,195][main_training_parallel.py][line:179][INFO] Best Test acc=95.350
[2024-03-01 18:10:02,258][main_training_parallel.py][line:170][INFO] Epoch:[224/300]	 loss=164.99939	 acc=92.668
[2024-03-01 18:10:12,088][main_training_parallel.py][line:173][INFO] Epoch:[224/300]	 Test acc=95.260
[2024-03-01 18:10:12,089][main_training_parallel.py][line:179][INFO] Best Test acc=95.350
[2024-03-01 18:11:41,166][main_training_parallel.py][line:170][INFO] Epoch:[225/300]	 loss=168.44043	 acc=92.414
[2024-03-01 18:11:50,255][main_training_parallel.py][line:173][INFO] Epoch:[225/300]	 Test acc=95.210
[2024-03-01 18:11:50,255][main_training_parallel.py][line:179][INFO] Best Test acc=95.350
[2024-03-01 18:13:18,655][main_training_parallel.py][line:170][INFO] Epoch:[226/300]	 loss=166.09377	 acc=92.676
[2024-03-01 18:13:28,427][main_training_parallel.py][line:173][INFO] Epoch:[226/300]	 Test acc=95.170
[2024-03-01 18:13:28,427][main_training_parallel.py][line:179][INFO] Best Test acc=95.350
[2024-03-01 18:14:58,488][main_training_parallel.py][line:170][INFO] Epoch:[227/300]	 loss=162.49924	 acc=92.804
[2024-03-01 18:15:08,568][main_training_parallel.py][line:173][INFO] Epoch:[227/300]	 Test acc=95.370
[2024-03-01 18:15:08,569][main_training_parallel.py][line:179][INFO] Best Test acc=95.370
[2024-03-01 18:16:36,582][main_training_parallel.py][line:170][INFO] Epoch:[228/300]	 loss=162.05187	 acc=92.836
[2024-03-01 18:16:45,529][main_training_parallel.py][line:173][INFO] Epoch:[228/300]	 Test acc=95.400
[2024-03-01 18:16:45,529][main_training_parallel.py][line:179][INFO] Best Test acc=95.400
[2024-03-01 18:18:15,123][main_training_parallel.py][line:170][INFO] Epoch:[229/300]	 loss=161.23680	 acc=92.808
[2024-03-01 18:18:23,700][main_training_parallel.py][line:173][INFO] Epoch:[229/300]	 Test acc=95.300
[2024-03-01 18:18:23,701][main_training_parallel.py][line:179][INFO] Best Test acc=95.400
[2024-03-01 18:19:50,890][main_training_parallel.py][line:170][INFO] Epoch:[230/300]	 loss=163.75411	 acc=92.636
[2024-03-01 18:20:00,362][main_training_parallel.py][line:173][INFO] Epoch:[230/300]	 Test acc=95.300
[2024-03-01 18:20:00,362][main_training_parallel.py][line:179][INFO] Best Test acc=95.400
[2024-03-01 18:21:32,292][main_training_parallel.py][line:170][INFO] Epoch:[231/300]	 loss=163.39287	 acc=92.716
[2024-03-01 18:21:42,112][main_training_parallel.py][line:173][INFO] Epoch:[231/300]	 Test acc=95.400
[2024-03-01 18:21:42,113][main_training_parallel.py][line:179][INFO] Best Test acc=95.400
[2024-03-01 18:23:14,134][main_training_parallel.py][line:170][INFO] Epoch:[232/300]	 loss=162.98835	 acc=92.664
[2024-03-01 18:23:24,694][main_training_parallel.py][line:173][INFO] Epoch:[232/300]	 Test acc=95.170
[2024-03-01 18:23:24,695][main_training_parallel.py][line:179][INFO] Best Test acc=95.400
[2024-03-01 18:24:57,594][main_training_parallel.py][line:170][INFO] Epoch:[233/300]	 loss=160.60100	 acc=92.872
[2024-03-01 18:25:08,186][main_training_parallel.py][line:173][INFO] Epoch:[233/300]	 Test acc=95.130
[2024-03-01 18:25:08,187][main_training_parallel.py][line:179][INFO] Best Test acc=95.400
[2024-03-01 18:26:39,532][main_training_parallel.py][line:170][INFO] Epoch:[234/300]	 loss=160.87794	 acc=92.830
[2024-03-01 18:26:48,341][main_training_parallel.py][line:173][INFO] Epoch:[234/300]	 Test acc=95.210
[2024-03-01 18:26:48,341][main_training_parallel.py][line:179][INFO] Best Test acc=95.400
[2024-03-01 18:28:20,956][main_training_parallel.py][line:170][INFO] Epoch:[235/300]	 loss=162.09898	 acc=92.762
[2024-03-01 18:28:30,052][main_training_parallel.py][line:173][INFO] Epoch:[235/300]	 Test acc=95.130
[2024-03-01 18:28:30,053][main_training_parallel.py][line:179][INFO] Best Test acc=95.400
[2024-03-01 18:30:00,908][main_training_parallel.py][line:170][INFO] Epoch:[236/300]	 loss=163.30049	 acc=92.750
[2024-03-01 18:30:10,177][main_training_parallel.py][line:173][INFO] Epoch:[236/300]	 Test acc=95.120
[2024-03-01 18:30:10,178][main_training_parallel.py][line:179][INFO] Best Test acc=95.400
[2024-03-01 18:31:41,825][main_training_parallel.py][line:170][INFO] Epoch:[237/300]	 loss=161.50473	 acc=92.864
[2024-03-01 18:31:51,823][main_training_parallel.py][line:173][INFO] Epoch:[237/300]	 Test acc=95.150
[2024-03-01 18:31:51,823][main_training_parallel.py][line:179][INFO] Best Test acc=95.400
[2024-03-01 18:33:24,796][main_training_parallel.py][line:170][INFO] Epoch:[238/300]	 loss=160.88549	 acc=92.882
[2024-03-01 18:33:34,588][main_training_parallel.py][line:173][INFO] Epoch:[238/300]	 Test acc=95.350
[2024-03-01 18:33:34,588][main_training_parallel.py][line:179][INFO] Best Test acc=95.400
[2024-03-01 18:35:05,361][main_training_parallel.py][line:170][INFO] Epoch:[239/300]	 loss=157.84451	 acc=92.952
[2024-03-01 18:35:15,619][main_training_parallel.py][line:173][INFO] Epoch:[239/300]	 Test acc=95.210
[2024-03-01 18:35:15,620][main_training_parallel.py][line:179][INFO] Best Test acc=95.400
[2024-03-01 18:36:49,401][main_training_parallel.py][line:170][INFO] Epoch:[240/300]	 loss=158.27160	 acc=92.970
[2024-03-01 18:36:59,673][main_training_parallel.py][line:173][INFO] Epoch:[240/300]	 Test acc=95.250
[2024-03-01 18:36:59,674][main_training_parallel.py][line:179][INFO] Best Test acc=95.400
[2024-03-01 18:38:32,139][main_training_parallel.py][line:170][INFO] Epoch:[241/300]	 loss=160.18821	 acc=92.870
[2024-03-01 18:38:41,733][main_training_parallel.py][line:173][INFO] Epoch:[241/300]	 Test acc=95.230
[2024-03-01 18:38:41,733][main_training_parallel.py][line:179][INFO] Best Test acc=95.400
[2024-03-01 18:40:13,227][main_training_parallel.py][line:170][INFO] Epoch:[242/300]	 loss=155.26514	 acc=93.078
[2024-03-01 18:40:23,852][main_training_parallel.py][line:173][INFO] Epoch:[242/300]	 Test acc=95.210
[2024-03-01 18:40:23,852][main_training_parallel.py][line:179][INFO] Best Test acc=95.400
[2024-03-01 18:41:55,461][main_training_parallel.py][line:170][INFO] Epoch:[243/300]	 loss=157.91931	 acc=92.888
[2024-03-01 18:42:05,647][main_training_parallel.py][line:173][INFO] Epoch:[243/300]	 Test acc=95.280
[2024-03-01 18:42:05,648][main_training_parallel.py][line:179][INFO] Best Test acc=95.400
[2024-03-01 18:43:37,557][main_training_parallel.py][line:170][INFO] Epoch:[244/300]	 loss=159.81731	 acc=92.886
[2024-03-01 18:43:47,311][main_training_parallel.py][line:173][INFO] Epoch:[244/300]	 Test acc=95.450
[2024-03-01 18:43:47,312][main_training_parallel.py][line:179][INFO] Best Test acc=95.450
[2024-03-01 18:45:18,778][main_training_parallel.py][line:170][INFO] Epoch:[245/300]	 loss=155.87204	 acc=93.066
[2024-03-01 18:45:28,829][main_training_parallel.py][line:173][INFO] Epoch:[245/300]	 Test acc=95.450
[2024-03-01 18:45:28,830][main_training_parallel.py][line:179][INFO] Best Test acc=95.450
[2024-03-01 18:47:02,051][main_training_parallel.py][line:170][INFO] Epoch:[246/300]	 loss=158.67563	 acc=92.958
[2024-03-01 18:47:12,145][main_training_parallel.py][line:173][INFO] Epoch:[246/300]	 Test acc=95.200
[2024-03-01 18:47:12,146][main_training_parallel.py][line:179][INFO] Best Test acc=95.450
[2024-03-01 18:48:44,135][main_training_parallel.py][line:170][INFO] Epoch:[247/300]	 loss=159.72659	 acc=92.960
[2024-03-01 18:48:53,758][main_training_parallel.py][line:173][INFO] Epoch:[247/300]	 Test acc=95.090
[2024-03-01 18:48:53,759][main_training_parallel.py][line:179][INFO] Best Test acc=95.450
[2024-03-01 18:50:25,946][main_training_parallel.py][line:170][INFO] Epoch:[248/300]	 loss=157.76413	 acc=92.860
[2024-03-01 18:50:36,055][main_training_parallel.py][line:173][INFO] Epoch:[248/300]	 Test acc=95.300
[2024-03-01 18:50:36,056][main_training_parallel.py][line:179][INFO] Best Test acc=95.450
[2024-03-01 18:52:06,418][main_training_parallel.py][line:170][INFO] Epoch:[249/300]	 loss=157.40680	 acc=92.966
[2024-03-01 18:52:16,864][main_training_parallel.py][line:173][INFO] Epoch:[249/300]	 Test acc=95.270
[2024-03-01 18:52:16,865][main_training_parallel.py][line:179][INFO] Best Test acc=95.450
[2024-03-01 18:53:50,122][main_training_parallel.py][line:170][INFO] Epoch:[250/300]	 loss=154.30691	 acc=93.112
[2024-03-01 18:54:00,529][main_training_parallel.py][line:173][INFO] Epoch:[250/300]	 Test acc=95.420
[2024-03-01 18:54:00,530][main_training_parallel.py][line:179][INFO] Best Test acc=95.450
[2024-03-01 18:55:32,569][main_training_parallel.py][line:170][INFO] Epoch:[251/300]	 loss=154.49948	 acc=93.054
[2024-03-01 18:55:42,766][main_training_parallel.py][line:173][INFO] Epoch:[251/300]	 Test acc=95.180
[2024-03-01 18:55:42,767][main_training_parallel.py][line:179][INFO] Best Test acc=95.450
[2024-03-01 18:57:11,282][main_training_parallel.py][line:170][INFO] Epoch:[252/300]	 loss=150.08238	 acc=93.228
[2024-03-01 18:57:21,798][main_training_parallel.py][line:173][INFO] Epoch:[252/300]	 Test acc=95.440
[2024-03-01 18:57:21,799][main_training_parallel.py][line:179][INFO] Best Test acc=95.450
[2024-03-01 18:58:54,774][main_training_parallel.py][line:170][INFO] Epoch:[253/300]	 loss=156.26823	 acc=92.972
[2024-03-01 18:59:03,407][main_training_parallel.py][line:173][INFO] Epoch:[253/300]	 Test acc=95.330
[2024-03-01 18:59:03,408][main_training_parallel.py][line:179][INFO] Best Test acc=95.450
[2024-03-01 19:00:34,987][main_training_parallel.py][line:170][INFO] Epoch:[254/300]	 loss=151.98021	 acc=93.168
[2024-03-01 19:00:45,321][main_training_parallel.py][line:173][INFO] Epoch:[254/300]	 Test acc=95.280
[2024-03-01 19:00:45,321][main_training_parallel.py][line:179][INFO] Best Test acc=95.450
[2024-03-01 19:02:16,330][main_training_parallel.py][line:170][INFO] Epoch:[255/300]	 loss=156.35467	 acc=93.126
[2024-03-01 19:02:27,103][main_training_parallel.py][line:173][INFO] Epoch:[255/300]	 Test acc=95.470
[2024-03-01 19:02:27,103][main_training_parallel.py][line:179][INFO] Best Test acc=95.470
[2024-03-01 19:04:01,062][main_training_parallel.py][line:170][INFO] Epoch:[256/300]	 loss=156.29394	 acc=93.136
[2024-03-01 19:04:11,702][main_training_parallel.py][line:173][INFO] Epoch:[256/300]	 Test acc=95.380
[2024-03-01 19:04:11,703][main_training_parallel.py][line:179][INFO] Best Test acc=95.470
[2024-03-01 19:05:44,152][main_training_parallel.py][line:170][INFO] Epoch:[257/300]	 loss=156.43709	 acc=92.944
[2024-03-01 19:05:54,546][main_training_parallel.py][line:173][INFO] Epoch:[257/300]	 Test acc=95.420
[2024-03-01 19:05:54,548][main_training_parallel.py][line:179][INFO] Best Test acc=95.470
[2024-03-01 19:07:27,829][main_training_parallel.py][line:170][INFO] Epoch:[258/300]	 loss=151.61109	 acc=93.312
[2024-03-01 19:07:38,259][main_training_parallel.py][line:173][INFO] Epoch:[258/300]	 Test acc=95.550
[2024-03-01 19:07:38,260][main_training_parallel.py][line:179][INFO] Best Test acc=95.550
[2024-03-01 19:09:12,045][main_training_parallel.py][line:170][INFO] Epoch:[259/300]	 loss=155.30681	 acc=93.148
[2024-03-01 19:09:21,543][main_training_parallel.py][line:173][INFO] Epoch:[259/300]	 Test acc=95.230
[2024-03-01 19:09:21,543][main_training_parallel.py][line:179][INFO] Best Test acc=95.550
[2024-03-01 19:10:52,564][main_training_parallel.py][line:170][INFO] Epoch:[260/300]	 loss=154.04831	 acc=93.222
[2024-03-01 19:11:03,244][main_training_parallel.py][line:173][INFO] Epoch:[260/300]	 Test acc=95.420
[2024-03-01 19:11:03,244][main_training_parallel.py][line:179][INFO] Best Test acc=95.550
[2024-03-01 19:12:30,602][main_training_parallel.py][line:170][INFO] Epoch:[261/300]	 loss=151.63288	 acc=93.362
[2024-03-01 19:12:41,419][main_training_parallel.py][line:173][INFO] Epoch:[261/300]	 Test acc=95.410
[2024-03-01 19:12:41,420][main_training_parallel.py][line:179][INFO] Best Test acc=95.550
[2024-03-01 19:14:14,921][main_training_parallel.py][line:170][INFO] Epoch:[262/300]	 loss=155.33195	 acc=93.096
[2024-03-01 19:14:24,332][main_training_parallel.py][line:173][INFO] Epoch:[262/300]	 Test acc=95.390
[2024-03-01 19:14:24,333][main_training_parallel.py][line:179][INFO] Best Test acc=95.550
[2024-03-01 19:15:58,604][main_training_parallel.py][line:170][INFO] Epoch:[263/300]	 loss=153.90201	 acc=93.114
[2024-03-01 19:16:08,804][main_training_parallel.py][line:173][INFO] Epoch:[263/300]	 Test acc=95.440
[2024-03-01 19:16:08,805][main_training_parallel.py][line:179][INFO] Best Test acc=95.550
[2024-03-01 19:17:40,729][main_training_parallel.py][line:170][INFO] Epoch:[264/300]	 loss=154.29781	 acc=93.144
[2024-03-01 19:17:50,673][main_training_parallel.py][line:173][INFO] Epoch:[264/300]	 Test acc=95.460
[2024-03-01 19:17:50,674][main_training_parallel.py][line:179][INFO] Best Test acc=95.550
[2024-03-01 19:19:17,829][main_training_parallel.py][line:170][INFO] Epoch:[265/300]	 loss=154.47653	 acc=93.158
[2024-03-01 19:19:28,368][main_training_parallel.py][line:173][INFO] Epoch:[265/300]	 Test acc=95.480
[2024-03-01 19:19:28,368][main_training_parallel.py][line:179][INFO] Best Test acc=95.550
[2024-03-01 19:21:02,220][main_training_parallel.py][line:170][INFO] Epoch:[266/300]	 loss=154.09620	 acc=93.210
[2024-03-01 19:21:12,199][main_training_parallel.py][line:173][INFO] Epoch:[266/300]	 Test acc=95.190
[2024-03-01 19:21:12,199][main_training_parallel.py][line:179][INFO] Best Test acc=95.550
[2024-03-01 19:22:46,303][main_training_parallel.py][line:170][INFO] Epoch:[267/300]	 loss=151.53125	 acc=93.250
[2024-03-01 19:22:56,369][main_training_parallel.py][line:173][INFO] Epoch:[267/300]	 Test acc=95.370
[2024-03-01 19:22:56,370][main_training_parallel.py][line:179][INFO] Best Test acc=95.550
[2024-03-01 19:24:27,582][main_training_parallel.py][line:170][INFO] Epoch:[268/300]	 loss=153.53462	 acc=93.112
[2024-03-01 19:24:38,160][main_training_parallel.py][line:173][INFO] Epoch:[268/300]	 Test acc=95.340
[2024-03-01 19:24:38,160][main_training_parallel.py][line:179][INFO] Best Test acc=95.550
[2024-03-01 19:26:06,123][main_training_parallel.py][line:170][INFO] Epoch:[269/300]	 loss=149.16756	 acc=93.526
[2024-03-01 19:26:16,513][main_training_parallel.py][line:173][INFO] Epoch:[269/300]	 Test acc=95.300
[2024-03-01 19:26:16,514][main_training_parallel.py][line:179][INFO] Best Test acc=95.550
[2024-03-01 19:27:50,087][main_training_parallel.py][line:170][INFO] Epoch:[270/300]	 loss=152.96754	 acc=93.256
[2024-03-01 19:27:59,615][main_training_parallel.py][line:173][INFO] Epoch:[270/300]	 Test acc=95.450
[2024-03-01 19:27:59,616][main_training_parallel.py][line:179][INFO] Best Test acc=95.550
[2024-03-01 19:29:33,051][main_training_parallel.py][line:170][INFO] Epoch:[271/300]	 loss=150.19736	 acc=93.262
[2024-03-01 19:29:43,489][main_training_parallel.py][line:173][INFO] Epoch:[271/300]	 Test acc=95.520
[2024-03-01 19:29:43,490][main_training_parallel.py][line:179][INFO] Best Test acc=95.550
[2024-03-01 19:31:12,336][main_training_parallel.py][line:170][INFO] Epoch:[272/300]	 loss=150.67036	 acc=93.406
[2024-03-01 19:31:22,331][main_training_parallel.py][line:173][INFO] Epoch:[272/300]	 Test acc=95.360
[2024-03-01 19:31:22,332][main_training_parallel.py][line:179][INFO] Best Test acc=95.550
[2024-03-01 19:32:49,203][main_training_parallel.py][line:170][INFO] Epoch:[273/300]	 loss=151.61307	 acc=93.176
[2024-03-01 19:33:00,183][main_training_parallel.py][line:173][INFO] Epoch:[273/300]	 Test acc=95.320
[2024-03-01 19:33:00,184][main_training_parallel.py][line:179][INFO] Best Test acc=95.550
[2024-03-01 19:34:32,935][main_training_parallel.py][line:170][INFO] Epoch:[274/300]	 loss=152.27315	 acc=93.114
[2024-03-01 19:34:43,706][main_training_parallel.py][line:173][INFO] Epoch:[274/300]	 Test acc=95.260
[2024-03-01 19:34:43,707][main_training_parallel.py][line:179][INFO] Best Test acc=95.550
[2024-03-01 19:36:17,511][main_training_parallel.py][line:170][INFO] Epoch:[275/300]	 loss=151.41617	 acc=93.244
[2024-03-01 19:36:28,158][main_training_parallel.py][line:173][INFO] Epoch:[275/300]	 Test acc=95.460
[2024-03-01 19:36:28,158][main_training_parallel.py][line:179][INFO] Best Test acc=95.550
[2024-03-01 19:38:01,868][main_training_parallel.py][line:170][INFO] Epoch:[276/300]	 loss=148.82361	 acc=93.444
[2024-03-01 19:38:12,608][main_training_parallel.py][line:173][INFO] Epoch:[276/300]	 Test acc=95.260
[2024-03-01 19:38:12,608][main_training_parallel.py][line:179][INFO] Best Test acc=95.550
[2024-03-01 19:39:41,509][main_training_parallel.py][line:170][INFO] Epoch:[277/300]	 loss=151.66393	 acc=93.210
[2024-03-01 19:39:52,326][main_training_parallel.py][line:173][INFO] Epoch:[277/300]	 Test acc=95.530
[2024-03-01 19:39:52,327][main_training_parallel.py][line:179][INFO] Best Test acc=95.550
[2024-03-01 19:41:26,467][main_training_parallel.py][line:170][INFO] Epoch:[278/300]	 loss=151.46947	 acc=93.344
[2024-03-01 19:41:37,123][main_training_parallel.py][line:173][INFO] Epoch:[278/300]	 Test acc=95.540
[2024-03-01 19:41:37,124][main_training_parallel.py][line:179][INFO] Best Test acc=95.550
[2024-03-01 19:43:11,164][main_training_parallel.py][line:170][INFO] Epoch:[279/300]	 loss=150.83108	 acc=93.286
[2024-03-01 19:43:21,602][main_training_parallel.py][line:173][INFO] Epoch:[279/300]	 Test acc=95.450
[2024-03-01 19:43:21,603][main_training_parallel.py][line:179][INFO] Best Test acc=95.550
[2024-03-01 19:44:48,892][main_training_parallel.py][line:170][INFO] Epoch:[280/300]	 loss=148.11307	 acc=93.340
[2024-03-01 19:44:59,607][main_training_parallel.py][line:173][INFO] Epoch:[280/300]	 Test acc=95.420
[2024-03-01 19:44:59,608][main_training_parallel.py][line:179][INFO] Best Test acc=95.550
[2024-03-01 19:46:28,571][main_training_parallel.py][line:170][INFO] Epoch:[281/300]	 loss=153.31621	 acc=93.184
[2024-03-01 19:46:38,795][main_training_parallel.py][line:173][INFO] Epoch:[281/300]	 Test acc=95.440
[2024-03-01 19:46:38,796][main_training_parallel.py][line:179][INFO] Best Test acc=95.550
[2024-03-01 19:48:11,554][main_training_parallel.py][line:170][INFO] Epoch:[282/300]	 loss=151.97904	 acc=93.298
[2024-03-01 19:48:21,848][main_training_parallel.py][line:173][INFO] Epoch:[282/300]	 Test acc=95.300
[2024-03-01 19:48:21,848][main_training_parallel.py][line:179][INFO] Best Test acc=95.550
[2024-03-01 19:49:54,059][main_training_parallel.py][line:170][INFO] Epoch:[283/300]	 loss=148.83184	 acc=93.450
[2024-03-01 19:50:02,897][main_training_parallel.py][line:173][INFO] Epoch:[283/300]	 Test acc=95.510
[2024-03-01 19:50:02,897][main_training_parallel.py][line:179][INFO] Best Test acc=95.550
[2024-03-01 19:51:35,857][main_training_parallel.py][line:170][INFO] Epoch:[284/300]	 loss=149.17688	 acc=93.284
[2024-03-01 19:51:46,107][main_training_parallel.py][line:173][INFO] Epoch:[284/300]	 Test acc=95.300
[2024-03-01 19:51:46,107][main_training_parallel.py][line:179][INFO] Best Test acc=95.550
[2024-03-01 19:53:10,854][main_training_parallel.py][line:170][INFO] Epoch:[285/300]	 loss=151.13326	 acc=93.174
[2024-03-01 19:53:20,615][main_training_parallel.py][line:173][INFO] Epoch:[285/300]	 Test acc=95.510
[2024-03-01 19:53:20,615][main_training_parallel.py][line:179][INFO] Best Test acc=95.550
[2024-03-01 19:54:49,695][main_training_parallel.py][line:170][INFO] Epoch:[286/300]	 loss=150.67587	 acc=93.330
[2024-03-01 19:55:00,361][main_training_parallel.py][line:173][INFO] Epoch:[286/300]	 Test acc=95.410
[2024-03-01 19:55:00,362][main_training_parallel.py][line:179][INFO] Best Test acc=95.550
[2024-03-01 19:56:32,053][main_training_parallel.py][line:170][INFO] Epoch:[287/300]	 loss=151.36702	 acc=93.326
[2024-03-01 19:56:41,659][main_training_parallel.py][line:173][INFO] Epoch:[287/300]	 Test acc=95.380
[2024-03-01 19:56:41,660][main_training_parallel.py][line:179][INFO] Best Test acc=95.550
[2024-03-01 19:58:12,656][main_training_parallel.py][line:170][INFO] Epoch:[288/300]	 loss=150.74673	 acc=93.284
[2024-03-01 19:58:21,656][main_training_parallel.py][line:173][INFO] Epoch:[288/300]	 Test acc=95.420
[2024-03-01 19:58:21,657][main_training_parallel.py][line:179][INFO] Best Test acc=95.550
[2024-03-01 19:59:52,744][main_training_parallel.py][line:170][INFO] Epoch:[289/300]	 loss=151.59439	 acc=93.184
[2024-03-01 20:00:02,157][main_training_parallel.py][line:173][INFO] Epoch:[289/300]	 Test acc=95.130
[2024-03-01 20:00:02,158][main_training_parallel.py][line:179][INFO] Best Test acc=95.550
[2024-03-01 20:01:34,534][main_training_parallel.py][line:170][INFO] Epoch:[290/300]	 loss=154.54411	 acc=93.024
[2024-03-01 20:01:42,665][main_training_parallel.py][line:173][INFO] Epoch:[290/300]	 Test acc=95.270
[2024-03-01 20:01:42,666][main_training_parallel.py][line:179][INFO] Best Test acc=95.550
[2024-03-01 20:03:13,976][main_training_parallel.py][line:170][INFO] Epoch:[291/300]	 loss=146.65591	 acc=93.588
[2024-03-01 20:03:23,038][main_training_parallel.py][line:173][INFO] Epoch:[291/300]	 Test acc=95.460
[2024-03-01 20:03:23,039][main_training_parallel.py][line:179][INFO] Best Test acc=95.550
[2024-03-01 20:04:54,249][main_training_parallel.py][line:170][INFO] Epoch:[292/300]	 loss=149.12078	 acc=93.362
[2024-03-01 20:05:04,055][main_training_parallel.py][line:173][INFO] Epoch:[292/300]	 Test acc=95.310
[2024-03-01 20:05:04,056][main_training_parallel.py][line:179][INFO] Best Test acc=95.550
[2024-03-01 20:06:36,385][main_training_parallel.py][line:170][INFO] Epoch:[293/300]	 loss=152.41960	 acc=93.206
[2024-03-01 20:06:45,782][main_training_parallel.py][line:173][INFO] Epoch:[293/300]	 Test acc=95.300
[2024-03-01 20:06:45,783][main_training_parallel.py][line:179][INFO] Best Test acc=95.550
[2024-03-01 20:08:18,237][main_training_parallel.py][line:170][INFO] Epoch:[294/300]	 loss=152.52742	 acc=93.180
[2024-03-01 20:08:27,262][main_training_parallel.py][line:173][INFO] Epoch:[294/300]	 Test acc=95.440
[2024-03-01 20:08:27,262][main_training_parallel.py][line:179][INFO] Best Test acc=95.550
[2024-03-01 20:09:57,238][main_training_parallel.py][line:170][INFO] Epoch:[295/300]	 loss=152.78472	 acc=93.232
[2024-03-01 20:10:05,699][main_training_parallel.py][line:173][INFO] Epoch:[295/300]	 Test acc=95.410
[2024-03-01 20:10:05,700][main_training_parallel.py][line:179][INFO] Best Test acc=95.550
[2024-03-01 20:11:37,673][main_training_parallel.py][line:170][INFO] Epoch:[296/300]	 loss=146.22827	 acc=93.502
[2024-03-01 20:11:46,474][main_training_parallel.py][line:173][INFO] Epoch:[296/300]	 Test acc=95.330
[2024-03-01 20:11:46,474][main_training_parallel.py][line:179][INFO] Best Test acc=95.550
[2024-03-01 20:13:12,949][main_training_parallel.py][line:170][INFO] Epoch:[297/300]	 loss=147.68048	 acc=93.360
[2024-03-01 20:13:21,978][main_training_parallel.py][line:173][INFO] Epoch:[297/300]	 Test acc=95.430
[2024-03-01 20:13:21,978][main_training_parallel.py][line:179][INFO] Best Test acc=95.550
[2024-03-01 20:14:48,880][main_training_parallel.py][line:170][INFO] Epoch:[298/300]	 loss=153.75372	 acc=93.180
[2024-03-01 20:14:57,755][main_training_parallel.py][line:173][INFO] Epoch:[298/300]	 Test acc=95.300
[2024-03-01 20:14:57,755][main_training_parallel.py][line:179][INFO] Best Test acc=95.550
[2024-03-01 20:16:25,613][main_training_parallel.py][line:170][INFO] Epoch:[299/300]	 loss=147.25860	 acc=93.590
[2024-03-01 20:16:35,255][main_training_parallel.py][line:173][INFO] Epoch:[299/300]	 Test acc=95.450
[2024-03-01 20:16:35,255][main_training_parallel.py][line:179][INFO] Best Test acc=95.550
